{"/Users/pasitpromjan/Downloads/expedition-33/se-project-be-68-2-expedition33/server.js": {"path":"/Users/pasitpromjan/Downloads/expedition-33/se-project-be-68-2-expedition33/server.js","statementMap":{"0":{"start":{"line":1,"column":16},"end":{"line":1,"column":34}},"1":{"start":{"line":2,"column":15},"end":{"line":2,"column":32}},"2":{"start":{"line":3,"column":18},"end":{"line":3,"column":40}},"3":{"start":{"line":4,"column":21},"end":{"line":4,"column":45}},"4":{"start":{"line":5,"column":22},"end":{"line":5,"column":55}},"5":{"start":{"line":6,"column":15},"end":{"line":6,"column":32}},"6":{"start":{"line":7,"column":12},"end":{"line":7,"column":32}},"7":{"start":{"line":8,"column":18},"end":{"line":8,"column":47}},"8":{"start":{"line":9,"column":12},"end":{"line":9,"column":26}},"9":{"start":{"line":10,"column":21},"end":{"line":10,"column":45}},"10":{"start":{"line":11,"column":18},"end":{"line":11,"column":47}},"11":{"start":{"line":14,"column":0},"end":{"line":14,"column":47}},"12":{"start":{"line":17,"column":0},"end":{"line":19,"column":1}},"13":{"start":{"line":18,"column":1},"end":{"line":18,"column":13}},"14":{"start":{"line":22,"column":18},"end":{"line":22,"column":47}},"15":{"start":{"line":23,"column":13},"end":{"line":23,"column":37}},"16":{"start":{"line":24,"column":17},"end":{"line":24,"column":45}},"17":{"start":{"line":25,"column":17},"end":{"line":25,"column":45}},"18":{"start":{"line":27,"column":12},"end":{"line":27,"column":21}},"19":{"start":{"line":28,"column":13},"end":{"line":28,"column":28}},"20":{"start":{"line":30,"column":13},"end":{"line":30,"column":51}},"21":{"start":{"line":31,"column":13},"end":{"line":31,"column":37}},"22":{"start":{"line":34,"column":0},"end":{"line":34,"column":24}},"23":{"start":{"line":37,"column":0},"end":{"line":37,"column":36}},"24":{"start":{"line":40,"column":0},"end":{"line":40,"column":24}},"25":{"start":{"line":43,"column":0},"end":{"line":51,"column":3}},"26":{"start":{"line":44,"column":1},"end":{"line":49,"column":4}},"27":{"start":{"line":50,"column":1},"end":{"line":50,"column":8}},"28":{"start":{"line":54,"column":0},"end":{"line":54,"column":25}},"29":{"start":{"line":57,"column":0},"end":{"line":72,"column":2}},"30":{"start":{"line":75,"column":0},"end":{"line":75,"column":15}},"31":{"start":{"line":78,"column":16},"end":{"line":81,"column":2}},"32":{"start":{"line":82,"column":0},"end":{"line":82,"column":17}},"33":{"start":{"line":85,"column":0},"end":{"line":85,"column":15}},"34":{"start":{"line":88,"column":0},"end":{"line":88,"column":16}},"35":{"start":{"line":91,"column":20},"end":{"line":106,"column":2}},"36":{"start":{"line":108,"column":23},"end":{"line":115,"column":1}},"37":{"start":{"line":117,"column":0},"end":{"line":123,"column":1}},"38":{"start":{"line":118,"column":1},"end":{"line":122,"column":3}},"39":{"start":{"line":126,"column":0},"end":{"line":126,"column":40}},"40":{"start":{"line":127,"column":0},"end":{"line":127,"column":30}},"41":{"start":{"line":128,"column":0},"end":{"line":128,"column":38}},"42":{"start":{"line":129,"column":0},"end":{"line":129,"column":38}},"43":{"start":{"line":132,"column":0},"end":{"line":142,"column":1}},"44":{"start":{"line":133,"column":1},"end":{"line":141,"column":3}},"45":{"start":{"line":144,"column":0},"end":{"line":153,"column":3}},"46":{"start":{"line":145,"column":1},"end":{"line":145,"column":38}},"47":{"start":{"line":148,"column":1},"end":{"line":152,"column":2}},"48":{"start":{"line":149,"column":2},"end":{"line":149,"column":38}},"49":{"start":{"line":149,"column":21},"end":{"line":149,"column":36}},"50":{"start":{"line":151,"column":2},"end":{"line":151,"column":18}},"51":{"start":{"line":155,"column":0},"end":{"line":155,"column":21}}},"fnMap":{"0":{"name":"(anonymous_0)","decl":{"start":{"line":43,"column":8},"end":{"line":43,"column":9}},"loc":{"start":{"line":43,"column":28},"end":{"line":51,"column":1}},"line":43},"1":{"name":"(anonymous_1)","decl":{"start":{"line":144,"column":33},"end":{"line":144,"column":34}},"loc":{"start":{"line":144,"column":51},"end":{"line":153,"column":1}},"line":144},"2":{"name":"(anonymous_2)","decl":{"start":{"line":149,"column":15},"end":{"line":149,"column":16}},"loc":{"start":{"line":149,"column":21},"end":{"line":149,"column":36}},"line":149}},"branchMap":{"0":{"loc":{"start":{"line":17,"column":0},"end":{"line":19,"column":1}},"type":"if","locations":[{"start":{"line":17,"column":0},"end":{"line":19,"column":1}},{"start":{},"end":{}}],"line":17},"1":{"loc":{"start":{"line":30,"column":13},"end":{"line":30,"column":51}},"type":"binary-expr","locations":[{"start":{"line":30,"column":13},"end":{"line":30,"column":29}},{"start":{"line":30,"column":33},"end":{"line":30,"column":51}}],"line":30},"2":{"loc":{"start":{"line":31,"column":13},"end":{"line":31,"column":37}},"type":"binary-expr","locations":[{"start":{"line":31,"column":13},"end":{"line":31,"column":29}},{"start":{"line":31,"column":33},"end":{"line":31,"column":37}}],"line":31},"3":{"loc":{"start":{"line":117,"column":0},"end":{"line":123,"column":1}},"type":"if","locations":[{"start":{"line":117,"column":0},"end":{"line":123,"column":1}},{"start":{},"end":{}}],"line":117},"4":{"loc":{"start":{"line":132,"column":0},"end":{"line":142,"column":1}},"type":"if","locations":[{"start":{"line":132,"column":0},"end":{"line":142,"column":1}},{"start":{},"end":{}}],"line":132},"5":{"loc":{"start":{"line":148,"column":1},"end":{"line":152,"column":2}},"type":"if","locations":[{"start":{"line":148,"column":1},"end":{"line":152,"column":2}},{"start":{"line":150,"column":8},"end":{"line":152,"column":2}}],"line":148}},"s":{"0":2,"1":2,"2":2,"3":2,"4":2,"5":2,"6":2,"7":2,"8":2,"9":2,"10":2,"11":2,"12":2,"13":0,"14":2,"15":2,"16":2,"17":2,"18":2,"19":2,"20":2,"21":2,"22":2,"23":2,"24":2,"25":2,"26":13,"27":13,"28":2,"29":2,"30":2,"31":2,"32":2,"33":2,"34":2,"35":2,"36":2,"37":2,"38":2,"39":2,"40":2,"41":2,"42":2,"43":2,"44":0,"45":2,"46":0,"47":0,"48":0,"49":0,"50":0,"51":2},"f":{"0":13,"1":0,"2":0},"b":{"0":[0,2],"1":[2,2],"2":[2,2],"3":[2,0],"4":[0,2],"5":[0,0]},"_coverageSchema":"1a1c01bbd47fc00a2c39e90264f33305004495a9","hash":"05cef654696240386a019a3aa7970bc938ca8c6f"}
,"/Users/pasitpromjan/Downloads/expedition-33/se-project-be-68-2-expedition33/config/cloudinary.js": {"path":"/Users/pasitpromjan/Downloads/expedition-33/se-project-be-68-2-expedition33/config/cloudinary.js","statementMap":{"0":{"start":{"line":1,"column":19},"end":{"line":1,"column":43}},"1":{"start":{"line":3,"column":0},"end":{"line":7,"column":3}},"2":{"start":{"line":9,"column":0},"end":{"line":9,"column":28}}},"fnMap":{},"branchMap":{},"s":{"0":1,"1":1,"2":1},"f":{},"b":{},"_coverageSchema":"1a1c01bbd47fc00a2c39e90264f33305004495a9","hash":"fc22e2e29dc20b3021fd936cd1b6b512ce5891db"}
,"/Users/pasitpromjan/Downloads/expedition-33/se-project-be-68-2-expedition33/config/db.js": {"path":"/Users/pasitpromjan/Downloads/expedition-33/se-project-be-68-2-expedition33/config/db.js","statementMap":{"0":{"start":{"line":1,"column":17},"end":{"line":1,"column":36}},"1":{"start":{"line":3,"column":18},"end":{"line":8,"column":1}},"2":{"start":{"line":4,"column":1},"end":{"line":4,"column":35}},"3":{"start":{"line":5,"column":14},"end":{"line":5,"column":61}},"4":{"start":{"line":7,"column":1},"end":{"line":7,"column":59}},"5":{"start":{"line":10,"column":0},"end":{"line":10,"column":27}}},"fnMap":{"0":{"name":"(anonymous_0)","decl":{"start":{"line":3,"column":18},"end":{"line":3,"column":19}},"loc":{"start":{"line":3,"column":30},"end":{"line":8,"column":1}},"line":3}},"branchMap":{},"s":{"0":2,"1":2,"2":0,"3":0,"4":0,"5":2},"f":{"0":0},"b":{},"_coverageSchema":"1a1c01bbd47fc00a2c39e90264f33305004495a9","hash":"f099fe759575d8246496be82e3d46fcf323db698"}
,"/Users/pasitpromjan/Downloads/expedition-33/se-project-be-68-2-expedition33/controllers/auth.js": {"path":"/Users/pasitpromjan/Downloads/expedition-33/se-project-be-68-2-expedition33/controllers/auth.js","statementMap":{"0":{"start":{"line":1,"column":13},"end":{"line":1,"column":38}},"1":{"start":{"line":2,"column":16},"end":{"line":2,"column":44}},"2":{"start":{"line":5,"column":26},"end":{"line":24,"column":1}},"3":{"start":{"line":7,"column":15},"end":{"line":7,"column":39}},"4":{"start":{"line":9,"column":17},"end":{"line":14,"column":2}},"5":{"start":{"line":16,"column":1},"end":{"line":18,"column":2}},"6":{"start":{"line":17,"column":2},"end":{"line":17,"column":24}},"7":{"start":{"line":20,"column":1},"end":{"line":23,"column":4}},"8":{"start":{"line":29,"column":0},"end":{"line":53,"column":2}},"9":{"start":{"line":30,"column":1},"end":{"line":52,"column":2}},"10":{"start":{"line":31,"column":47},"end":{"line":31,"column":55}},"11":{"start":{"line":34,"column":15},"end":{"line":40,"column":4}},"12":{"start":{"line":42,"column":2},"end":{"line":42,"column":36}},"13":{"start":{"line":44,"column":2},"end":{"line":45,"column":69}},"14":{"start":{"line":45,"column":3},"end":{"line":45,"column":69}},"15":{"start":{"line":46,"column":2},"end":{"line":50,"column":6}},"16":{"start":{"line":47,"column":3},"end":{"line":50,"column":6}},"17":{"start":{"line":51,"column":2},"end":{"line":51,"column":43}},"18":{"start":{"line":58,"column":0},"end":{"line":81,"column":2}},"19":{"start":{"line":59,"column":29},"end":{"line":59,"column":37}},"20":{"start":{"line":62,"column":1},"end":{"line":66,"column":2}},"21":{"start":{"line":63,"column":2},"end":{"line":65,"column":74}},"22":{"start":{"line":69,"column":14},"end":{"line":69,"column":63}},"23":{"start":{"line":70,"column":1},"end":{"line":72,"column":2}},"24":{"start":{"line":71,"column":2},"end":{"line":71,"column":78}},"25":{"start":{"line":75,"column":17},"end":{"line":75,"column":51}},"26":{"start":{"line":76,"column":1},"end":{"line":78,"column":2}},"27":{"start":{"line":77,"column":2},"end":{"line":77,"column":78}},"28":{"start":{"line":80,"column":1},"end":{"line":80,"column":35}},"29":{"start":{"line":86,"column":0},"end":{"line":114,"column":2}},"30":{"start":{"line":87,"column":1},"end":{"line":113,"column":2}},"31":{"start":{"line":89,"column":18},"end":{"line":89,"column":50}},"32":{"start":{"line":91,"column":2},"end":{"line":93,"column":3}},"33":{"start":{"line":92,"column":3},"end":{"line":92,"column":74}},"34":{"start":{"line":96,"column":15},"end":{"line":96,"column":33}},"35":{"start":{"line":98,"column":2},"end":{"line":104,"column":3}},"36":{"start":{"line":99,"column":22},"end":{"line":101,"column":31}},"37":{"start":{"line":103,"column":3},"end":{"line":103,"column":64}},"38":{"start":{"line":106,"column":2},"end":{"line":109,"column":5}},"39":{"start":{"line":111,"column":2},"end":{"line":111,"column":64}},"40":{"start":{"line":112,"column":2},"end":{"line":112,"column":19}},"41":{"start":{"line":119,"column":0},"end":{"line":129,"column":2}},"42":{"start":{"line":120,"column":1},"end":{"line":123,"column":4}},"43":{"start":{"line":125,"column":1},"end":{"line":128,"column":4}}},"fnMap":{"0":{"name":"(anonymous_0)","decl":{"start":{"line":5,"column":26},"end":{"line":5,"column":27}},"loc":{"start":{"line":5,"column":53},"end":{"line":24,"column":1}},"line":5},"1":{"name":"(anonymous_1)","decl":{"start":{"line":29,"column":19},"end":{"line":29,"column":20}},"loc":{"start":{"line":29,"column":39},"end":{"line":53,"column":1}},"line":29},"2":{"name":"(anonymous_2)","decl":{"start":{"line":58,"column":16},"end":{"line":58,"column":17}},"loc":{"start":{"line":58,"column":36},"end":{"line":81,"column":1}},"line":58},"3":{"name":"(anonymous_3)","decl":{"start":{"line":86,"column":16},"end":{"line":86,"column":17}},"loc":{"start":{"line":86,"column":42},"end":{"line":114,"column":1}},"line":86},"4":{"name":"(anonymous_4)","decl":{"start":{"line":119,"column":17},"end":{"line":119,"column":18}},"loc":{"start":{"line":119,"column":43},"end":{"line":129,"column":1}},"line":119}},"branchMap":{"0":{"loc":{"start":{"line":16,"column":1},"end":{"line":18,"column":2}},"type":"if","locations":[{"start":{"line":16,"column":1},"end":{"line":18,"column":2}},{"start":{},"end":{}}],"line":16},"1":{"loc":{"start":{"line":44,"column":2},"end":{"line":45,"column":69}},"type":"if","locations":[{"start":{"line":44,"column":2},"end":{"line":45,"column":69}},{"start":{},"end":{}}],"line":44},"2":{"loc":{"start":{"line":46,"column":2},"end":{"line":50,"column":6}},"type":"if","locations":[{"start":{"line":46,"column":2},"end":{"line":50,"column":6}},{"start":{},"end":{}}],"line":46},"3":{"loc":{"start":{"line":62,"column":1},"end":{"line":66,"column":2}},"type":"if","locations":[{"start":{"line":62,"column":1},"end":{"line":66,"column":2}},{"start":{},"end":{}}],"line":62},"4":{"loc":{"start":{"line":62,"column":5},"end":{"line":62,"column":24}},"type":"binary-expr","locations":[{"start":{"line":62,"column":5},"end":{"line":62,"column":11}},{"start":{"line":62,"column":15},"end":{"line":62,"column":24}}],"line":62},"5":{"loc":{"start":{"line":70,"column":1},"end":{"line":72,"column":2}},"type":"if","locations":[{"start":{"line":70,"column":1},"end":{"line":72,"column":2}},{"start":{},"end":{}}],"line":70},"6":{"loc":{"start":{"line":76,"column":1},"end":{"line":78,"column":2}},"type":"if","locations":[{"start":{"line":76,"column":1},"end":{"line":78,"column":2}},{"start":{},"end":{}}],"line":76},"7":{"loc":{"start":{"line":91,"column":2},"end":{"line":93,"column":3}},"type":"if","locations":[{"start":{"line":91,"column":2},"end":{"line":93,"column":3}},{"start":{},"end":{}}],"line":91},"8":{"loc":{"start":{"line":98,"column":2},"end":{"line":104,"column":3}},"type":"if","locations":[{"start":{"line":98,"column":2},"end":{"line":104,"column":3}},{"start":{},"end":{}}],"line":98},"9":{"loc":{"start":{"line":103,"column":22},"end":{"line":103,"column":63}},"type":"cond-expr","locations":[{"start":{"line":103,"column":35},"end":{"line":103,"column":56}},{"start":{"line":103,"column":59},"end":{"line":103,"column":63}}],"line":103}},"s":{"0":3,"1":3,"2":3,"3":6,"4":6,"5":6,"6":1,"7":6,"8":3,"9":6,"10":6,"11":6,"12":3,"13":3,"14":1,"15":2,"16":1,"17":1,"18":3,"19":6,"20":6,"21":1,"22":5,"23":5,"24":1,"25":4,"26":4,"27":1,"28":3,"29":3,"30":5,"31":5,"32":4,"33":1,"34":3,"35":3,"36":2,"37":2,"38":3,"39":1,"40":1,"41":3,"42":2,"43":2},"f":{"0":6,"1":6,"2":6,"3":5,"4":2},"b":{"0":[1,5],"1":[1,2],"2":[1,1],"3":[1,5],"4":[6,6],"5":[1,4],"6":[1,3],"7":[1,3],"8":[2,1],"9":[1,1]},"_coverageSchema":"1a1c01bbd47fc00a2c39e90264f33305004495a9","hash":"c9828e21000b6ea4961e32f22f68970cd12d6df6"}
,"/Users/pasitpromjan/Downloads/expedition-33/se-project-be-68-2-expedition33/controllers/bookings.js": {"path":"/Users/pasitpromjan/Downloads/expedition-33/se-project-be-68-2-expedition33/controllers/bookings.js","statementMap":{"0":{"start":{"line":1,"column":16},"end":{"line":1,"column":44}},"1":{"start":{"line":2,"column":16},"end":{"line":2,"column":44}},"2":{"start":{"line":5,"column":19},"end":{"line":5,"column":41}},"3":{"start":{"line":6,"column":17},"end":{"line":6,"column":39}},"4":{"start":{"line":9,"column":27},"end":{"line":9,"column":75}},"5":{"start":{"line":9,"column":37},"end":{"line":9,"column":75}},"6":{"start":{"line":10,"column":23},"end":{"line":30,"column":1}},"7":{"start":{"line":11,"column":1},"end":{"line":11,"column":34}},"8":{"start":{"line":11,"column":21},"end":{"line":11,"column":34}},"9":{"start":{"line":13,"column":1},"end":{"line":13,"column":40}},"10":{"start":{"line":13,"column":28},"end":{"line":13,"column":40}},"11":{"start":{"line":15,"column":1},"end":{"line":27,"column":2}},"12":{"start":{"line":16,"column":18},"end":{"line":16,"column":68}},"13":{"start":{"line":18,"column":2},"end":{"line":20,"column":3}},"14":{"start":{"line":19,"column":3},"end":{"line":19,"column":16}},"15":{"start":{"line":22,"column":27},"end":{"line":24,"column":14}},"16":{"start":{"line":26,"column":2},"end":{"line":26,"column":41}},"17":{"start":{"line":29,"column":1},"end":{"line":29,"column":44}},"18":{"start":{"line":31,"column":26},"end":{"line":43,"column":1}},"19":{"start":{"line":32,"column":1},"end":{"line":40,"column":2}},"20":{"start":{"line":33,"column":2},"end":{"line":33,"column":49}},"21":{"start":{"line":33,"column":17},"end":{"line":33,"column":49}},"22":{"start":{"line":34,"column":8},"end":{"line":40,"column":2}},"23":{"start":{"line":35,"column":18},"end":{"line":35,"column":72}},"24":{"start":{"line":36,"column":2},"end":{"line":36,"column":28}},"25":{"start":{"line":36,"column":16},"end":{"line":36,"column":28}},"26":{"start":{"line":37,"column":2},"end":{"line":37,"column":35}},"27":{"start":{"line":39,"column":2},"end":{"line":39,"column":33}},"28":{"start":{"line":42,"column":1},"end":{"line":42,"column":20}},"29":{"start":{"line":44,"column":24},"end":{"line":52,"column":1}},"30":{"start":{"line":53,"column":21},"end":{"line":53,"column":59}},"31":{"start":{"line":58,"column":0},"end":{"line":146,"column":2}},"32":{"start":{"line":60,"column":18},"end":{"line":60,"column":34}},"33":{"start":{"line":63,"column":22},"end":{"line":63,"column":57}},"34":{"start":{"line":64,"column":1},"end":{"line":64,"column":57}},"35":{"start":{"line":64,"column":33},"end":{"line":64,"column":55}},"36":{"start":{"line":67,"column":16},"end":{"line":67,"column":40}},"37":{"start":{"line":68,"column":1},"end":{"line":71,"column":3}},"38":{"start":{"line":70,"column":13},"end":{"line":70,"column":24}},"39":{"start":{"line":72,"column":21},"end":{"line":72,"column":41}},"40":{"start":{"line":74,"column":1},"end":{"line":145,"column":2}},"41":{"start":{"line":75,"column":24},"end":{"line":79,"column":3}},"42":{"start":{"line":81,"column":2},"end":{"line":86,"column":3}},"43":{"start":{"line":82,"column":3},"end":{"line":85,"column":6}},"44":{"start":{"line":88,"column":14},"end":{"line":90,"column":26}},"45":{"start":{"line":93,"column":2},"end":{"line":96,"column":3}},"46":{"start":{"line":94,"column":18},"end":{"line":94,"column":55}},"47":{"start":{"line":95,"column":3},"end":{"line":95,"column":32}},"48":{"start":{"line":98,"column":2},"end":{"line":103,"column":3}},"49":{"start":{"line":99,"column":18},"end":{"line":99,"column":53}},"50":{"start":{"line":100,"column":3},"end":{"line":100,"column":30}},"51":{"start":{"line":102,"column":3},"end":{"line":102,"column":36}},"52":{"start":{"line":106,"column":15},"end":{"line":106,"column":55}},"53":{"start":{"line":107,"column":16},"end":{"line":107,"column":58}},"54":{"start":{"line":108,"column":21},"end":{"line":108,"column":39}},"55":{"start":{"line":109,"column":19},"end":{"line":109,"column":31}},"56":{"start":{"line":110,"column":16},"end":{"line":110,"column":59}},"57":{"start":{"line":112,"column":2},"end":{"line":112,"column":46}},"58":{"start":{"line":113,"column":19},"end":{"line":113,"column":30}},"59":{"start":{"line":116,"column":21},"end":{"line":116,"column":23}},"60":{"start":{"line":118,"column":2},"end":{"line":123,"column":3}},"61":{"start":{"line":119,"column":3},"end":{"line":122,"column":5}},"62":{"start":{"line":125,"column":2},"end":{"line":130,"column":3}},"63":{"start":{"line":126,"column":3},"end":{"line":129,"column":5}},"64":{"start":{"line":132,"column":2},"end":{"line":137,"column":5}},"65":{"start":{"line":139,"column":2},"end":{"line":142,"column":57}},"66":{"start":{"line":140,"column":3},"end":{"line":142,"column":57}},"67":{"start":{"line":143,"column":2},"end":{"line":143,"column":71}},"68":{"start":{"line":144,"column":2},"end":{"line":144,"column":19}},"69":{"start":{"line":151,"column":0},"end":{"line":178,"column":2}},"70":{"start":{"line":152,"column":1},"end":{"line":177,"column":2}},"71":{"start":{"line":153,"column":18},"end":{"line":155,"column":26}},"72":{"start":{"line":157,"column":2},"end":{"line":162,"column":3}},"73":{"start":{"line":158,"column":3},"end":{"line":161,"column":6}},"74":{"start":{"line":165,"column":23},"end":{"line":165,"column":62}},"75":{"start":{"line":166,"column":2},"end":{"line":171,"column":3}},"76":{"start":{"line":167,"column":3},"end":{"line":170,"column":6}},"77":{"start":{"line":173,"column":2},"end":{"line":173,"column":57}},"78":{"start":{"line":175,"column":2},"end":{"line":175,"column":71}},"79":{"start":{"line":176,"column":2},"end":{"line":176,"column":19}},"80":{"start":{"line":183,"column":0},"end":{"line":225,"column":2}},"81":{"start":{"line":184,"column":1},"end":{"line":224,"column":2}},"82":{"start":{"line":185,"column":18},"end":{"line":185,"column":62}},"83":{"start":{"line":187,"column":2},"end":{"line":192,"column":3}},"84":{"start":{"line":188,"column":3},"end":{"line":191,"column":6}},"85":{"start":{"line":194,"column":2},"end":{"line":199,"column":3}},"86":{"start":{"line":195,"column":3},"end":{"line":198,"column":6}},"87":{"start":{"line":201,"column":2},"end":{"line":210,"column":3}},"88":{"start":{"line":202,"column":17},"end":{"line":202,"column":68}},"89":{"start":{"line":204,"column":3},"end":{"line":209,"column":4}},"90":{"start":{"line":205,"column":4},"end":{"line":208,"column":7}},"91":{"start":{"line":212,"column":18},"end":{"line":216,"column":4}},"92":{"start":{"line":218,"column":2},"end":{"line":218,"column":57}},"93":{"start":{"line":220,"column":2},"end":{"line":221,"column":69}},"94":{"start":{"line":221,"column":3},"end":{"line":221,"column":69}},"95":{"start":{"line":222,"column":2},"end":{"line":222,"column":73}},"96":{"start":{"line":223,"column":2},"end":{"line":223,"column":19}},"97":{"start":{"line":230,"column":0},"end":{"line":276,"column":2}},"98":{"start":{"line":231,"column":1},"end":{"line":275,"column":2}},"99":{"start":{"line":232,"column":16},"end":{"line":232,"column":53}},"100":{"start":{"line":234,"column":2},"end":{"line":239,"column":3}},"101":{"start":{"line":235,"column":3},"end":{"line":238,"column":6}},"102":{"start":{"line":241,"column":23},"end":{"line":241,"column":62}},"103":{"start":{"line":242,"column":2},"end":{"line":247,"column":3}},"104":{"start":{"line":243,"column":3},"end":{"line":246,"column":6}},"105":{"start":{"line":250,"column":2},"end":{"line":258,"column":3}},"106":{"start":{"line":251,"column":19},"end":{"line":251,"column":49}},"107":{"start":{"line":252,"column":3},"end":{"line":257,"column":4}},"108":{"start":{"line":253,"column":4},"end":{"line":256,"column":7}},"109":{"start":{"line":260,"column":2},"end":{"line":263,"column":5}},"110":{"start":{"line":265,"column":2},"end":{"line":265,"column":57}},"111":{"start":{"line":267,"column":2},"end":{"line":268,"column":69}},"112":{"start":{"line":268,"column":3},"end":{"line":268,"column":69}},"113":{"start":{"line":269,"column":2},"end":{"line":272,"column":57}},"114":{"start":{"line":270,"column":3},"end":{"line":272,"column":57}},"115":{"start":{"line":273,"column":2},"end":{"line":273,"column":73}},"116":{"start":{"line":274,"column":2},"end":{"line":274,"column":19}},"117":{"start":{"line":281,"column":0},"end":{"line":307,"column":2}},"118":{"start":{"line":282,"column":1},"end":{"line":306,"column":2}},"119":{"start":{"line":283,"column":18},"end":{"line":283,"column":55}},"120":{"start":{"line":285,"column":2},"end":{"line":290,"column":3}},"121":{"start":{"line":286,"column":3},"end":{"line":289,"column":6}},"122":{"start":{"line":292,"column":23},"end":{"line":292,"column":62}},"123":{"start":{"line":293,"column":2},"end":{"line":298,"column":3}},"124":{"start":{"line":294,"column":3},"end":{"line":297,"column":6}},"125":{"start":{"line":300,"column":2},"end":{"line":300,"column":28}},"126":{"start":{"line":302,"column":2},"end":{"line":302,"column":52}},"127":{"start":{"line":304,"column":2},"end":{"line":304,"column":73}},"128":{"start":{"line":305,"column":2},"end":{"line":305,"column":19}}},"fnMap":{"0":{"name":"(anonymous_0)","decl":{"start":{"line":9,"column":27},"end":{"line":9,"column":28}},"loc":{"start":{"line":9,"column":37},"end":{"line":9,"column":75}},"line":9},"1":{"name":"(anonymous_1)","decl":{"start":{"line":10,"column":23},"end":{"line":10,"column":24}},"loc":{"start":{"line":10,"column":48},"end":{"line":30,"column":1}},"line":10},"2":{"name":"(anonymous_2)","decl":{"start":{"line":31,"column":26},"end":{"line":31,"column":27}},"loc":{"start":{"line":31,"column":65},"end":{"line":43,"column":1}},"line":31},"3":{"name":"(anonymous_3)","decl":{"start":{"line":58,"column":22},"end":{"line":58,"column":23}},"loc":{"start":{"line":58,"column":48},"end":{"line":146,"column":1}},"line":58},"4":{"name":"(anonymous_4)","decl":{"start":{"line":64,"column":22},"end":{"line":64,"column":23}},"loc":{"start":{"line":64,"column":33},"end":{"line":64,"column":55}},"line":64},"5":{"name":"(anonymous_5)","decl":{"start":{"line":70,"column":2},"end":{"line":70,"column":3}},"loc":{"start":{"line":70,"column":13},"end":{"line":70,"column":24}},"line":70},"6":{"name":"(anonymous_6)","decl":{"start":{"line":151,"column":21},"end":{"line":151,"column":22}},"loc":{"start":{"line":151,"column":47},"end":{"line":178,"column":1}},"line":151},"7":{"name":"(anonymous_7)","decl":{"start":{"line":183,"column":21},"end":{"line":183,"column":22}},"loc":{"start":{"line":183,"column":47},"end":{"line":225,"column":1}},"line":183},"8":{"name":"(anonymous_8)","decl":{"start":{"line":230,"column":24},"end":{"line":230,"column":25}},"loc":{"start":{"line":230,"column":50},"end":{"line":276,"column":1}},"line":230},"9":{"name":"(anonymous_9)","decl":{"start":{"line":281,"column":24},"end":{"line":281,"column":25}},"loc":{"start":{"line":281,"column":50},"end":{"line":307,"column":1}},"line":281}},"branchMap":{"0":{"loc":{"start":{"line":9,"column":37},"end":{"line":9,"column":75}},"type":"binary-expr","locations":[{"start":{"line":9,"column":37},"end":{"line":9,"column":55}},{"start":{"line":9,"column":59},"end":{"line":9,"column":75}}],"line":9},"1":{"loc":{"start":{"line":11,"column":1},"end":{"line":11,"column":34}},"type":"if","locations":[{"start":{"line":11,"column":1},"end":{"line":11,"column":34}},{"start":{},"end":{}}],"line":11},"2":{"loc":{"start":{"line":13,"column":1},"end":{"line":13,"column":40}},"type":"if","locations":[{"start":{"line":13,"column":1},"end":{"line":13,"column":40}},{"start":{},"end":{}}],"line":13},"3":{"loc":{"start":{"line":15,"column":1},"end":{"line":27,"column":2}},"type":"if","locations":[{"start":{"line":15,"column":1},"end":{"line":27,"column":2}},{"start":{},"end":{}}],"line":15},"4":{"loc":{"start":{"line":18,"column":2},"end":{"line":20,"column":3}},"type":"if","locations":[{"start":{"line":18,"column":2},"end":{"line":20,"column":3}},{"start":{},"end":{}}],"line":18},"5":{"loc":{"start":{"line":23,"column":3},"end":{"line":23,"column":41}},"type":"binary-expr","locations":[{"start":{"line":23,"column":3},"end":{"line":23,"column":22}},{"start":{"line":23,"column":26},"end":{"line":23,"column":41}}],"line":23},"6":{"loc":{"start":{"line":32,"column":1},"end":{"line":40,"column":2}},"type":"if","locations":[{"start":{"line":32,"column":1},"end":{"line":40,"column":2}},{"start":{"line":34,"column":8},"end":{"line":40,"column":2}}],"line":32},"7":{"loc":{"start":{"line":33,"column":2},"end":{"line":33,"column":49}},"type":"if","locations":[{"start":{"line":33,"column":2},"end":{"line":33,"column":49}},{"start":{},"end":{}}],"line":33},"8":{"loc":{"start":{"line":34,"column":8},"end":{"line":40,"column":2}},"type":"if","locations":[{"start":{"line":34,"column":8},"end":{"line":40,"column":2}},{"start":{"line":38,"column":8},"end":{"line":40,"column":2}}],"line":34},"9":{"loc":{"start":{"line":36,"column":2},"end":{"line":36,"column":28}},"type":"if","locations":[{"start":{"line":36,"column":2},"end":{"line":36,"column":28}},{"start":{},"end":{}}],"line":36},"10":{"loc":{"start":{"line":81,"column":2},"end":{"line":86,"column":3}},"type":"if","locations":[{"start":{"line":81,"column":2},"end":{"line":86,"column":3}},{"start":{},"end":{}}],"line":81},"11":{"loc":{"start":{"line":93,"column":2},"end":{"line":96,"column":3}},"type":"if","locations":[{"start":{"line":93,"column":2},"end":{"line":96,"column":3}},{"start":{},"end":{}}],"line":93},"12":{"loc":{"start":{"line":98,"column":2},"end":{"line":103,"column":3}},"type":"if","locations":[{"start":{"line":98,"column":2},"end":{"line":103,"column":3}},{"start":{"line":101,"column":9},"end":{"line":103,"column":3}}],"line":98},"13":{"loc":{"start":{"line":106,"column":15},"end":{"line":106,"column":55}},"type":"binary-expr","locations":[{"start":{"line":106,"column":15},"end":{"line":106,"column":50}},{"start":{"line":106,"column":54},"end":{"line":106,"column":55}}],"line":106},"14":{"loc":{"start":{"line":107,"column":16},"end":{"line":107,"column":58}},"type":"binary-expr","locations":[{"start":{"line":107,"column":16},"end":{"line":107,"column":52}},{"start":{"line":107,"column":56},"end":{"line":107,"column":58}}],"line":107},"15":{"loc":{"start":{"line":118,"column":2},"end":{"line":123,"column":3}},"type":"if","locations":[{"start":{"line":118,"column":2},"end":{"line":123,"column":3}},{"start":{},"end":{}}],"line":118},"16":{"loc":{"start":{"line":125,"column":2},"end":{"line":130,"column":3}},"type":"if","locations":[{"start":{"line":125,"column":2},"end":{"line":130,"column":3}},{"start":{},"end":{}}],"line":125},"17":{"loc":{"start":{"line":139,"column":2},"end":{"line":142,"column":57}},"type":"if","locations":[{"start":{"line":139,"column":2},"end":{"line":142,"column":57}},{"start":{},"end":{}}],"line":139},"18":{"loc":{"start":{"line":157,"column":2},"end":{"line":162,"column":3}},"type":"if","locations":[{"start":{"line":157,"column":2},"end":{"line":162,"column":3}},{"start":{},"end":{}}],"line":157},"19":{"loc":{"start":{"line":166,"column":2},"end":{"line":171,"column":3}},"type":"if","locations":[{"start":{"line":166,"column":2},"end":{"line":171,"column":3}},{"start":{},"end":{}}],"line":166},"20":{"loc":{"start":{"line":187,"column":2},"end":{"line":192,"column":3}},"type":"if","locations":[{"start":{"line":187,"column":2},"end":{"line":192,"column":3}},{"start":{},"end":{}}],"line":187},"21":{"loc":{"start":{"line":194,"column":2},"end":{"line":199,"column":3}},"type":"if","locations":[{"start":{"line":194,"column":2},"end":{"line":199,"column":3}},{"start":{},"end":{}}],"line":194},"22":{"loc":{"start":{"line":201,"column":2},"end":{"line":210,"column":3}},"type":"if","locations":[{"start":{"line":201,"column":2},"end":{"line":210,"column":3}},{"start":{},"end":{}}],"line":201},"23":{"loc":{"start":{"line":204,"column":3},"end":{"line":209,"column":4}},"type":"if","locations":[{"start":{"line":204,"column":3},"end":{"line":209,"column":4}},{"start":{},"end":{}}],"line":204},"24":{"loc":{"start":{"line":220,"column":2},"end":{"line":221,"column":69}},"type":"if","locations":[{"start":{"line":220,"column":2},"end":{"line":221,"column":69}},{"start":{},"end":{}}],"line":220},"25":{"loc":{"start":{"line":234,"column":2},"end":{"line":239,"column":3}},"type":"if","locations":[{"start":{"line":234,"column":2},"end":{"line":239,"column":3}},{"start":{},"end":{}}],"line":234},"26":{"loc":{"start":{"line":242,"column":2},"end":{"line":247,"column":3}},"type":"if","locations":[{"start":{"line":242,"column":2},"end":{"line":247,"column":3}},{"start":{},"end":{}}],"line":242},"27":{"loc":{"start":{"line":250,"column":2},"end":{"line":258,"column":3}},"type":"if","locations":[{"start":{"line":250,"column":2},"end":{"line":258,"column":3}},{"start":{},"end":{}}],"line":250},"28":{"loc":{"start":{"line":252,"column":3},"end":{"line":257,"column":4}},"type":"if","locations":[{"start":{"line":252,"column":3},"end":{"line":257,"column":4}},{"start":{},"end":{}}],"line":252},"29":{"loc":{"start":{"line":267,"column":2},"end":{"line":268,"column":69}},"type":"if","locations":[{"start":{"line":267,"column":2},"end":{"line":268,"column":69}},{"start":{},"end":{}}],"line":267},"30":{"loc":{"start":{"line":269,"column":2},"end":{"line":272,"column":57}},"type":"if","locations":[{"start":{"line":269,"column":2},"end":{"line":272,"column":57}},{"start":{},"end":{}}],"line":269},"31":{"loc":{"start":{"line":285,"column":2},"end":{"line":290,"column":3}},"type":"if","locations":[{"start":{"line":285,"column":2},"end":{"line":290,"column":3}},{"start":{},"end":{}}],"line":285},"32":{"loc":{"start":{"line":293,"column":2},"end":{"line":298,"column":3}},"type":"if","locations":[{"start":{"line":293,"column":2},"end":{"line":298,"column":3}},{"start":{},"end":{}}],"line":293}},"s":{"0":3,"1":3,"2":3,"3":3,"4":3,"5":8,"6":3,"7":17,"8":1,"9":16,"10":1,"11":15,"12":3,"13":3,"14":1,"15":2,"16":2,"17":12,"18":3,"19":9,"20":6,"21":1,"22":3,"23":2,"24":2,"25":1,"26":1,"27":1,"28":8,"29":3,"30":3,"31":3,"32":9,"33":9,"34":9,"35":36,"36":9,"37":9,"38":1,"39":9,"40":9,"41":9,"42":9,"43":1,"44":8,"45":8,"46":1,"47":1,"48":8,"49":1,"50":1,"51":7,"52":8,"53":8,"54":8,"55":8,"56":8,"57":6,"58":6,"59":6,"60":6,"61":1,"62":6,"63":1,"64":6,"65":2,"66":1,"67":1,"68":1,"69":3,"70":11,"71":11,"72":10,"73":1,"74":9,"75":9,"76":6,"77":3,"78":1,"79":1,"80":3,"81":8,"82":8,"83":7,"84":1,"85":6,"86":1,"87":5,"88":4,"89":4,"90":1,"91":4,"92":3,"93":2,"94":1,"95":1,"96":1,"97":3,"98":8,"99":8,"100":7,"101":1,"102":6,"103":6,"104":1,"105":5,"106":2,"107":2,"108":1,"109":4,"110":1,"111":4,"112":1,"113":3,"114":2,"115":1,"116":1,"117":3,"118":4,"119":4,"120":3,"121":1,"122":2,"123":2,"124":1,"125":1,"126":1,"127":1,"128":1},"f":{"0":8,"1":17,"2":9,"3":9,"4":36,"5":1,"6":11,"7":8,"8":8,"9":4},"b":{"0":[8,8],"1":[1,16],"2":[1,15],"3":[3,12],"4":[1,2],"5":[2,0],"6":[6,3],"7":[1,5],"8":[2,1],"9":[1,1],"10":[1,8],"11":[1,7],"12":[1,7],"13":[8,7],"14":[8,7],"15":[1,5],"16":[1,5],"17":[1,1],"18":[1,9],"19":[6,3],"20":[1,6],"21":[1,5],"22":[4,1],"23":[1,3],"24":[1,1],"25":[1,6],"26":[1,5],"27":[2,3],"28":[1,1],"29":[1,3],"30":[2,1],"31":[1,2],"32":[1,1]},"_coverageSchema":"1a1c01bbd47fc00a2c39e90264f33305004495a9","hash":"ba1ab9fd768933545235fd3f35398044ceeaa0c2"}
,"/Users/pasitpromjan/Downloads/expedition-33/se-project-be-68-2-expedition33/controllers/companies.js": {"path":"/Users/pasitpromjan/Downloads/expedition-33/se-project-be-68-2-expedition33/controllers/companies.js","statementMap":{"0":{"start":{"line":1,"column":17},"end":{"line":1,"column":36}},"1":{"start":{"line":2,"column":16},"end":{"line":2,"column":44}},"2":{"start":{"line":3,"column":16},"end":{"line":3,"column":44}},"3":{"start":{"line":4,"column":16},"end":{"line":4,"column":44}},"4":{"start":{"line":5,"column":13},"end":{"line":5,"column":38}},"5":{"start":{"line":6,"column":19},"end":{"line":6,"column":50}},"6":{"start":{"line":7,"column":21},"end":{"line":7,"column":43}},"7":{"start":{"line":10,"column":27},"end":{"line":27,"column":1}},"8":{"start":{"line":11,"column":1},"end":{"line":26,"column":4}},"9":{"start":{"line":12,"column":28},"end":{"line":24,"column":3}},"10":{"start":{"line":15,"column":4},"end":{"line":22,"column":5}},"11":{"start":{"line":16,"column":5},"end":{"line":19,"column":8}},"12":{"start":{"line":21,"column":5},"end":{"line":21,"column":58}},"13":{"start":{"line":25,"column":2},"end":{"line":25,"column":52}},"14":{"start":{"line":30,"column":27},"end":{"line":54,"column":1}},"15":{"start":{"line":31,"column":17},"end":{"line":31,"column":19}},"16":{"start":{"line":32,"column":22},"end":{"line":32,"column":24}},"17":{"start":{"line":34,"column":1},"end":{"line":34,"column":46}},"18":{"start":{"line":34,"column":13},"end":{"line":34,"column":46}},"19":{"start":{"line":37,"column":1},"end":{"line":41,"column":2}},"20":{"start":{"line":38,"column":14},"end":{"line":38,"column":69}},"21":{"start":{"line":39,"column":2},"end":{"line":39,"column":60}},"22":{"start":{"line":40,"column":2},"end":{"line":40,"column":35}},"23":{"start":{"line":44,"column":1},"end":{"line":51,"column":2}},"24":{"start":{"line":45,"column":2},"end":{"line":45,"column":25}},"25":{"start":{"line":46,"column":2},"end":{"line":50,"column":3}},"26":{"start":{"line":47,"column":15},"end":{"line":47,"column":65}},"27":{"start":{"line":48,"column":3},"end":{"line":48,"column":70}},"28":{"start":{"line":49,"column":3},"end":{"line":49,"column":36}},"29":{"start":{"line":53,"column":1},"end":{"line":53,"column":34}},"30":{"start":{"line":57,"column":26},"end":{"line":95,"column":1}},"31":{"start":{"line":63,"column":19},"end":{"line":65,"column":16}},"32":{"start":{"line":66,"column":24},"end":{"line":66,"column":54}},"33":{"start":{"line":69,"column":22},"end":{"line":71,"column":2}},"34":{"start":{"line":72,"column":1},"end":{"line":78,"column":2}},"35":{"start":{"line":73,"column":16},"end":{"line":75,"column":3}},"36":{"start":{"line":76,"column":2},"end":{"line":76,"column":33}},"37":{"start":{"line":77,"column":2},"end":{"line":77,"column":14}},"38":{"start":{"line":81,"column":23},"end":{"line":92,"column":2}},"39":{"start":{"line":94,"column":1},"end":{"line":94,"column":25}},"40":{"start":{"line":100,"column":0},"end":{"line":171,"column":2}},"41":{"start":{"line":104,"column":18},"end":{"line":104,"column":34}},"42":{"start":{"line":107,"column":22},"end":{"line":107,"column":57}},"43":{"start":{"line":110,"column":1},"end":{"line":110,"column":57}},"44":{"start":{"line":110,"column":33},"end":{"line":110,"column":55}},"45":{"start":{"line":113,"column":16},"end":{"line":113,"column":40}},"46":{"start":{"line":116,"column":1},"end":{"line":119,"column":3}},"47":{"start":{"line":118,"column":13},"end":{"line":118,"column":24}},"48":{"start":{"line":122,"column":1},"end":{"line":122,"column":86}},"49":{"start":{"line":125,"column":1},"end":{"line":128,"column":2}},"50":{"start":{"line":126,"column":17},"end":{"line":126,"column":54}},"51":{"start":{"line":127,"column":2},"end":{"line":127,"column":31}},"52":{"start":{"line":131,"column":1},"end":{"line":136,"column":2}},"53":{"start":{"line":132,"column":17},"end":{"line":132,"column":52}},"54":{"start":{"line":133,"column":2},"end":{"line":133,"column":29}},"55":{"start":{"line":135,"column":2},"end":{"line":135,"column":35}},"56":{"start":{"line":139,"column":14},"end":{"line":139,"column":54}},"57":{"start":{"line":140,"column":15},"end":{"line":140,"column":57}},"58":{"start":{"line":141,"column":20},"end":{"line":141,"column":38}},"59":{"start":{"line":142,"column":18},"end":{"line":142,"column":30}},"60":{"start":{"line":144,"column":1},"end":{"line":170,"column":2}},"61":{"start":{"line":145,"column":16},"end":{"line":145,"column":66}},"62":{"start":{"line":146,"column":2},"end":{"line":146,"column":46}},"63":{"start":{"line":149,"column":20},"end":{"line":149,"column":31}},"64":{"start":{"line":152,"column":21},"end":{"line":152,"column":23}},"65":{"start":{"line":154,"column":2},"end":{"line":156,"column":3}},"66":{"start":{"line":155,"column":3},"end":{"line":155,"column":47}},"67":{"start":{"line":157,"column":2},"end":{"line":159,"column":3}},"68":{"start":{"line":158,"column":3},"end":{"line":158,"column":47}},"69":{"start":{"line":161,"column":2},"end":{"line":166,"column":5}},"70":{"start":{"line":168,"column":2},"end":{"line":168,"column":74}},"71":{"start":{"line":169,"column":2},"end":{"line":169,"column":19}},"72":{"start":{"line":176,"column":0},"end":{"line":194,"column":2}},"73":{"start":{"line":177,"column":1},"end":{"line":193,"column":2}},"74":{"start":{"line":178,"column":18},"end":{"line":178,"column":97}},"75":{"start":{"line":180,"column":2},"end":{"line":185,"column":3}},"76":{"start":{"line":181,"column":3},"end":{"line":184,"column":6}},"77":{"start":{"line":187,"column":2},"end":{"line":187,"column":57}},"78":{"start":{"line":189,"column":2},"end":{"line":190,"column":70}},"79":{"start":{"line":190,"column":3},"end":{"line":190,"column":70}},"80":{"start":{"line":191,"column":2},"end":{"line":191,"column":72}},"81":{"start":{"line":192,"column":2},"end":{"line":192,"column":19}},"82":{"start":{"line":199,"column":0},"end":{"line":273,"column":2}},"83":{"start":{"line":200,"column":17},"end":{"line":200,"column":46}},"84":{"start":{"line":201,"column":25},"end":{"line":201,"column":27}},"85":{"start":{"line":202,"column":1},"end":{"line":272,"column":2}},"86":{"start":{"line":203,"column":2},"end":{"line":203,"column":29}},"87":{"start":{"line":206,"column":2},"end":{"line":214,"column":5}},"88":{"start":{"line":207,"column":3},"end":{"line":213,"column":4}},"89":{"start":{"line":212,"column":4},"end":{"line":212,"column":25}},"90":{"start":{"line":216,"column":51},"end":{"line":216,"column":59}},"91":{"start":{"line":219,"column":2},"end":{"line":225,"column":3}},"92":{"start":{"line":220,"column":17},"end":{"line":222,"column":4}},"93":{"start":{"line":223,"column":3},"end":{"line":223,"column":34}},"94":{"start":{"line":224,"column":3},"end":{"line":224,"column":15}},"95":{"start":{"line":229,"column":36},"end":{"line":229,"column":71}},"96":{"start":{"line":230,"column":2},"end":{"line":230,"column":38}},"97":{"start":{"line":231,"column":2},"end":{"line":231,"column":35}},"98":{"start":{"line":234,"column":21},"end":{"line":239,"column":3}},"99":{"start":{"line":241,"column":2},"end":{"line":241,"column":46}},"100":{"start":{"line":244,"column":2},"end":{"line":244,"column":26}},"101":{"start":{"line":247,"column":21},"end":{"line":247,"column":69}},"102":{"start":{"line":249,"column":2},"end":{"line":249,"column":36}},"103":{"start":{"line":250,"column":2},"end":{"line":250,"column":23}},"104":{"start":{"line":252,"column":2},"end":{"line":256,"column":5}},"105":{"start":{"line":258,"column":2},"end":{"line":258,"column":35}},"106":{"start":{"line":259,"column":2},"end":{"line":259,"column":23}},"107":{"start":{"line":261,"column":2},"end":{"line":266,"column":3}},"108":{"start":{"line":262,"column":26},"end":{"line":264,"column":4}},"109":{"start":{"line":263,"column":4},"end":{"line":263,"column":41}},"110":{"start":{"line":265,"column":3},"end":{"line":265,"column":37}},"111":{"start":{"line":268,"column":2},"end":{"line":269,"column":69}},"112":{"start":{"line":269,"column":3},"end":{"line":269,"column":69}},"113":{"start":{"line":270,"column":2},"end":{"line":270,"column":73}},"114":{"start":{"line":271,"column":2},"end":{"line":271,"column":19}},"115":{"start":{"line":278,"column":0},"end":{"line":324,"column":2}},"116":{"start":{"line":279,"column":1},"end":{"line":323,"column":2}},"117":{"start":{"line":281,"column":2},"end":{"line":281,"column":33}},"118":{"start":{"line":282,"column":2},"end":{"line":282,"column":23}},"119":{"start":{"line":283,"column":2},"end":{"line":283,"column":29}},"120":{"start":{"line":284,"column":2},"end":{"line":284,"column":27}},"121":{"start":{"line":285,"column":2},"end":{"line":285,"column":23}},"122":{"start":{"line":286,"column":2},"end":{"line":286,"column":28}},"123":{"start":{"line":289,"column":2},"end":{"line":297,"column":5}},"124":{"start":{"line":290,"column":3},"end":{"line":296,"column":4}},"125":{"start":{"line":295,"column":4},"end":{"line":295,"column":25}},"126":{"start":{"line":300,"column":22},"end":{"line":300,"column":57}},"127":{"start":{"line":301,"column":2},"end":{"line":301,"column":35}},"128":{"start":{"line":303,"column":18},"end":{"line":306,"column":4}},"129":{"start":{"line":308,"column":2},"end":{"line":313,"column":3}},"130":{"start":{"line":309,"column":3},"end":{"line":312,"column":6}},"131":{"start":{"line":315,"column":2},"end":{"line":315,"column":64}},"132":{"start":{"line":317,"column":2},"end":{"line":318,"column":69}},"133":{"start":{"line":318,"column":3},"end":{"line":318,"column":69}},"134":{"start":{"line":319,"column":2},"end":{"line":320,"column":70}},"135":{"start":{"line":320,"column":3},"end":{"line":320,"column":70}},"136":{"start":{"line":321,"column":2},"end":{"line":321,"column":73}},"137":{"start":{"line":322,"column":2},"end":{"line":322,"column":19}},"138":{"start":{"line":329,"column":0},"end":{"line":386,"column":2}},"139":{"start":{"line":330,"column":17},"end":{"line":330,"column":46}},"140":{"start":{"line":332,"column":1},"end":{"line":385,"column":2}},"141":{"start":{"line":333,"column":2},"end":{"line":333,"column":29}},"142":{"start":{"line":335,"column":20},"end":{"line":335,"column":33}},"143":{"start":{"line":336,"column":18},"end":{"line":336,"column":68}},"144":{"start":{"line":338,"column":2},"end":{"line":346,"column":3}},"145":{"start":{"line":339,"column":3},"end":{"line":339,"column":36}},"146":{"start":{"line":340,"column":3},"end":{"line":340,"column":24}},"147":{"start":{"line":342,"column":3},"end":{"line":345,"column":6}},"148":{"start":{"line":349,"column":22},"end":{"line":349,"column":24}},"149":{"start":{"line":350,"column":2},"end":{"line":350,"column":72}},"150":{"start":{"line":350,"column":31},"end":{"line":350,"column":72}},"151":{"start":{"line":351,"column":2},"end":{"line":353,"column":3}},"152":{"start":{"line":352,"column":3},"end":{"line":352,"column":75}},"153":{"start":{"line":352,"column":40},"end":{"line":352,"column":73}},"154":{"start":{"line":355,"column":2},"end":{"line":359,"column":3}},"155":{"start":{"line":356,"column":3},"end":{"line":358,"column":5}},"156":{"start":{"line":357,"column":28},"end":{"line":357,"column":59}},"157":{"start":{"line":362,"column":2},"end":{"line":362,"column":64}},"158":{"start":{"line":363,"column":2},"end":{"line":363,"column":64}},"159":{"start":{"line":364,"column":2},"end":{"line":364,"column":59}},"160":{"start":{"line":367,"column":2},"end":{"line":369,"column":3}},"161":{"start":{"line":368,"column":3},"end":{"line":368,"column":70}},"162":{"start":{"line":371,"column":2},"end":{"line":371,"column":36}},"163":{"start":{"line":372,"column":2},"end":{"line":372,"column":23}},"164":{"start":{"line":374,"column":2},"end":{"line":374,"column":52}},"165":{"start":{"line":376,"column":2},"end":{"line":376,"column":35}},"166":{"start":{"line":377,"column":2},"end":{"line":377,"column":23}},"167":{"start":{"line":379,"column":2},"end":{"line":381,"column":3}},"168":{"start":{"line":380,"column":3},"end":{"line":380,"column":70}},"169":{"start":{"line":383,"column":2},"end":{"line":383,"column":73}},"170":{"start":{"line":384,"column":2},"end":{"line":384,"column":19}}},"fnMap":{"0":{"name":"(anonymous_0)","decl":{"start":{"line":10,"column":27},"end":{"line":10,"column":28}},"loc":{"start":{"line":10,"column":51},"end":{"line":27,"column":1}},"line":10},"1":{"name":"(anonymous_1)","decl":{"start":{"line":11,"column":20},"end":{"line":11,"column":21}},"loc":{"start":{"line":11,"column":41},"end":{"line":26,"column":2}},"line":11},"2":{"name":"(anonymous_2)","decl":{"start":{"line":14,"column":3},"end":{"line":14,"column":4}},"loc":{"start":{"line":14,"column":22},"end":{"line":23,"column":4}},"line":14},"3":{"name":"(anonymous_3)","decl":{"start":{"line":30,"column":27},"end":{"line":30,"column":28}},"loc":{"start":{"line":30,"column":44},"end":{"line":54,"column":1}},"line":30},"4":{"name":"(anonymous_4)","decl":{"start":{"line":57,"column":26},"end":{"line":57,"column":27}},"loc":{"start":{"line":62,"column":5},"end":{"line":95,"column":1}},"line":62},"5":{"name":"(anonymous_5)","decl":{"start":{"line":100,"column":23},"end":{"line":100,"column":24}},"loc":{"start":{"line":100,"column":49},"end":{"line":171,"column":1}},"line":100},"6":{"name":"(anonymous_6)","decl":{"start":{"line":110,"column":22},"end":{"line":110,"column":23}},"loc":{"start":{"line":110,"column":33},"end":{"line":110,"column":55}},"line":110},"7":{"name":"(anonymous_7)","decl":{"start":{"line":118,"column":2},"end":{"line":118,"column":3}},"loc":{"start":{"line":118,"column":13},"end":{"line":118,"column":24}},"line":118},"8":{"name":"(anonymous_8)","decl":{"start":{"line":176,"column":21},"end":{"line":176,"column":22}},"loc":{"start":{"line":176,"column":41},"end":{"line":194,"column":1}},"line":176},"9":{"name":"(anonymous_9)","decl":{"start":{"line":199,"column":24},"end":{"line":199,"column":25}},"loc":{"start":{"line":199,"column":44},"end":{"line":273,"column":1}},"line":199},"10":{"name":"(anonymous_10)","decl":{"start":{"line":206,"column":32},"end":{"line":206,"column":33}},"loc":{"start":{"line":206,"column":41},"end":{"line":214,"column":3}},"line":206},"11":{"name":"(anonymous_11)","decl":{"start":{"line":262,"column":48},"end":{"line":262,"column":49}},"loc":{"start":{"line":263,"column":4},"end":{"line":263,"column":41}},"line":263},"12":{"name":"(anonymous_12)","decl":{"start":{"line":278,"column":24},"end":{"line":278,"column":25}},"loc":{"start":{"line":278,"column":44},"end":{"line":324,"column":1}},"line":278},"13":{"name":"(anonymous_13)","decl":{"start":{"line":289,"column":32},"end":{"line":289,"column":33}},"loc":{"start":{"line":289,"column":41},"end":{"line":297,"column":3}},"line":289},"14":{"name":"(anonymous_14)","decl":{"start":{"line":329,"column":24},"end":{"line":329,"column":25}},"loc":{"start":{"line":329,"column":44},"end":{"line":386,"column":1}},"line":329},"15":{"name":"(anonymous_15)","decl":{"start":{"line":352,"column":29},"end":{"line":352,"column":30}},"loc":{"start":{"line":352,"column":40},"end":{"line":352,"column":73}},"line":352},"16":{"name":"(anonymous_16)","decl":{"start":{"line":357,"column":20},"end":{"line":357,"column":21}},"loc":{"start":{"line":357,"column":28},"end":{"line":357,"column":59}},"line":357}},"branchMap":{"0":{"loc":{"start":{"line":15,"column":4},"end":{"line":22,"column":5}},"type":"if","locations":[{"start":{"line":15,"column":4},"end":{"line":22,"column":5}},{"start":{"line":20,"column":11},"end":{"line":22,"column":5}}],"line":15},"1":{"loc":{"start":{"line":21,"column":22},"end":{"line":21,"column":55}},"type":"binary-expr","locations":[{"start":{"line":21,"column":22},"end":{"line":21,"column":36}},{"start":{"line":21,"column":40},"end":{"line":21,"column":55}}],"line":21},"2":{"loc":{"start":{"line":34,"column":1},"end":{"line":34,"column":46}},"type":"if","locations":[{"start":{"line":34,"column":1},"end":{"line":34,"column":46}},{"start":{},"end":{}}],"line":34},"3":{"loc":{"start":{"line":37,"column":1},"end":{"line":41,"column":2}},"type":"if","locations":[{"start":{"line":37,"column":1},"end":{"line":41,"column":2}},{"start":{},"end":{}}],"line":37},"4":{"loc":{"start":{"line":44,"column":1},"end":{"line":51,"column":2}},"type":"if","locations":[{"start":{"line":44,"column":1},"end":{"line":51,"column":2}},{"start":{},"end":{}}],"line":44},"5":{"loc":{"start":{"line":72,"column":1},"end":{"line":78,"column":2}},"type":"if","locations":[{"start":{"line":72,"column":1},"end":{"line":78,"column":2}},{"start":{},"end":{}}],"line":72},"6":{"loc":{"start":{"line":125,"column":1},"end":{"line":128,"column":2}},"type":"if","locations":[{"start":{"line":125,"column":1},"end":{"line":128,"column":2}},{"start":{},"end":{}}],"line":125},"7":{"loc":{"start":{"line":131,"column":1},"end":{"line":136,"column":2}},"type":"if","locations":[{"start":{"line":131,"column":1},"end":{"line":136,"column":2}},{"start":{"line":134,"column":8},"end":{"line":136,"column":2}}],"line":131},"8":{"loc":{"start":{"line":139,"column":14},"end":{"line":139,"column":54}},"type":"binary-expr","locations":[{"start":{"line":139,"column":14},"end":{"line":139,"column":49}},{"start":{"line":139,"column":53},"end":{"line":139,"column":54}}],"line":139},"9":{"loc":{"start":{"line":140,"column":15},"end":{"line":140,"column":57}},"type":"binary-expr","locations":[{"start":{"line":140,"column":15},"end":{"line":140,"column":51}},{"start":{"line":140,"column":55},"end":{"line":140,"column":57}}],"line":140},"10":{"loc":{"start":{"line":154,"column":2},"end":{"line":156,"column":3}},"type":"if","locations":[{"start":{"line":154,"column":2},"end":{"line":156,"column":3}},{"start":{},"end":{}}],"line":154},"11":{"loc":{"start":{"line":157,"column":2},"end":{"line":159,"column":3}},"type":"if","locations":[{"start":{"line":157,"column":2},"end":{"line":159,"column":3}},{"start":{},"end":{}}],"line":157},"12":{"loc":{"start":{"line":180,"column":2},"end":{"line":185,"column":3}},"type":"if","locations":[{"start":{"line":180,"column":2},"end":{"line":185,"column":3}},{"start":{},"end":{}}],"line":180},"13":{"loc":{"start":{"line":189,"column":2},"end":{"line":190,"column":70}},"type":"if","locations":[{"start":{"line":189,"column":2},"end":{"line":190,"column":70}},{"start":{},"end":{}}],"line":189},"14":{"loc":{"start":{"line":207,"column":3},"end":{"line":213,"column":4}},"type":"if","locations":[{"start":{"line":207,"column":3},"end":{"line":213,"column":4}},{"start":{},"end":{}}],"line":207},"15":{"loc":{"start":{"line":208,"column":4},"end":{"line":210,"column":28}},"type":"binary-expr","locations":[{"start":{"line":208,"column":4},"end":{"line":208,"column":24}},{"start":{"line":209,"column":4},"end":{"line":209,"column":33}},{"start":{"line":210,"column":4},"end":{"line":210,"column":28}}],"line":208},"16":{"loc":{"start":{"line":219,"column":2},"end":{"line":225,"column":3}},"type":"if","locations":[{"start":{"line":219,"column":2},"end":{"line":225,"column":3}},{"start":{},"end":{}}],"line":219},"17":{"loc":{"start":{"line":219,"column":6},"end":{"line":219,"column":51}},"type":"binary-expr","locations":[{"start":{"line":219,"column":6},"end":{"line":219,"column":17}},{"start":{"line":219,"column":21},"end":{"line":219,"column":30}},{"start":{"line":219,"column":34},"end":{"line":219,"column":51}}],"line":219},"18":{"loc":{"start":{"line":261,"column":2},"end":{"line":266,"column":3}},"type":"if","locations":[{"start":{"line":261,"column":2},"end":{"line":266,"column":3}},{"start":{},"end":{}}],"line":261},"19":{"loc":{"start":{"line":268,"column":2},"end":{"line":269,"column":69}},"type":"if","locations":[{"start":{"line":268,"column":2},"end":{"line":269,"column":69}},{"start":{},"end":{}}],"line":268},"20":{"loc":{"start":{"line":290,"column":3},"end":{"line":296,"column":4}},"type":"if","locations":[{"start":{"line":290,"column":3},"end":{"line":296,"column":4}},{"start":{},"end":{}}],"line":290},"21":{"loc":{"start":{"line":291,"column":4},"end":{"line":293,"column":28}},"type":"binary-expr","locations":[{"start":{"line":291,"column":4},"end":{"line":291,"column":24}},{"start":{"line":292,"column":4},"end":{"line":292,"column":33}},{"start":{"line":293,"column":4},"end":{"line":293,"column":28}}],"line":291},"22":{"loc":{"start":{"line":308,"column":2},"end":{"line":313,"column":3}},"type":"if","locations":[{"start":{"line":308,"column":2},"end":{"line":313,"column":3}},{"start":{},"end":{}}],"line":308},"23":{"loc":{"start":{"line":317,"column":2},"end":{"line":318,"column":69}},"type":"if","locations":[{"start":{"line":317,"column":2},"end":{"line":318,"column":69}},{"start":{},"end":{}}],"line":317},"24":{"loc":{"start":{"line":319,"column":2},"end":{"line":320,"column":70}},"type":"if","locations":[{"start":{"line":319,"column":2},"end":{"line":320,"column":70}},{"start":{},"end":{}}],"line":319},"25":{"loc":{"start":{"line":338,"column":2},"end":{"line":346,"column":3}},"type":"if","locations":[{"start":{"line":338,"column":2},"end":{"line":346,"column":3}},{"start":{},"end":{}}],"line":338},"26":{"loc":{"start":{"line":350,"column":2},"end":{"line":350,"column":72}},"type":"if","locations":[{"start":{"line":350,"column":2},"end":{"line":350,"column":72}},{"start":{},"end":{}}],"line":350},"27":{"loc":{"start":{"line":351,"column":2},"end":{"line":353,"column":3}},"type":"if","locations":[{"start":{"line":351,"column":2},"end":{"line":353,"column":3}},{"start":{},"end":{}}],"line":351},"28":{"loc":{"start":{"line":355,"column":2},"end":{"line":359,"column":3}},"type":"if","locations":[{"start":{"line":355,"column":2},"end":{"line":359,"column":3}},{"start":{},"end":{}}],"line":355},"29":{"loc":{"start":{"line":367,"column":2},"end":{"line":369,"column":3}},"type":"if","locations":[{"start":{"line":367,"column":2},"end":{"line":369,"column":3}},{"start":{},"end":{}}],"line":367},"30":{"loc":{"start":{"line":379,"column":2},"end":{"line":381,"column":3}},"type":"if","locations":[{"start":{"line":379,"column":2},"end":{"line":381,"column":3}},{"start":{},"end":{}}],"line":379}},"s":{"0":3,"1":3,"2":3,"3":3,"4":3,"5":3,"6":3,"7":3,"8":5,"9":5,"10":5,"11":4,"12":1,"13":5,"14":3,"15":12,"16":12,"17":12,"18":1,"19":11,"20":4,"21":3,"22":3,"23":10,"24":1,"25":1,"26":1,"27":1,"28":1,"29":10,"30":3,"31":5,"32":5,"33":5,"34":5,"35":1,"36":1,"37":1,"38":4,"39":4,"40":3,"41":6,"42":6,"43":6,"44":24,"45":6,"46":6,"47":1,"48":6,"49":6,"50":1,"51":1,"52":6,"53":1,"54":1,"55":5,"56":6,"57":6,"58":6,"59":6,"60":6,"61":6,"62":5,"63":5,"64":5,"65":5,"66":1,"67":5,"68":1,"69":5,"70":1,"71":1,"72":3,"73":4,"74":4,"75":2,"76":1,"77":1,"78":2,"79":1,"80":1,"81":1,"82":3,"83":7,"84":7,"85":7,"86":7,"87":7,"88":48,"89":1,"90":7,"91":7,"92":1,"93":1,"94":1,"95":6,"96":5,"97":5,"98":5,"99":4,"100":4,"101":4,"102":3,"103":3,"104":3,"105":4,"106":4,"107":4,"108":1,"109":1,"110":1,"111":4,"112":2,"113":2,"114":2,"115":3,"116":6,"117":6,"118":6,"119":6,"120":6,"121":6,"122":6,"123":6,"124":6,"125":2,"126":6,"127":6,"128":6,"129":3,"130":1,"131":2,"132":3,"133":1,"134":2,"135":1,"136":1,"137":1,"138":3,"139":4,"140":4,"141":4,"142":4,"143":4,"144":2,"145":1,"146":1,"147":1,"148":1,"149":1,"150":1,"151":1,"152":1,"153":1,"154":1,"155":1,"156":2,"157":1,"158":1,"159":1,"160":1,"161":1,"162":1,"163":1,"164":1,"165":2,"166":2,"167":2,"168":1,"169":1,"170":1},"f":{"0":5,"1":5,"2":5,"3":12,"4":5,"5":6,"6":24,"7":1,"8":4,"9":7,"10":48,"11":1,"12":6,"13":6,"14":4,"15":1,"16":2},"b":{"0":[4,1],"1":[1,1],"2":[1,11],"3":[4,7],"4":[1,9],"5":[1,4],"6":[1,5],"7":[1,5],"8":[6,4],"9":[6,4],"10":[1,4],"11":[1,4],"12":[1,1],"13":[1,1],"14":[1,47],"15":[48,48,48],"16":[1,6],"17":[7,6,6],"18":[1,3],"19":[2,2],"20":[2,4],"21":[6,5,4],"22":[1,2],"23":[1,2],"24":[1,1],"25":[1,1],"26":[1,0],"27":[1,0],"28":[1,0],"29":[1,0],"30":[1,1]},"_coverageSchema":"1a1c01bbd47fc00a2c39e90264f33305004495a9","hash":"1ef7133ef29c01e0f28a954328122cbd25881b6f"}
,"/Users/pasitpromjan/Downloads/expedition-33/se-project-be-68-2-expedition33/controllers/payments.js": {"path":"/Users/pasitpromjan/Downloads/expedition-33/se-project-be-68-2-expedition33/controllers/payments.js","statementMap":{"0":{"start":{"line":1,"column":16},"end":{"line":1,"column":44}},"1":{"start":{"line":2,"column":16},"end":{"line":2,"column":44}},"2":{"start":{"line":5,"column":19},"end":{"line":5,"column":41}},"3":{"start":{"line":6,"column":17},"end":{"line":6,"column":39}},"4":{"start":{"line":9,"column":27},"end":{"line":9,"column":30}},"5":{"start":{"line":12,"column":27},"end":{"line":12,"column":75}},"6":{"start":{"line":12,"column":37},"end":{"line":12,"column":75}},"7":{"start":{"line":13,"column":18},"end":{"line":13,"column":60}},"8":{"start":{"line":13,"column":28},"end":{"line":13,"column":60}},"9":{"start":{"line":16,"column":2},"end":{"line":16,"column":17}},"10":{"start":{"line":17,"column":2},"end":{"line":17,"column":31}},"11":{"start":{"line":18,"column":2},"end":{"line":18,"column":26}},"12":{"start":{"line":21,"column":18},"end":{"line":38,"column":1}},"13":{"start":{"line":22,"column":1},"end":{"line":37,"column":2}},"14":{"start":{"line":23,"column":2},"end":{"line":23,"column":29}},"15":{"start":{"line":24,"column":8},"end":{"line":37,"column":2}},"16":{"start":{"line":25,"column":2},"end":{"line":25,"column":30}},"17":{"start":{"line":26,"column":8},"end":{"line":37,"column":2}},"18":{"start":{"line":27,"column":2},"end":{"line":27,"column":27}},"19":{"start":{"line":28,"column":8},"end":{"line":37,"column":2}},"20":{"start":{"line":29,"column":2},"end":{"line":29,"column":26}},"21":{"start":{"line":30,"column":8},"end":{"line":37,"column":2}},"22":{"start":{"line":34,"column":2},"end":{"line":34,"column":29}},"23":{"start":{"line":36,"column":2},"end":{"line":36,"column":14}},"24":{"start":{"line":39,"column":25},"end":{"line":64,"column":1}},"25":{"start":{"line":40,"column":1},"end":{"line":40,"column":44}},"26":{"start":{"line":40,"column":32},"end":{"line":40,"column":44}},"27":{"start":{"line":42,"column":1},"end":{"line":61,"column":2}},"28":{"start":{"line":43,"column":18},"end":{"line":43,"column":72}},"29":{"start":{"line":45,"column":2},"end":{"line":50,"column":3}},"30":{"start":{"line":46,"column":3},"end":{"line":49,"column":5}},"31":{"start":{"line":52,"column":27},"end":{"line":54,"column":14}},"32":{"start":{"line":56,"column":2},"end":{"line":58,"column":3}},"33":{"start":{"line":57,"column":3},"end":{"line":57,"column":69}},"34":{"start":{"line":60,"column":2},"end":{"line":60,"column":14}},"35":{"start":{"line":63,"column":1},"end":{"line":63,"column":14}},"36":{"start":{"line":65,"column":24},"end":{"line":69,"column":1}},"37":{"start":{"line":74,"column":0},"end":{"line":154,"column":2}},"38":{"start":{"line":78,"column":18},"end":{"line":78,"column":34}},"39":{"start":{"line":81,"column":22},"end":{"line":81,"column":57}},"40":{"start":{"line":82,"column":1},"end":{"line":82,"column":57}},"41":{"start":{"line":82,"column":33},"end":{"line":82,"column":55}},"42":{"start":{"line":85,"column":16},"end":{"line":85,"column":40}},"43":{"start":{"line":86,"column":1},"end":{"line":89,"column":3}},"44":{"start":{"line":88,"column":13},"end":{"line":88,"column":24}},"45":{"start":{"line":90,"column":21},"end":{"line":90,"column":41}},"46":{"start":{"line":93,"column":1},"end":{"line":103,"column":2}},"47":{"start":{"line":94,"column":18},"end":{"line":94,"column":72}},"48":{"start":{"line":96,"column":2},"end":{"line":100,"column":3}},"49":{"start":{"line":97,"column":3},"end":{"line":99,"column":69}},"50":{"start":{"line":102,"column":2},"end":{"line":102,"column":35}},"51":{"start":{"line":106,"column":1},"end":{"line":106,"column":61}},"52":{"start":{"line":109,"column":1},"end":{"line":112,"column":2}},"53":{"start":{"line":110,"column":17},"end":{"line":110,"column":54}},"54":{"start":{"line":111,"column":2},"end":{"line":111,"column":31}},"55":{"start":{"line":115,"column":1},"end":{"line":120,"column":2}},"56":{"start":{"line":116,"column":17},"end":{"line":116,"column":52}},"57":{"start":{"line":117,"column":2},"end":{"line":117,"column":29}},"58":{"start":{"line":119,"column":2},"end":{"line":119,"column":35}},"59":{"start":{"line":123,"column":14},"end":{"line":123,"column":54}},"60":{"start":{"line":124,"column":15},"end":{"line":124,"column":57}},"61":{"start":{"line":125,"column":20},"end":{"line":125,"column":38}},"62":{"start":{"line":126,"column":18},"end":{"line":126,"column":30}},"63":{"start":{"line":128,"column":1},"end":{"line":153,"column":2}},"64":{"start":{"line":129,"column":16},"end":{"line":129,"column":57}},"65":{"start":{"line":130,"column":2},"end":{"line":130,"column":46}},"66":{"start":{"line":132,"column":19},"end":{"line":132,"column":30}},"67":{"start":{"line":135,"column":21},"end":{"line":135,"column":23}},"68":{"start":{"line":137,"column":2},"end":{"line":139,"column":3}},"69":{"start":{"line":138,"column":3},"end":{"line":138,"column":47}},"70":{"start":{"line":140,"column":2},"end":{"line":142,"column":3}},"71":{"start":{"line":141,"column":3},"end":{"line":141,"column":47}},"72":{"start":{"line":144,"column":2},"end":{"line":149,"column":5}},"73":{"start":{"line":151,"column":2},"end":{"line":151,"column":73}},"74":{"start":{"line":152,"column":2},"end":{"line":152,"column":19}},"75":{"start":{"line":159,"column":0},"end":{"line":195,"column":2}},"76":{"start":{"line":160,"column":1},"end":{"line":194,"column":2}},"77":{"start":{"line":161,"column":18},"end":{"line":163,"column":3}},"78":{"start":{"line":165,"column":2},"end":{"line":170,"column":3}},"79":{"start":{"line":166,"column":3},"end":{"line":169,"column":6}},"80":{"start":{"line":172,"column":2},"end":{"line":188,"column":3}},"81":{"start":{"line":173,"column":24},"end":{"line":173,"column":60}},"82":{"start":{"line":174,"column":3},"end":{"line":179,"column":4}},"83":{"start":{"line":175,"column":4},"end":{"line":178,"column":7}},"84":{"start":{"line":181,"column":3},"end":{"line":186,"column":4}},"85":{"start":{"line":182,"column":4},"end":{"line":185,"column":7}},"86":{"start":{"line":187,"column":3},"end":{"line":187,"column":13}},"87":{"start":{"line":190,"column":2},"end":{"line":190,"column":57}},"88":{"start":{"line":192,"column":2},"end":{"line":192,"column":72}},"89":{"start":{"line":193,"column":2},"end":{"line":193,"column":19}},"90":{"start":{"line":200,"column":0},"end":{"line":283,"column":2}},"91":{"start":{"line":201,"column":1},"end":{"line":282,"column":2}},"92":{"start":{"line":202,"column":20},"end":{"line":202,"column":40}},"93":{"start":{"line":203,"column":18},"end":{"line":203,"column":51}},"94":{"start":{"line":205,"column":2},"end":{"line":210,"column":3}},"95":{"start":{"line":206,"column":3},"end":{"line":209,"column":6}},"96":{"start":{"line":212,"column":2},"end":{"line":220,"column":3}},"97":{"start":{"line":216,"column":3},"end":{"line":219,"column":6}},"98":{"start":{"line":222,"column":23},"end":{"line":222,"column":31}},"99":{"start":{"line":224,"column":2},"end":{"line":228,"column":3}},"100":{"start":{"line":225,"column":3},"end":{"line":227,"column":73}},"101":{"start":{"line":230,"column":26},"end":{"line":230,"column":28}},"102":{"start":{"line":231,"column":25},"end":{"line":231,"column":34}},"103":{"start":{"line":233,"column":2},"end":{"line":254,"column":3}},"104":{"start":{"line":234,"column":18},"end":{"line":234,"column":29}},"105":{"start":{"line":235,"column":3},"end":{"line":240,"column":4}},"106":{"start":{"line":236,"column":4},"end":{"line":239,"column":7}},"107":{"start":{"line":242,"column":3},"end":{"line":247,"column":4}},"108":{"start":{"line":243,"column":4},"end":{"line":246,"column":7}},"109":{"start":{"line":249,"column":18},"end":{"line":249,"column":35}},"110":{"start":{"line":250,"column":3},"end":{"line":253,"column":4}},"111":{"start":{"line":251,"column":4},"end":{"line":251,"column":31}},"112":{"start":{"line":252,"column":4},"end":{"line":252,"column":43}},"113":{"start":{"line":256,"column":21},"end":{"line":256,"column":64}},"114":{"start":{"line":257,"column":18},"end":{"line":272,"column":4}},"115":{"start":{"line":274,"column":2},"end":{"line":274,"column":57}},"116":{"start":{"line":276,"column":2},"end":{"line":279,"column":3}},"117":{"start":{"line":277,"column":20},"end":{"line":277,"column":67}},"118":{"start":{"line":277,"column":57},"end":{"line":277,"column":66}},"119":{"start":{"line":278,"column":3},"end":{"line":278,"column":66}},"120":{"start":{"line":280,"column":2},"end":{"line":280,"column":73}},"121":{"start":{"line":281,"column":2},"end":{"line":281,"column":19}},"122":{"start":{"line":288,"column":0},"end":{"line":354,"column":2}},"123":{"start":{"line":289,"column":1},"end":{"line":353,"column":2}},"124":{"start":{"line":290,"column":18},"end":{"line":290,"column":55}},"125":{"start":{"line":292,"column":2},"end":{"line":297,"column":3}},"126":{"start":{"line":293,"column":3},"end":{"line":296,"column":6}},"127":{"start":{"line":299,"column":2},"end":{"line":315,"column":3}},"128":{"start":{"line":300,"column":24},"end":{"line":300,"column":60}},"129":{"start":{"line":301,"column":3},"end":{"line":306,"column":4}},"130":{"start":{"line":302,"column":4},"end":{"line":305,"column":7}},"131":{"start":{"line":308,"column":3},"end":{"line":313,"column":4}},"132":{"start":{"line":309,"column":4},"end":{"line":312,"column":7}},"133":{"start":{"line":314,"column":3},"end":{"line":314,"column":13}},"134":{"start":{"line":317,"column":50},"end":{"line":317,"column":58}},"135":{"start":{"line":319,"column":2},"end":{"line":343,"column":3}},"136":{"start":{"line":320,"column":21},"end":{"line":320,"column":35}},"137":{"start":{"line":321,"column":21},"end":{"line":321,"column":49}},"138":{"start":{"line":323,"column":3},"end":{"line":328,"column":4}},"139":{"start":{"line":324,"column":4},"end":{"line":327,"column":7}},"140":{"start":{"line":331,"column":3},"end":{"line":331,"column":27}},"141":{"start":{"line":332,"column":3},"end":{"line":340,"column":6}},"142":{"start":{"line":342,"column":3},"end":{"line":342,"column":24}},"143":{"start":{"line":345,"column":2},"end":{"line":345,"column":57}},"144":{"start":{"line":347,"column":2},"end":{"line":350,"column":3}},"145":{"start":{"line":348,"column":20},"end":{"line":348,"column":67}},"146":{"start":{"line":348,"column":57},"end":{"line":348,"column":66}},"147":{"start":{"line":349,"column":3},"end":{"line":349,"column":66}},"148":{"start":{"line":351,"column":2},"end":{"line":351,"column":73}},"149":{"start":{"line":352,"column":2},"end":{"line":352,"column":19}},"150":{"start":{"line":359,"column":0},"end":{"line":428,"column":2}},"151":{"start":{"line":360,"column":1},"end":{"line":427,"column":2}},"152":{"start":{"line":361,"column":18},"end":{"line":361,"column":55}},"153":{"start":{"line":363,"column":2},"end":{"line":368,"column":3}},"154":{"start":{"line":364,"column":3},"end":{"line":367,"column":6}},"155":{"start":{"line":370,"column":2},"end":{"line":386,"column":3}},"156":{"start":{"line":371,"column":24},"end":{"line":371,"column":60}},"157":{"start":{"line":372,"column":3},"end":{"line":377,"column":4}},"158":{"start":{"line":373,"column":4},"end":{"line":376,"column":7}},"159":{"start":{"line":379,"column":3},"end":{"line":384,"column":4}},"160":{"start":{"line":380,"column":4},"end":{"line":383,"column":7}},"161":{"start":{"line":385,"column":3},"end":{"line":385,"column":13}},"162":{"start":{"line":389,"column":2},"end":{"line":394,"column":3}},"163":{"start":{"line":390,"column":3},"end":{"line":393,"column":6}},"164":{"start":{"line":395,"column":2},"end":{"line":399,"column":3}},"165":{"start":{"line":396,"column":3},"end":{"line":398,"column":67}},"166":{"start":{"line":400,"column":2},"end":{"line":404,"column":3}},"167":{"start":{"line":401,"column":3},"end":{"line":403,"column":68}},"168":{"start":{"line":406,"column":20},"end":{"line":406,"column":34}},"169":{"start":{"line":407,"column":20},"end":{"line":407,"column":31}},"170":{"start":{"line":410,"column":2},"end":{"line":410,"column":29}},"171":{"start":{"line":411,"column":2},"end":{"line":419,"column":5}},"172":{"start":{"line":421,"column":2},"end":{"line":421,"column":23}},"173":{"start":{"line":423,"column":2},"end":{"line":423,"column":57}},"174":{"start":{"line":425,"column":2},"end":{"line":425,"column":73}},"175":{"start":{"line":426,"column":2},"end":{"line":426,"column":19}}},"fnMap":{"0":{"name":"(anonymous_0)","decl":{"start":{"line":12,"column":27},"end":{"line":12,"column":28}},"loc":{"start":{"line":12,"column":37},"end":{"line":12,"column":75}},"line":12},"1":{"name":"(anonymous_1)","decl":{"start":{"line":13,"column":18},"end":{"line":13,"column":19}},"loc":{"start":{"line":13,"column":28},"end":{"line":13,"column":60}},"line":13},"2":{"name":"(anonymous_2)","decl":{"start":{"line":15,"column":1},"end":{"line":15,"column":2}},"loc":{"start":{"line":15,"column":40},"end":{"line":19,"column":2}},"line":15},"3":{"name":"(anonymous_3)","decl":{"start":{"line":21,"column":18},"end":{"line":21,"column":19}},"loc":{"start":{"line":21,"column":44},"end":{"line":38,"column":1}},"line":21},"4":{"name":"(anonymous_4)","decl":{"start":{"line":39,"column":25},"end":{"line":39,"column":26}},"loc":{"start":{"line":39,"column":49},"end":{"line":64,"column":1}},"line":39},"5":{"name":"(anonymous_5)","decl":{"start":{"line":74,"column":22},"end":{"line":74,"column":23}},"loc":{"start":{"line":74,"column":42},"end":{"line":154,"column":1}},"line":74},"6":{"name":"(anonymous_6)","decl":{"start":{"line":82,"column":22},"end":{"line":82,"column":23}},"loc":{"start":{"line":82,"column":33},"end":{"line":82,"column":55}},"line":82},"7":{"name":"(anonymous_7)","decl":{"start":{"line":88,"column":2},"end":{"line":88,"column":3}},"loc":{"start":{"line":88,"column":13},"end":{"line":88,"column":24}},"line":88},"8":{"name":"(anonymous_8)","decl":{"start":{"line":159,"column":21},"end":{"line":159,"column":22}},"loc":{"start":{"line":159,"column":41},"end":{"line":195,"column":1}},"line":159},"9":{"name":"(anonymous_9)","decl":{"start":{"line":200,"column":21},"end":{"line":200,"column":22}},"loc":{"start":{"line":200,"column":41},"end":{"line":283,"column":1}},"line":200},"10":{"name":"(anonymous_10)","decl":{"start":{"line":277,"column":50},"end":{"line":277,"column":51}},"loc":{"start":{"line":277,"column":57},"end":{"line":277,"column":66}},"line":277},"11":{"name":"(anonymous_11)","decl":{"start":{"line":288,"column":24},"end":{"line":288,"column":25}},"loc":{"start":{"line":288,"column":44},"end":{"line":354,"column":1}},"line":288},"12":{"name":"(anonymous_12)","decl":{"start":{"line":348,"column":50},"end":{"line":348,"column":51}},"loc":{"start":{"line":348,"column":57},"end":{"line":348,"column":66}},"line":348},"13":{"name":"(anonymous_13)","decl":{"start":{"line":359,"column":24},"end":{"line":359,"column":25}},"loc":{"start":{"line":359,"column":44},"end":{"line":428,"column":1}},"line":359}},"branchMap":{"0":{"loc":{"start":{"line":12,"column":37},"end":{"line":12,"column":75}},"type":"binary-expr","locations":[{"start":{"line":12,"column":37},"end":{"line":12,"column":55}},{"start":{"line":12,"column":59},"end":{"line":12,"column":75}}],"line":12},"1":{"loc":{"start":{"line":15,"column":22},"end":{"line":15,"column":38}},"type":"default-arg","locations":[{"start":{"line":15,"column":35},"end":{"line":15,"column":38}}],"line":15},"2":{"loc":{"start":{"line":22,"column":1},"end":{"line":37,"column":2}},"type":"if","locations":[{"start":{"line":22,"column":1},"end":{"line":37,"column":2}},{"start":{"line":24,"column":8},"end":{"line":37,"column":2}}],"line":22},"3":{"loc":{"start":{"line":22,"column":5},"end":{"line":22,"column":51}},"type":"binary-expr","locations":[{"start":{"line":22,"column":5},"end":{"line":22,"column":23}},{"start":{"line":22,"column":27},"end":{"line":22,"column":51}}],"line":22},"4":{"loc":{"start":{"line":24,"column":8},"end":{"line":37,"column":2}},"type":"if","locations":[{"start":{"line":24,"column":8},"end":{"line":37,"column":2}},{"start":{"line":26,"column":8},"end":{"line":37,"column":2}}],"line":24},"5":{"loc":{"start":{"line":24,"column":12},"end":{"line":24,"column":65}},"type":"binary-expr","locations":[{"start":{"line":24,"column":12},"end":{"line":24,"column":36}},{"start":{"line":24,"column":40},"end":{"line":24,"column":65}}],"line":24},"6":{"loc":{"start":{"line":26,"column":8},"end":{"line":37,"column":2}},"type":"if","locations":[{"start":{"line":26,"column":8},"end":{"line":37,"column":2}},{"start":{"line":28,"column":8},"end":{"line":37,"column":2}}],"line":26},"7":{"loc":{"start":{"line":26,"column":12},"end":{"line":26,"column":64}},"type":"binary-expr","locations":[{"start":{"line":26,"column":12},"end":{"line":26,"column":37}},{"start":{"line":26,"column":41},"end":{"line":26,"column":64}}],"line":26},"8":{"loc":{"start":{"line":28,"column":8},"end":{"line":37,"column":2}},"type":"if","locations":[{"start":{"line":28,"column":8},"end":{"line":37,"column":2}},{"start":{"line":30,"column":8},"end":{"line":37,"column":2}}],"line":28},"9":{"loc":{"start":{"line":28,"column":12},"end":{"line":28,"column":62}},"type":"binary-expr","locations":[{"start":{"line":28,"column":12},"end":{"line":28,"column":37}},{"start":{"line":28,"column":41},"end":{"line":28,"column":62}}],"line":28},"10":{"loc":{"start":{"line":30,"column":8},"end":{"line":37,"column":2}},"type":"if","locations":[{"start":{"line":30,"column":8},"end":{"line":37,"column":2}},{"start":{"line":35,"column":8},"end":{"line":37,"column":2}}],"line":30},"11":{"loc":{"start":{"line":31,"column":2},"end":{"line":32,"column":26}},"type":"binary-expr","locations":[{"start":{"line":31,"column":3},"end":{"line":31,"column":28}},{"start":{"line":31,"column":32},"end":{"line":31,"column":56}},{"start":{"line":32,"column":2},"end":{"line":32,"column":26}}],"line":31},"12":{"loc":{"start":{"line":40,"column":1},"end":{"line":40,"column":44}},"type":"if","locations":[{"start":{"line":40,"column":1},"end":{"line":40,"column":44}},{"start":{},"end":{}}],"line":40},"13":{"loc":{"start":{"line":42,"column":1},"end":{"line":61,"column":2}},"type":"if","locations":[{"start":{"line":42,"column":1},"end":{"line":61,"column":2}},{"start":{},"end":{}}],"line":42},"14":{"loc":{"start":{"line":45,"column":2},"end":{"line":50,"column":3}},"type":"if","locations":[{"start":{"line":45,"column":2},"end":{"line":50,"column":3}},{"start":{},"end":{}}],"line":45},"15":{"loc":{"start":{"line":53,"column":3},"end":{"line":53,"column":41}},"type":"binary-expr","locations":[{"start":{"line":53,"column":3},"end":{"line":53,"column":22}},{"start":{"line":53,"column":26},"end":{"line":53,"column":41}}],"line":53},"16":{"loc":{"start":{"line":56,"column":2},"end":{"line":58,"column":3}},"type":"if","locations":[{"start":{"line":56,"column":2},"end":{"line":58,"column":3}},{"start":{},"end":{}}],"line":56},"17":{"loc":{"start":{"line":93,"column":1},"end":{"line":103,"column":2}},"type":"if","locations":[{"start":{"line":93,"column":1},"end":{"line":103,"column":2}},{"start":{},"end":{}}],"line":93},"18":{"loc":{"start":{"line":96,"column":2},"end":{"line":100,"column":3}},"type":"if","locations":[{"start":{"line":96,"column":2},"end":{"line":100,"column":3}},{"start":{},"end":{}}],"line":96},"19":{"loc":{"start":{"line":109,"column":1},"end":{"line":112,"column":2}},"type":"if","locations":[{"start":{"line":109,"column":1},"end":{"line":112,"column":2}},{"start":{},"end":{}}],"line":109},"20":{"loc":{"start":{"line":115,"column":1},"end":{"line":120,"column":2}},"type":"if","locations":[{"start":{"line":115,"column":1},"end":{"line":120,"column":2}},{"start":{"line":118,"column":8},"end":{"line":120,"column":2}}],"line":115},"21":{"loc":{"start":{"line":123,"column":14},"end":{"line":123,"column":54}},"type":"binary-expr","locations":[{"start":{"line":123,"column":14},"end":{"line":123,"column":49}},{"start":{"line":123,"column":53},"end":{"line":123,"column":54}}],"line":123},"22":{"loc":{"start":{"line":124,"column":15},"end":{"line":124,"column":57}},"type":"binary-expr","locations":[{"start":{"line":124,"column":15},"end":{"line":124,"column":51}},{"start":{"line":124,"column":55},"end":{"line":124,"column":57}}],"line":124},"23":{"loc":{"start":{"line":137,"column":2},"end":{"line":139,"column":3}},"type":"if","locations":[{"start":{"line":137,"column":2},"end":{"line":139,"column":3}},{"start":{},"end":{}}],"line":137},"24":{"loc":{"start":{"line":140,"column":2},"end":{"line":142,"column":3}},"type":"if","locations":[{"start":{"line":140,"column":2},"end":{"line":142,"column":3}},{"start":{},"end":{}}],"line":140},"25":{"loc":{"start":{"line":165,"column":2},"end":{"line":170,"column":3}},"type":"if","locations":[{"start":{"line":165,"column":2},"end":{"line":170,"column":3}},{"start":{},"end":{}}],"line":165},"26":{"loc":{"start":{"line":174,"column":3},"end":{"line":179,"column":4}},"type":"if","locations":[{"start":{"line":174,"column":3},"end":{"line":179,"column":4}},{"start":{},"end":{}}],"line":174},"27":{"loc":{"start":{"line":181,"column":3},"end":{"line":186,"column":4}},"type":"if","locations":[{"start":{"line":181,"column":3},"end":{"line":186,"column":4}},{"start":{},"end":{}}],"line":181},"28":{"loc":{"start":{"line":205,"column":2},"end":{"line":210,"column":3}},"type":"if","locations":[{"start":{"line":205,"column":2},"end":{"line":210,"column":3}},{"start":{},"end":{}}],"line":205},"29":{"loc":{"start":{"line":212,"column":2},"end":{"line":220,"column":3}},"type":"if","locations":[{"start":{"line":212,"column":2},"end":{"line":220,"column":3}},{"start":{},"end":{}}],"line":212},"30":{"loc":{"start":{"line":213,"column":3},"end":{"line":214,"column":52}},"type":"binary-expr","locations":[{"start":{"line":213,"column":3},"end":{"line":213,"column":30}},{"start":{"line":214,"column":3},"end":{"line":214,"column":52}}],"line":213},"31":{"loc":{"start":{"line":224,"column":2},"end":{"line":228,"column":3}},"type":"if","locations":[{"start":{"line":224,"column":2},"end":{"line":228,"column":3}},{"start":{},"end":{}}],"line":224},"32":{"loc":{"start":{"line":224,"column":6},"end":{"line":224,"column":68}},"type":"binary-expr","locations":[{"start":{"line":224,"column":6},"end":{"line":224,"column":15}},{"start":{"line":224,"column":19},"end":{"line":224,"column":43}},{"start":{"line":224,"column":47},"end":{"line":224,"column":68}}],"line":224},"33":{"loc":{"start":{"line":235,"column":3},"end":{"line":240,"column":4}},"type":"if","locations":[{"start":{"line":235,"column":3},"end":{"line":240,"column":4}},{"start":{},"end":{}}],"line":235},"34":{"loc":{"start":{"line":242,"column":3},"end":{"line":247,"column":4}},"type":"if","locations":[{"start":{"line":242,"column":3},"end":{"line":247,"column":4}},{"start":{},"end":{}}],"line":242},"35":{"loc":{"start":{"line":250,"column":3},"end":{"line":253,"column":4}},"type":"if","locations":[{"start":{"line":250,"column":3},"end":{"line":253,"column":4}},{"start":{},"end":{}}],"line":250},"36":{"loc":{"start":{"line":276,"column":2},"end":{"line":279,"column":3}},"type":"if","locations":[{"start":{"line":276,"column":2},"end":{"line":279,"column":3}},{"start":{},"end":{}}],"line":276},"37":{"loc":{"start":{"line":292,"column":2},"end":{"line":297,"column":3}},"type":"if","locations":[{"start":{"line":292,"column":2},"end":{"line":297,"column":3}},{"start":{},"end":{}}],"line":292},"38":{"loc":{"start":{"line":301,"column":3},"end":{"line":306,"column":4}},"type":"if","locations":[{"start":{"line":301,"column":3},"end":{"line":306,"column":4}},{"start":{},"end":{}}],"line":301},"39":{"loc":{"start":{"line":308,"column":3},"end":{"line":313,"column":4}},"type":"if","locations":[{"start":{"line":308,"column":3},"end":{"line":313,"column":4}},{"start":{},"end":{}}],"line":308},"40":{"loc":{"start":{"line":319,"column":2},"end":{"line":343,"column":3}},"type":"if","locations":[{"start":{"line":319,"column":2},"end":{"line":343,"column":3}},{"start":{},"end":{}}],"line":319},"41":{"loc":{"start":{"line":319,"column":6},"end":{"line":319,"column":41}},"type":"binary-expr","locations":[{"start":{"line":319,"column":6},"end":{"line":319,"column":12}},{"start":{"line":319,"column":16},"end":{"line":319,"column":41}}],"line":319},"42":{"loc":{"start":{"line":323,"column":3},"end":{"line":328,"column":4}},"type":"if","locations":[{"start":{"line":323,"column":3},"end":{"line":328,"column":4}},{"start":{},"end":{}}],"line":323},"43":{"loc":{"start":{"line":337,"column":19},"end":{"line":337,"column":39}},"type":"binary-expr","locations":[{"start":{"line":337,"column":19},"end":{"line":337,"column":31}},{"start":{"line":337,"column":35},"end":{"line":337,"column":39}}],"line":337},"44":{"loc":{"start":{"line":338,"column":20},"end":{"line":338,"column":41}},"type":"binary-expr","locations":[{"start":{"line":338,"column":20},"end":{"line":338,"column":33}},{"start":{"line":338,"column":37},"end":{"line":338,"column":41}}],"line":338},"45":{"loc":{"start":{"line":347,"column":2},"end":{"line":350,"column":3}},"type":"if","locations":[{"start":{"line":347,"column":2},"end":{"line":350,"column":3}},{"start":{},"end":{}}],"line":347},"46":{"loc":{"start":{"line":363,"column":2},"end":{"line":368,"column":3}},"type":"if","locations":[{"start":{"line":363,"column":2},"end":{"line":368,"column":3}},{"start":{},"end":{}}],"line":363},"47":{"loc":{"start":{"line":372,"column":3},"end":{"line":377,"column":4}},"type":"if","locations":[{"start":{"line":372,"column":3},"end":{"line":377,"column":4}},{"start":{},"end":{}}],"line":372},"48":{"loc":{"start":{"line":379,"column":3},"end":{"line":384,"column":4}},"type":"if","locations":[{"start":{"line":379,"column":3},"end":{"line":384,"column":4}},{"start":{},"end":{}}],"line":379},"49":{"loc":{"start":{"line":389,"column":2},"end":{"line":394,"column":3}},"type":"if","locations":[{"start":{"line":389,"column":2},"end":{"line":394,"column":3}},{"start":{},"end":{}}],"line":389},"50":{"loc":{"start":{"line":395,"column":2},"end":{"line":399,"column":3}},"type":"if","locations":[{"start":{"line":395,"column":2},"end":{"line":399,"column":3}},{"start":{},"end":{}}],"line":395},"51":{"loc":{"start":{"line":400,"column":2},"end":{"line":404,"column":3}},"type":"if","locations":[{"start":{"line":400,"column":2},"end":{"line":404,"column":3}},{"start":{},"end":{}}],"line":400}},"s":{"0":3,"1":3,"2":3,"3":3,"4":3,"5":3,"6":9,"7":3,"8":8,"9":2,"10":2,"11":2,"12":3,"13":8,"14":1,"15":7,"16":1,"17":6,"18":3,"19":3,"20":1,"21":2,"22":1,"23":1,"24":3,"25":20,"26":13,"27":7,"28":4,"29":2,"30":2,"31":0,"32":0,"33":0,"34":0,"35":3,"36":3,"37":3,"38":7,"39":7,"40":7,"41":28,"42":7,"43":7,"44":1,"45":7,"46":7,"47":3,"48":3,"49":1,"50":2,"51":6,"52":6,"53":1,"54":1,"55":6,"56":1,"57":1,"58":5,"59":6,"60":6,"61":6,"62":6,"63":6,"64":6,"65":5,"66":5,"67":5,"68":5,"69":1,"70":5,"71":1,"72":5,"73":1,"74":1,"75":3,"76":7,"77":7,"78":6,"79":1,"80":5,"81":5,"82":2,"83":1,"84":3,"85":2,"86":1,"87":1,"88":2,"89":2,"90":3,"91":10,"92":10,"93":10,"94":10,"95":1,"96":9,"97":1,"98":8,"99":8,"100":1,"101":7,"102":7,"103":7,"104":10,"105":10,"106":1,"107":9,"108":1,"109":8,"110":8,"111":7,"112":7,"113":5,"114":5,"115":3,"116":2,"117":1,"118":1,"119":1,"120":1,"121":1,"122":3,"123":11,"124":11,"125":10,"126":1,"127":9,"128":9,"129":9,"130":1,"131":0,"132":0,"133":0,"134":8,"135":8,"136":7,"137":7,"138":7,"139":1,"140":6,"141":6,"142":6,"143":6,"144":2,"145":1,"146":1,"147":1,"148":1,"149":1,"150":3,"151":8,"152":8,"153":7,"154":1,"155":6,"156":6,"157":5,"158":1,"159":1,"160":0,"161":1,"162":4,"163":1,"164":3,"165":1,"166":2,"167":1,"168":1,"169":1,"170":1,"171":1,"172":1,"173":1,"174":2,"175":2},"f":{"0":9,"1":8,"2":2,"3":8,"4":20,"5":7,"6":28,"7":1,"8":7,"9":10,"10":1,"11":11,"12":1,"13":8},"b":{"0":[9,8],"1":[0],"2":[1,7],"3":[8,1],"4":[1,6],"5":[7,1],"6":[3,3],"7":[6,6],"8":[1,2],"9":[3,3],"10":[1,1],"11":[2,0,2],"12":[13,7],"13":[4,3],"14":[2,0],"15":[0,0],"16":[0,0],"17":[3,4],"18":[1,2],"19":[1,5],"20":[1,5],"21":[6,4],"22":[6,4],"23":[1,4],"24":[1,4],"25":[1,5],"26":[1,1],"27":[2,1],"28":[1,9],"29":[1,8],"30":[9,1],"31":[1,7],"32":[8,7,7],"33":[1,9],"34":[1,8],"35":[7,1],"36":[1,1],"37":[1,9],"38":[1,8],"39":[0,0],"40":[7,1],"41":[8,8],"42":[1,6],"43":[6,6],"44":[6,6],"45":[1,1],"46":[1,6],"47":[1,4],"48":[0,1],"49":[1,3],"50":[1,2],"51":[1,1]},"_coverageSchema":"1a1c01bbd47fc00a2c39e90264f33305004495a9","hash":"72a455fa1735086530ecc3f89edc354a01b16407"}
,"/Users/pasitpromjan/Downloads/expedition-33/se-project-be-68-2-expedition33/middleware/auth.js": {"path":"/Users/pasitpromjan/Downloads/expedition-33/se-project-be-68-2-expedition33/middleware/auth.js","statementMap":{"0":{"start":{"line":1,"column":12},"end":{"line":1,"column":35}},"1":{"start":{"line":2,"column":13},"end":{"line":2,"column":38}},"2":{"start":{"line":5,"column":0},"end":{"line":34,"column":2}},"3":{"start":{"line":8,"column":1},"end":{"line":10,"column":2}},"4":{"start":{"line":9,"column":2},"end":{"line":9,"column":50}},"5":{"start":{"line":13,"column":1},"end":{"line":17,"column":2}},"6":{"start":{"line":14,"column":2},"end":{"line":16,"column":72}},"7":{"start":{"line":19,"column":1},"end":{"line":33,"column":2}},"8":{"start":{"line":21,"column":18},"end":{"line":21,"column":59}},"9":{"start":{"line":23,"column":2},"end":{"line":23,"column":23}},"10":{"start":{"line":25,"column":2},"end":{"line":25,"column":45}},"11":{"start":{"line":27,"column":2},"end":{"line":27,"column":9}},"12":{"start":{"line":29,"column":2},"end":{"line":29,"column":25}},"13":{"start":{"line":30,"column":2},"end":{"line":32,"column":72}},"14":{"start":{"line":37,"column":0},"end":{"line":47,"column":2}},"15":{"start":{"line":38,"column":1},"end":{"line":46,"column":3}},"16":{"start":{"line":39,"column":2},"end":{"line":44,"column":3}},"17":{"start":{"line":40,"column":3},"end":{"line":43,"column":6}},"18":{"start":{"line":45,"column":2},"end":{"line":45,"column":9}}},"fnMap":{"0":{"name":"(anonymous_0)","decl":{"start":{"line":5,"column":18},"end":{"line":5,"column":19}},"loc":{"start":{"line":5,"column":44},"end":{"line":34,"column":1}},"line":5},"1":{"name":"(anonymous_1)","decl":{"start":{"line":37,"column":20},"end":{"line":37,"column":21}},"loc":{"start":{"line":37,"column":34},"end":{"line":47,"column":1}},"line":37},"2":{"name":"(anonymous_2)","decl":{"start":{"line":38,"column":8},"end":{"line":38,"column":9}},"loc":{"start":{"line":38,"column":28},"end":{"line":46,"column":2}},"line":38}},"branchMap":{"0":{"loc":{"start":{"line":8,"column":1},"end":{"line":10,"column":2}},"type":"if","locations":[{"start":{"line":8,"column":1},"end":{"line":10,"column":2}},{"start":{},"end":{}}],"line":8},"1":{"loc":{"start":{"line":13,"column":1},"end":{"line":17,"column":2}},"type":"if","locations":[{"start":{"line":13,"column":1},"end":{"line":17,"column":2}},{"start":{},"end":{}}],"line":13},"2":{"loc":{"start":{"line":39,"column":2},"end":{"line":44,"column":3}},"type":"if","locations":[{"start":{"line":39,"column":2},"end":{"line":44,"column":3}},{"start":{},"end":{}}],"line":39}},"s":{"0":3,"1":3,"2":3,"3":10,"4":8,"5":10,"6":2,"7":8,"8":8,"9":7,"10":7,"11":7,"12":1,"13":1,"14":3,"15":28,"16":8,"17":1,"18":7},"f":{"0":10,"1":28,"2":8},"b":{"0":[8,2],"1":[2,8],"2":[1,7]},"_coverageSchema":"1a1c01bbd47fc00a2c39e90264f33305004495a9","hash":"7ab50e770e093877771b229fc72326e508d04e14"}
,"/Users/pasitpromjan/Downloads/expedition-33/se-project-be-68-2-expedition33/middleware/upload.js": {"path":"/Users/pasitpromjan/Downloads/expedition-33/se-project-be-68-2-expedition33/middleware/upload.js","statementMap":{"0":{"start":{"line":1,"column":15},"end":{"line":1,"column":32}},"1":{"start":{"line":4,"column":16},"end":{"line":4,"column":38}},"2":{"start":{"line":5,"column":15},"end":{"line":8,"column":2}},"3":{"start":{"line":10,"column":0},"end":{"line":10,"column":24}}},"fnMap":{},"branchMap":{},"s":{"0":3,"1":3,"2":3,"3":3},"f":{},"b":{},"_coverageSchema":"1a1c01bbd47fc00a2c39e90264f33305004495a9","hash":"1c346cc61c41edada69128c75f898371e144675b"}
,"/Users/pasitpromjan/Downloads/expedition-33/se-project-be-68-2-expedition33/models/Booking.js": {"path":"/Users/pasitpromjan/Downloads/expedition-33/se-project-be-68-2-expedition33/models/Booking.js","statementMap":{"0":{"start":{"line":1,"column":17},"end":{"line":1,"column":36}},"1":{"start":{"line":3,"column":22},"end":{"line":28,"column":1}},"2":{"start":{"line":30,"column":0},"end":{"line":30,"column":58}}},"fnMap":{},"branchMap":{},"s":{"0":4,"1":4,"2":4},"f":{},"b":{},"_coverageSchema":"1a1c01bbd47fc00a2c39e90264f33305004495a9","hash":"fcd783e6da97dbbf3c5aa6a2a776ab6542b27d40"}
,"/Users/pasitpromjan/Downloads/expedition-33/se-project-be-68-2-expedition33/models/Company.js": {"path":"/Users/pasitpromjan/Downloads/expedition-33/se-project-be-68-2-expedition33/models/Company.js","statementMap":{"0":{"start":{"line":1,"column":17},"end":{"line":1,"column":36}},"1":{"start":{"line":2,"column":24},"end":{"line":2,"column":62}},"2":{"start":{"line":4,"column":22},"end":{"line":79,"column":1}},"3":{"start":{"line":82,"column":0},"end":{"line":87,"column":3}},"4":{"start":{"line":89,"column":0},"end":{"line":94,"column":3}},"5":{"start":{"line":96,"column":0},"end":{"line":96,"column":58}}},"fnMap":{},"branchMap":{},"s":{"0":6,"1":6,"2":6,"3":6,"4":6,"5":6},"f":{},"b":{},"_coverageSchema":"1a1c01bbd47fc00a2c39e90264f33305004495a9","hash":"b73eec10d0c2f300f115ea9a7639dda00dd4e67f"}
,"/Users/pasitpromjan/Downloads/expedition-33/se-project-be-68-2-expedition33/models/Payment.js": {"path":"/Users/pasitpromjan/Downloads/expedition-33/se-project-be-68-2-expedition33/models/Payment.js","statementMap":{"0":{"start":{"line":1,"column":17},"end":{"line":1,"column":36}},"1":{"start":{"line":3,"column":22},"end":{"line":78,"column":1}},"2":{"start":{"line":80,"column":0},"end":{"line":80,"column":58}}},"fnMap":{},"branchMap":{},"s":{"0":5,"1":5,"2":5},"f":{},"b":{},"_coverageSchema":"1a1c01bbd47fc00a2c39e90264f33305004495a9","hash":"b266088bbc8baa4861823587e159cc6ba613276a"}
,"/Users/pasitpromjan/Downloads/expedition-33/se-project-be-68-2-expedition33/models/User.js": {"path":"/Users/pasitpromjan/Downloads/expedition-33/se-project-be-68-2-expedition33/models/User.js","statementMap":{"0":{"start":{"line":1,"column":17},"end":{"line":1,"column":36}},"1":{"start":{"line":2,"column":15},"end":{"line":2,"column":34}},"2":{"start":{"line":3,"column":12},"end":{"line":3,"column":35}},"3":{"start":{"line":5,"column":19},"end":{"line":44,"column":1}},"4":{"start":{"line":47,"column":0},"end":{"line":50,"column":3}},"5":{"start":{"line":48,"column":14},"end":{"line":48,"column":38}},"6":{"start":{"line":49,"column":1},"end":{"line":49,"column":56}},"7":{"start":{"line":53,"column":0},"end":{"line":57,"column":2}},"8":{"start":{"line":54,"column":1},"end":{"line":56,"column":4}},"9":{"start":{"line":59,"column":0},"end":{"line":61,"column":2}},"10":{"start":{"line":60,"column":1},"end":{"line":60,"column":61}},"11":{"start":{"line":63,"column":0},"end":{"line":63,"column":52}}},"fnMap":{"0":{"name":"(anonymous_0)","decl":{"start":{"line":47,"column":23},"end":{"line":47,"column":24}},"loc":{"start":{"line":47,"column":45},"end":{"line":50,"column":1}},"line":47},"1":{"name":"(anonymous_1)","decl":{"start":{"line":53,"column":39},"end":{"line":53,"column":40}},"loc":{"start":{"line":53,"column":51},"end":{"line":57,"column":1}},"line":53},"2":{"name":"(anonymous_2)","decl":{"start":{"line":59,"column":35},"end":{"line":59,"column":36}},"loc":{"start":{"line":59,"column":68},"end":{"line":61,"column":1}},"line":59}},"branchMap":{},"s":{"0":7,"1":7,"2":7,"3":7,"4":7,"5":221,"6":221,"7":7,"8":6,"9":7,"10":4,"11":7},"f":{"0":221,"1":6,"2":4},"b":{},"_coverageSchema":"1a1c01bbd47fc00a2c39e90264f33305004495a9","hash":"016bf8d093cf4acece86db16712dd63c7fee51a6"}
,"/Users/pasitpromjan/Downloads/expedition-33/se-project-be-68-2-expedition33/routes/auth.js": {"path":"/Users/pasitpromjan/Downloads/expedition-33/se-project-be-68-2-expedition33/routes/auth.js","statementMap":{"0":{"start":{"line":1,"column":16},"end":{"line":1,"column":34}},"1":{"start":{"line":2,"column":43},"end":{"line":2,"column":73}},"2":{"start":{"line":3,"column":20},"end":{"line":3,"column":49}},"3":{"start":{"line":5,"column":15},"end":{"line":5,"column":31}},"4":{"start":{"line":7,"column":0},"end":{"line":7,"column":35}},"5":{"start":{"line":8,"column":0},"end":{"line":8,"column":29}},"6":{"start":{"line":9,"column":0},"end":{"line":9,"column":34}},"7":{"start":{"line":10,"column":0},"end":{"line":10,"column":30}},"8":{"start":{"line":12,"column":0},"end":{"line":12,"column":24}}},"fnMap":{},"branchMap":{},"s":{"0":2,"1":2,"2":2,"3":2,"4":2,"5":2,"6":2,"7":2,"8":2},"f":{},"b":{},"_coverageSchema":"1a1c01bbd47fc00a2c39e90264f33305004495a9","hash":"528f6688f1f3fe95412a5c810501369bb5f18cc0"}
,"/Users/pasitpromjan/Downloads/expedition-33/se-project-be-68-2-expedition33/routes/bookings.js": {"path":"/Users/pasitpromjan/Downloads/expedition-33/se-project-be-68-2-expedition33/routes/bookings.js","statementMap":{"0":{"start":{"line":1,"column":16},"end":{"line":1,"column":34}},"1":{"start":{"line":8,"column":4},"end":{"line":8,"column":38}},"2":{"start":{"line":9,"column":31},"end":{"line":9,"column":60}},"3":{"start":{"line":12,"column":15},"end":{"line":12,"column":52}},"4":{"start":{"line":14,"column":0},"end":{"line":17,"column":56}},"5":{"start":{"line":18,"column":0},"end":{"line":22,"column":72}},"6":{"start":{"line":24,"column":0},"end":{"line":24,"column":24}}},"fnMap":{},"branchMap":{},"s":{"0":2,"1":2,"2":2,"3":2,"4":2,"5":2,"6":2},"f":{},"b":{},"_coverageSchema":"1a1c01bbd47fc00a2c39e90264f33305004495a9","hash":"934e7ca73c572161209d414d88b1b3f94767ccbb"}
,"/Users/pasitpromjan/Downloads/expedition-33/se-project-be-68-2-expedition33/routes/companies.js": {"path":"/Users/pasitpromjan/Downloads/expedition-33/se-project-be-68-2-expedition33/routes/companies.js","statementMap":{"0":{"start":{"line":1,"column":16},"end":{"line":1,"column":34}},"1":{"start":{"line":8,"column":4},"end":{"line":8,"column":39}},"2":{"start":{"line":9,"column":22},"end":{"line":9,"column":43}},"3":{"start":{"line":10,"column":22},"end":{"line":10,"column":43}},"4":{"start":{"line":11,"column":31},"end":{"line":11,"column":60}},"5":{"start":{"line":12,"column":15},"end":{"line":12,"column":46}},"6":{"start":{"line":14,"column":15},"end":{"line":14,"column":31}},"7":{"start":{"line":17,"column":0},"end":{"line":17,"column":50}},"8":{"start":{"line":18,"column":0},"end":{"line":18,"column":50}},"9":{"start":{"line":20,"column":0},"end":{"line":31,"column":3}},"10":{"start":{"line":32,"column":0},"end":{"line":44,"column":64}},"11":{"start":{"line":46,"column":0},"end":{"line":46,"column":24}}},"fnMap":{},"branchMap":{},"s":{"0":2,"1":2,"2":2,"3":2,"4":2,"5":2,"6":2,"7":2,"8":2,"9":2,"10":2,"11":2},"f":{},"b":{},"_coverageSchema":"1a1c01bbd47fc00a2c39e90264f33305004495a9","hash":"0a8269b47aa5cdd688f216a3ec7e01caec0c4506"}
,"/Users/pasitpromjan/Downloads/expedition-33/se-project-be-68-2-expedition33/routes/payments.js": {"path":"/Users/pasitpromjan/Downloads/expedition-33/se-project-be-68-2-expedition33/routes/payments.js","statementMap":{"0":{"start":{"line":1,"column":16},"end":{"line":1,"column":34}},"1":{"start":{"line":8,"column":4},"end":{"line":8,"column":38}},"2":{"start":{"line":9,"column":31},"end":{"line":9,"column":60}},"3":{"start":{"line":12,"column":15},"end":{"line":12,"column":52}},"4":{"start":{"line":14,"column":0},"end":{"line":17,"column":59}},"5":{"start":{"line":18,"column":0},"end":{"line":22,"column":64}},"6":{"start":{"line":24,"column":0},"end":{"line":24,"column":24}}},"fnMap":{},"branchMap":{},"s":{"0":2,"1":2,"2":2,"3":2,"4":2,"5":2,"6":2},"f":{},"b":{},"_coverageSchema":"1a1c01bbd47fc00a2c39e90264f33305004495a9","hash":"6a88d18857340db885e5d2f155d5a8b051a7bf8a"}
}
