{"/Users/pasitpromjan/Downloads/expedition-33/se-project-be-68-2-expedition33/server.js": {"path":"/Users/pasitpromjan/Downloads/expedition-33/se-project-be-68-2-expedition33/server.js","statementMap":{"0":{"start":{"line":1,"column":16},"end":{"line":1,"column":34}},"1":{"start":{"line":2,"column":15},"end":{"line":2,"column":32}},"2":{"start":{"line":3,"column":18},"end":{"line":3,"column":40}},"3":{"start":{"line":4,"column":21},"end":{"line":4,"column":45}},"4":{"start":{"line":5,"column":22},"end":{"line":5,"column":55}},"5":{"start":{"line":6,"column":15},"end":{"line":6,"column":32}},"6":{"start":{"line":7,"column":12},"end":{"line":7,"column":32}},"7":{"start":{"line":8,"column":18},"end":{"line":8,"column":47}},"8":{"start":{"line":9,"column":12},"end":{"line":9,"column":26}},"9":{"start":{"line":10,"column":21},"end":{"line":10,"column":45}},"10":{"start":{"line":11,"column":18},"end":{"line":11,"column":47}},"11":{"start":{"line":14,"column":0},"end":{"line":14,"column":47}},"12":{"start":{"line":17,"column":0},"end":{"line":19,"column":1}},"13":{"start":{"line":18,"column":1},"end":{"line":18,"column":13}},"14":{"start":{"line":22,"column":18},"end":{"line":22,"column":47}},"15":{"start":{"line":23,"column":13},"end":{"line":23,"column":37}},"16":{"start":{"line":24,"column":17},"end":{"line":24,"column":45}},"17":{"start":{"line":25,"column":17},"end":{"line":25,"column":45}},"18":{"start":{"line":27,"column":12},"end":{"line":27,"column":21}},"19":{"start":{"line":28,"column":13},"end":{"line":28,"column":28}},"20":{"start":{"line":30,"column":13},"end":{"line":30,"column":51}},"21":{"start":{"line":31,"column":13},"end":{"line":31,"column":37}},"22":{"start":{"line":34,"column":0},"end":{"line":34,"column":24}},"23":{"start":{"line":37,"column":0},"end":{"line":37,"column":36}},"24":{"start":{"line":40,"column":0},"end":{"line":40,"column":24}},"25":{"start":{"line":43,"column":0},"end":{"line":51,"column":3}},"26":{"start":{"line":44,"column":1},"end":{"line":49,"column":4}},"27":{"start":{"line":50,"column":1},"end":{"line":50,"column":8}},"28":{"start":{"line":54,"column":0},"end":{"line":54,"column":25}},"29":{"start":{"line":57,"column":0},"end":{"line":72,"column":2}},"30":{"start":{"line":75,"column":0},"end":{"line":75,"column":15}},"31":{"start":{"line":78,"column":16},"end":{"line":81,"column":2}},"32":{"start":{"line":82,"column":0},"end":{"line":82,"column":17}},"33":{"start":{"line":85,"column":0},"end":{"line":85,"column":15}},"34":{"start":{"line":88,"column":0},"end":{"line":88,"column":16}},"35":{"start":{"line":91,"column":20},"end":{"line":106,"column":2}},"36":{"start":{"line":108,"column":23},"end":{"line":115,"column":1}},"37":{"start":{"line":117,"column":0},"end":{"line":121,"column":2}},"38":{"start":{"line":124,"column":0},"end":{"line":124,"column":40}},"39":{"start":{"line":125,"column":0},"end":{"line":125,"column":30}},"40":{"start":{"line":126,"column":0},"end":{"line":126,"column":38}},"41":{"start":{"line":127,"column":0},"end":{"line":127,"column":38}},"42":{"start":{"line":130,"column":0},"end":{"line":135,"column":1}},"43":{"start":{"line":131,"column":1},"end":{"line":134,"column":3}},"44":{"start":{"line":137,"column":0},"end":{"line":146,"column":3}},"45":{"start":{"line":138,"column":1},"end":{"line":138,"column":38}},"46":{"start":{"line":141,"column":1},"end":{"line":145,"column":2}},"47":{"start":{"line":142,"column":2},"end":{"line":142,"column":38}},"48":{"start":{"line":142,"column":21},"end":{"line":142,"column":36}},"49":{"start":{"line":144,"column":2},"end":{"line":144,"column":18}},"50":{"start":{"line":148,"column":0},"end":{"line":148,"column":21}}},"fnMap":{"0":{"name":"(anonymous_0)","decl":{"start":{"line":43,"column":8},"end":{"line":43,"column":9}},"loc":{"start":{"line":43,"column":28},"end":{"line":51,"column":1}},"line":43},"1":{"name":"(anonymous_1)","decl":{"start":{"line":137,"column":33},"end":{"line":137,"column":34}},"loc":{"start":{"line":137,"column":51},"end":{"line":146,"column":1}},"line":137},"2":{"name":"(anonymous_2)","decl":{"start":{"line":142,"column":15},"end":{"line":142,"column":16}},"loc":{"start":{"line":142,"column":21},"end":{"line":142,"column":36}},"line":142}},"branchMap":{"0":{"loc":{"start":{"line":17,"column":0},"end":{"line":19,"column":1}},"type":"if","locations":[{"start":{"line":17,"column":0},"end":{"line":19,"column":1}},{"start":{},"end":{}}],"line":17},"1":{"loc":{"start":{"line":30,"column":13},"end":{"line":30,"column":51}},"type":"binary-expr","locations":[{"start":{"line":30,"column":13},"end":{"line":30,"column":29}},{"start":{"line":30,"column":33},"end":{"line":30,"column":51}}],"line":30},"2":{"loc":{"start":{"line":31,"column":13},"end":{"line":31,"column":37}},"type":"binary-expr","locations":[{"start":{"line":31,"column":13},"end":{"line":31,"column":29}},{"start":{"line":31,"column":33},"end":{"line":31,"column":37}}],"line":31},"3":{"loc":{"start":{"line":130,"column":0},"end":{"line":135,"column":1}},"type":"if","locations":[{"start":{"line":130,"column":0},"end":{"line":135,"column":1}},{"start":{},"end":{}}],"line":130},"4":{"loc":{"start":{"line":141,"column":1},"end":{"line":145,"column":2}},"type":"if","locations":[{"start":{"line":141,"column":1},"end":{"line":145,"column":2}},{"start":{"line":143,"column":8},"end":{"line":145,"column":2}}],"line":141}},"s":{"0":2,"1":2,"2":2,"3":2,"4":2,"5":2,"6":2,"7":2,"8":2,"9":2,"10":2,"11":2,"12":2,"13":0,"14":2,"15":2,"16":2,"17":2,"18":2,"19":2,"20":2,"21":2,"22":2,"23":2,"24":2,"25":2,"26":13,"27":13,"28":2,"29":2,"30":2,"31":2,"32":2,"33":2,"34":2,"35":2,"36":2,"37":2,"38":2,"39":2,"40":2,"41":2,"42":2,"43":0,"44":2,"45":0,"46":0,"47":0,"48":0,"49":0,"50":2},"f":{"0":13,"1":0,"2":0},"b":{"0":[0,2],"1":[2,2],"2":[2,2],"3":[0,2],"4":[0,0]},"_coverageSchema":"1a1c01bbd47fc00a2c39e90264f33305004495a9","hash":"3252ac5f126bda6ec64e9d790f0787f84d35ae54"}
,"/Users/pasitpromjan/Downloads/expedition-33/se-project-be-68-2-expedition33/config/cloudinary.js": {"path":"/Users/pasitpromjan/Downloads/expedition-33/se-project-be-68-2-expedition33/config/cloudinary.js","statementMap":{"0":{"start":{"line":1,"column":19},"end":{"line":1,"column":43}},"1":{"start":{"line":3,"column":0},"end":{"line":7,"column":3}},"2":{"start":{"line":9,"column":0},"end":{"line":9,"column":28}}},"fnMap":{},"branchMap":{},"s":{"0":1,"1":1,"2":1},"f":{},"b":{},"_coverageSchema":"1a1c01bbd47fc00a2c39e90264f33305004495a9","hash":"fc22e2e29dc20b3021fd936cd1b6b512ce5891db"}
,"/Users/pasitpromjan/Downloads/expedition-33/se-project-be-68-2-expedition33/config/db.js": {"path":"/Users/pasitpromjan/Downloads/expedition-33/se-project-be-68-2-expedition33/config/db.js","statementMap":{"0":{"start":{"line":1,"column":17},"end":{"line":1,"column":36}},"1":{"start":{"line":3,"column":18},"end":{"line":8,"column":1}},"2":{"start":{"line":4,"column":1},"end":{"line":4,"column":35}},"3":{"start":{"line":5,"column":14},"end":{"line":5,"column":61}},"4":{"start":{"line":7,"column":1},"end":{"line":7,"column":59}},"5":{"start":{"line":10,"column":0},"end":{"line":10,"column":27}}},"fnMap":{"0":{"name":"(anonymous_0)","decl":{"start":{"line":3,"column":18},"end":{"line":3,"column":19}},"loc":{"start":{"line":3,"column":30},"end":{"line":8,"column":1}},"line":3}},"branchMap":{},"s":{"0":2,"1":2,"2":0,"3":0,"4":0,"5":2},"f":{"0":0},"b":{},"_coverageSchema":"1a1c01bbd47fc00a2c39e90264f33305004495a9","hash":"f099fe759575d8246496be82e3d46fcf323db698"}
,"/Users/pasitpromjan/Downloads/expedition-33/se-project-be-68-2-expedition33/controllers/auth.js": {"path":"/Users/pasitpromjan/Downloads/expedition-33/se-project-be-68-2-expedition33/controllers/auth.js","statementMap":{"0":{"start":{"line":1,"column":13},"end":{"line":1,"column":38}},"1":{"start":{"line":2,"column":16},"end":{"line":2,"column":44}},"2":{"start":{"line":5,"column":26},"end":{"line":24,"column":1}},"3":{"start":{"line":7,"column":15},"end":{"line":7,"column":39}},"4":{"start":{"line":9,"column":17},"end":{"line":14,"column":2}},"5":{"start":{"line":16,"column":1},"end":{"line":18,"column":2}},"6":{"start":{"line":17,"column":2},"end":{"line":17,"column":24}},"7":{"start":{"line":20,"column":1},"end":{"line":23,"column":4}},"8":{"start":{"line":29,"column":0},"end":{"line":53,"column":2}},"9":{"start":{"line":30,"column":1},"end":{"line":52,"column":2}},"10":{"start":{"line":31,"column":47},"end":{"line":31,"column":55}},"11":{"start":{"line":34,"column":15},"end":{"line":40,"column":4}},"12":{"start":{"line":42,"column":2},"end":{"line":42,"column":36}},"13":{"start":{"line":44,"column":2},"end":{"line":45,"column":69}},"14":{"start":{"line":45,"column":3},"end":{"line":45,"column":69}},"15":{"start":{"line":46,"column":2},"end":{"line":50,"column":6}},"16":{"start":{"line":47,"column":3},"end":{"line":50,"column":6}},"17":{"start":{"line":51,"column":2},"end":{"line":51,"column":43}},"18":{"start":{"line":58,"column":0},"end":{"line":81,"column":2}},"19":{"start":{"line":59,"column":29},"end":{"line":59,"column":37}},"20":{"start":{"line":62,"column":1},"end":{"line":66,"column":2}},"21":{"start":{"line":63,"column":2},"end":{"line":65,"column":74}},"22":{"start":{"line":69,"column":14},"end":{"line":69,"column":63}},"23":{"start":{"line":70,"column":1},"end":{"line":72,"column":2}},"24":{"start":{"line":71,"column":2},"end":{"line":71,"column":78}},"25":{"start":{"line":75,"column":17},"end":{"line":75,"column":51}},"26":{"start":{"line":76,"column":1},"end":{"line":78,"column":2}},"27":{"start":{"line":77,"column":2},"end":{"line":77,"column":78}},"28":{"start":{"line":80,"column":1},"end":{"line":80,"column":35}},"29":{"start":{"line":86,"column":0},"end":{"line":114,"column":2}},"30":{"start":{"line":87,"column":1},"end":{"line":113,"column":2}},"31":{"start":{"line":89,"column":18},"end":{"line":89,"column":50}},"32":{"start":{"line":91,"column":2},"end":{"line":93,"column":3}},"33":{"start":{"line":92,"column":3},"end":{"line":92,"column":74}},"34":{"start":{"line":96,"column":15},"end":{"line":96,"column":33}},"35":{"start":{"line":98,"column":2},"end":{"line":104,"column":3}},"36":{"start":{"line":99,"column":22},"end":{"line":101,"column":31}},"37":{"start":{"line":103,"column":3},"end":{"line":103,"column":64}},"38":{"start":{"line":106,"column":2},"end":{"line":109,"column":5}},"39":{"start":{"line":111,"column":2},"end":{"line":111,"column":64}},"40":{"start":{"line":112,"column":2},"end":{"line":112,"column":19}},"41":{"start":{"line":119,"column":0},"end":{"line":129,"column":2}},"42":{"start":{"line":120,"column":1},"end":{"line":123,"column":4}},"43":{"start":{"line":125,"column":1},"end":{"line":128,"column":4}}},"fnMap":{"0":{"name":"(anonymous_0)","decl":{"start":{"line":5,"column":26},"end":{"line":5,"column":27}},"loc":{"start":{"line":5,"column":53},"end":{"line":24,"column":1}},"line":5},"1":{"name":"(anonymous_1)","decl":{"start":{"line":29,"column":19},"end":{"line":29,"column":20}},"loc":{"start":{"line":29,"column":39},"end":{"line":53,"column":1}},"line":29},"2":{"name":"(anonymous_2)","decl":{"start":{"line":58,"column":16},"end":{"line":58,"column":17}},"loc":{"start":{"line":58,"column":36},"end":{"line":81,"column":1}},"line":58},"3":{"name":"(anonymous_3)","decl":{"start":{"line":86,"column":16},"end":{"line":86,"column":17}},"loc":{"start":{"line":86,"column":42},"end":{"line":114,"column":1}},"line":86},"4":{"name":"(anonymous_4)","decl":{"start":{"line":119,"column":17},"end":{"line":119,"column":18}},"loc":{"start":{"line":119,"column":43},"end":{"line":129,"column":1}},"line":119}},"branchMap":{"0":{"loc":{"start":{"line":16,"column":1},"end":{"line":18,"column":2}},"type":"if","locations":[{"start":{"line":16,"column":1},"end":{"line":18,"column":2}},{"start":{},"end":{}}],"line":16},"1":{"loc":{"start":{"line":44,"column":2},"end":{"line":45,"column":69}},"type":"if","locations":[{"start":{"line":44,"column":2},"end":{"line":45,"column":69}},{"start":{},"end":{}}],"line":44},"2":{"loc":{"start":{"line":46,"column":2},"end":{"line":50,"column":6}},"type":"if","locations":[{"start":{"line":46,"column":2},"end":{"line":50,"column":6}},{"start":{},"end":{}}],"line":46},"3":{"loc":{"start":{"line":62,"column":1},"end":{"line":66,"column":2}},"type":"if","locations":[{"start":{"line":62,"column":1},"end":{"line":66,"column":2}},{"start":{},"end":{}}],"line":62},"4":{"loc":{"start":{"line":62,"column":5},"end":{"line":62,"column":24}},"type":"binary-expr","locations":[{"start":{"line":62,"column":5},"end":{"line":62,"column":11}},{"start":{"line":62,"column":15},"end":{"line":62,"column":24}}],"line":62},"5":{"loc":{"start":{"line":70,"column":1},"end":{"line":72,"column":2}},"type":"if","locations":[{"start":{"line":70,"column":1},"end":{"line":72,"column":2}},{"start":{},"end":{}}],"line":70},"6":{"loc":{"start":{"line":76,"column":1},"end":{"line":78,"column":2}},"type":"if","locations":[{"start":{"line":76,"column":1},"end":{"line":78,"column":2}},{"start":{},"end":{}}],"line":76},"7":{"loc":{"start":{"line":91,"column":2},"end":{"line":93,"column":3}},"type":"if","locations":[{"start":{"line":91,"column":2},"end":{"line":93,"column":3}},{"start":{},"end":{}}],"line":91},"8":{"loc":{"start":{"line":98,"column":2},"end":{"line":104,"column":3}},"type":"if","locations":[{"start":{"line":98,"column":2},"end":{"line":104,"column":3}},{"start":{},"end":{}}],"line":98},"9":{"loc":{"start":{"line":103,"column":22},"end":{"line":103,"column":63}},"type":"cond-expr","locations":[{"start":{"line":103,"column":35},"end":{"line":103,"column":56}},{"start":{"line":103,"column":59},"end":{"line":103,"column":63}}],"line":103}},"s":{"0":3,"1":3,"2":3,"3":6,"4":6,"5":6,"6":1,"7":6,"8":3,"9":6,"10":6,"11":6,"12":3,"13":3,"14":1,"15":2,"16":1,"17":1,"18":3,"19":6,"20":6,"21":1,"22":5,"23":5,"24":1,"25":4,"26":4,"27":1,"28":3,"29":3,"30":5,"31":5,"32":4,"33":1,"34":3,"35":3,"36":2,"37":2,"38":3,"39":1,"40":1,"41":3,"42":2,"43":2},"f":{"0":6,"1":6,"2":6,"3":5,"4":2},"b":{"0":[1,5],"1":[1,2],"2":[1,1],"3":[1,5],"4":[6,6],"5":[1,4],"6":[1,3],"7":[1,3],"8":[2,1],"9":[1,1]},"_coverageSchema":"1a1c01bbd47fc00a2c39e90264f33305004495a9","hash":"c9828e21000b6ea4961e32f22f68970cd12d6df6"}
,"/Users/pasitpromjan/Downloads/expedition-33/se-project-be-68-2-expedition33/controllers/bookings.js": {"path":"/Users/pasitpromjan/Downloads/expedition-33/se-project-be-68-2-expedition33/controllers/bookings.js","statementMap":{"0":{"start":{"line":1,"column":16},"end":{"line":1,"column":44}},"1":{"start":{"line":2,"column":16},"end":{"line":2,"column":44}},"2":{"start":{"line":5,"column":19},"end":{"line":5,"column":41}},"3":{"start":{"line":6,"column":17},"end":{"line":6,"column":39}},"4":{"start":{"line":9,"column":27},"end":{"line":9,"column":75}},"5":{"start":{"line":9,"column":37},"end":{"line":9,"column":75}},"6":{"start":{"line":10,"column":23},"end":{"line":26,"column":1}},"7":{"start":{"line":11,"column":1},"end":{"line":11,"column":34}},"8":{"start":{"line":11,"column":21},"end":{"line":11,"column":34}},"9":{"start":{"line":13,"column":1},"end":{"line":13,"column":40}},"10":{"start":{"line":13,"column":28},"end":{"line":13,"column":40}},"11":{"start":{"line":15,"column":1},"end":{"line":23,"column":2}},"12":{"start":{"line":16,"column":18},"end":{"line":16,"column":68}},"13":{"start":{"line":18,"column":2},"end":{"line":20,"column":3}},"14":{"start":{"line":19,"column":3},"end":{"line":19,"column":16}},"15":{"start":{"line":22,"column":2},"end":{"line":22,"column":51}},"16":{"start":{"line":25,"column":1},"end":{"line":25,"column":44}},"17":{"start":{"line":27,"column":31},"end":{"line":46,"column":1}},"18":{"start":{"line":28,"column":1},"end":{"line":36,"column":2}},"19":{"start":{"line":29,"column":2},"end":{"line":29,"column":49}},"20":{"start":{"line":29,"column":17},"end":{"line":29,"column":49}},"21":{"start":{"line":30,"column":8},"end":{"line":36,"column":2}},"22":{"start":{"line":31,"column":18},"end":{"line":31,"column":72}},"23":{"start":{"line":32,"column":2},"end":{"line":32,"column":28}},"24":{"start":{"line":32,"column":16},"end":{"line":32,"column":28}},"25":{"start":{"line":33,"column":2},"end":{"line":33,"column":35}},"26":{"start":{"line":35,"column":2},"end":{"line":35,"column":33}},"27":{"start":{"line":38,"column":25},"end":{"line":42,"column":2}},"28":{"start":{"line":43,"column":22},"end":{"line":43,"column":60}},"29":{"start":{"line":45,"column":1},"end":{"line":45,"column":55}},"30":{"start":{"line":51,"column":0},"end":{"line":139,"column":2}},"31":{"start":{"line":53,"column":18},"end":{"line":53,"column":34}},"32":{"start":{"line":56,"column":22},"end":{"line":56,"column":57}},"33":{"start":{"line":57,"column":1},"end":{"line":57,"column":57}},"34":{"start":{"line":57,"column":33},"end":{"line":57,"column":55}},"35":{"start":{"line":60,"column":16},"end":{"line":60,"column":40}},"36":{"start":{"line":61,"column":1},"end":{"line":64,"column":3}},"37":{"start":{"line":63,"column":13},"end":{"line":63,"column":24}},"38":{"start":{"line":65,"column":21},"end":{"line":65,"column":41}},"39":{"start":{"line":67,"column":1},"end":{"line":138,"column":2}},"40":{"start":{"line":68,"column":18},"end":{"line":72,"column":3}},"41":{"start":{"line":74,"column":2},"end":{"line":79,"column":3}},"42":{"start":{"line":75,"column":3},"end":{"line":78,"column":6}},"43":{"start":{"line":81,"column":14},"end":{"line":83,"column":34}},"44":{"start":{"line":86,"column":2},"end":{"line":89,"column":3}},"45":{"start":{"line":87,"column":18},"end":{"line":87,"column":55}},"46":{"start":{"line":88,"column":3},"end":{"line":88,"column":32}},"47":{"start":{"line":91,"column":2},"end":{"line":96,"column":3}},"48":{"start":{"line":92,"column":18},"end":{"line":92,"column":53}},"49":{"start":{"line":93,"column":3},"end":{"line":93,"column":30}},"50":{"start":{"line":95,"column":3},"end":{"line":95,"column":36}},"51":{"start":{"line":99,"column":15},"end":{"line":99,"column":55}},"52":{"start":{"line":100,"column":16},"end":{"line":100,"column":58}},"53":{"start":{"line":101,"column":21},"end":{"line":101,"column":39}},"54":{"start":{"line":102,"column":19},"end":{"line":102,"column":31}},"55":{"start":{"line":103,"column":16},"end":{"line":103,"column":57}},"56":{"start":{"line":105,"column":2},"end":{"line":105,"column":46}},"57":{"start":{"line":106,"column":19},"end":{"line":106,"column":30}},"58":{"start":{"line":109,"column":21},"end":{"line":109,"column":23}},"59":{"start":{"line":111,"column":2},"end":{"line":116,"column":3}},"60":{"start":{"line":112,"column":3},"end":{"line":115,"column":5}},"61":{"start":{"line":118,"column":2},"end":{"line":123,"column":3}},"62":{"start":{"line":119,"column":3},"end":{"line":122,"column":5}},"63":{"start":{"line":125,"column":2},"end":{"line":130,"column":5}},"64":{"start":{"line":132,"column":2},"end":{"line":135,"column":57}},"65":{"start":{"line":133,"column":3},"end":{"line":135,"column":57}},"66":{"start":{"line":136,"column":2},"end":{"line":136,"column":71}},"67":{"start":{"line":137,"column":2},"end":{"line":137,"column":19}},"68":{"start":{"line":144,"column":0},"end":{"line":173,"column":2}},"69":{"start":{"line":145,"column":1},"end":{"line":172,"column":2}},"70":{"start":{"line":146,"column":18},"end":{"line":150,"column":4}},"71":{"start":{"line":152,"column":2},"end":{"line":157,"column":3}},"72":{"start":{"line":153,"column":3},"end":{"line":156,"column":6}},"73":{"start":{"line":160,"column":23},"end":{"line":160,"column":62}},"74":{"start":{"line":161,"column":2},"end":{"line":166,"column":3}},"75":{"start":{"line":162,"column":3},"end":{"line":165,"column":6}},"76":{"start":{"line":168,"column":2},"end":{"line":168,"column":57}},"77":{"start":{"line":170,"column":2},"end":{"line":170,"column":71}},"78":{"start":{"line":171,"column":2},"end":{"line":171,"column":19}},"79":{"start":{"line":178,"column":0},"end":{"line":220,"column":2}},"80":{"start":{"line":179,"column":1},"end":{"line":219,"column":2}},"81":{"start":{"line":180,"column":18},"end":{"line":180,"column":62}},"82":{"start":{"line":182,"column":2},"end":{"line":187,"column":3}},"83":{"start":{"line":183,"column":3},"end":{"line":186,"column":6}},"84":{"start":{"line":189,"column":2},"end":{"line":194,"column":3}},"85":{"start":{"line":190,"column":3},"end":{"line":193,"column":6}},"86":{"start":{"line":196,"column":2},"end":{"line":205,"column":3}},"87":{"start":{"line":197,"column":17},"end":{"line":197,"column":68}},"88":{"start":{"line":199,"column":3},"end":{"line":204,"column":4}},"89":{"start":{"line":200,"column":4},"end":{"line":203,"column":7}},"90":{"start":{"line":207,"column":18},"end":{"line":211,"column":4}},"91":{"start":{"line":213,"column":2},"end":{"line":213,"column":57}},"92":{"start":{"line":215,"column":2},"end":{"line":216,"column":69}},"93":{"start":{"line":216,"column":3},"end":{"line":216,"column":69}},"94":{"start":{"line":217,"column":2},"end":{"line":217,"column":73}},"95":{"start":{"line":218,"column":2},"end":{"line":218,"column":19}},"96":{"start":{"line":225,"column":0},"end":{"line":271,"column":2}},"97":{"start":{"line":226,"column":1},"end":{"line":270,"column":2}},"98":{"start":{"line":227,"column":16},"end":{"line":227,"column":53}},"99":{"start":{"line":229,"column":2},"end":{"line":234,"column":3}},"100":{"start":{"line":230,"column":3},"end":{"line":233,"column":6}},"101":{"start":{"line":236,"column":23},"end":{"line":236,"column":62}},"102":{"start":{"line":237,"column":2},"end":{"line":242,"column":3}},"103":{"start":{"line":238,"column":3},"end":{"line":241,"column":6}},"104":{"start":{"line":245,"column":2},"end":{"line":253,"column":3}},"105":{"start":{"line":246,"column":19},"end":{"line":246,"column":49}},"106":{"start":{"line":247,"column":3},"end":{"line":252,"column":4}},"107":{"start":{"line":248,"column":4},"end":{"line":251,"column":7}},"108":{"start":{"line":255,"column":2},"end":{"line":258,"column":5}},"109":{"start":{"line":260,"column":2},"end":{"line":260,"column":57}},"110":{"start":{"line":262,"column":2},"end":{"line":263,"column":69}},"111":{"start":{"line":263,"column":3},"end":{"line":263,"column":69}},"112":{"start":{"line":264,"column":2},"end":{"line":267,"column":57}},"113":{"start":{"line":265,"column":3},"end":{"line":267,"column":57}},"114":{"start":{"line":268,"column":2},"end":{"line":268,"column":73}},"115":{"start":{"line":269,"column":2},"end":{"line":269,"column":19}},"116":{"start":{"line":276,"column":0},"end":{"line":302,"column":2}},"117":{"start":{"line":277,"column":1},"end":{"line":301,"column":2}},"118":{"start":{"line":278,"column":18},"end":{"line":278,"column":55}},"119":{"start":{"line":280,"column":2},"end":{"line":285,"column":3}},"120":{"start":{"line":281,"column":3},"end":{"line":284,"column":6}},"121":{"start":{"line":287,"column":23},"end":{"line":287,"column":62}},"122":{"start":{"line":288,"column":2},"end":{"line":293,"column":3}},"123":{"start":{"line":289,"column":3},"end":{"line":292,"column":6}},"124":{"start":{"line":295,"column":2},"end":{"line":295,"column":28}},"125":{"start":{"line":297,"column":2},"end":{"line":297,"column":52}},"126":{"start":{"line":299,"column":2},"end":{"line":299,"column":73}},"127":{"start":{"line":300,"column":2},"end":{"line":300,"column":19}}},"fnMap":{"0":{"name":"(anonymous_0)","decl":{"start":{"line":9,"column":27},"end":{"line":9,"column":28}},"loc":{"start":{"line":9,"column":37},"end":{"line":9,"column":75}},"line":9},"1":{"name":"(anonymous_1)","decl":{"start":{"line":10,"column":23},"end":{"line":10,"column":24}},"loc":{"start":{"line":10,"column":48},"end":{"line":26,"column":1}},"line":10},"2":{"name":"(anonymous_2)","decl":{"start":{"line":27,"column":31},"end":{"line":27,"column":32}},"loc":{"start":{"line":27,"column":70},"end":{"line":46,"column":1}},"line":27},"3":{"name":"(anonymous_3)","decl":{"start":{"line":51,"column":22},"end":{"line":51,"column":23}},"loc":{"start":{"line":51,"column":48},"end":{"line":139,"column":1}},"line":51},"4":{"name":"(anonymous_4)","decl":{"start":{"line":57,"column":22},"end":{"line":57,"column":23}},"loc":{"start":{"line":57,"column":33},"end":{"line":57,"column":55}},"line":57},"5":{"name":"(anonymous_5)","decl":{"start":{"line":63,"column":2},"end":{"line":63,"column":3}},"loc":{"start":{"line":63,"column":13},"end":{"line":63,"column":24}},"line":63},"6":{"name":"(anonymous_6)","decl":{"start":{"line":144,"column":21},"end":{"line":144,"column":22}},"loc":{"start":{"line":144,"column":47},"end":{"line":173,"column":1}},"line":144},"7":{"name":"(anonymous_7)","decl":{"start":{"line":178,"column":21},"end":{"line":178,"column":22}},"loc":{"start":{"line":178,"column":47},"end":{"line":220,"column":1}},"line":178},"8":{"name":"(anonymous_8)","decl":{"start":{"line":225,"column":24},"end":{"line":225,"column":25}},"loc":{"start":{"line":225,"column":50},"end":{"line":271,"column":1}},"line":225},"9":{"name":"(anonymous_9)","decl":{"start":{"line":276,"column":24},"end":{"line":276,"column":25}},"loc":{"start":{"line":276,"column":50},"end":{"line":302,"column":1}},"line":276}},"branchMap":{"0":{"loc":{"start":{"line":9,"column":37},"end":{"line":9,"column":75}},"type":"binary-expr","locations":[{"start":{"line":9,"column":37},"end":{"line":9,"column":55}},{"start":{"line":9,"column":59},"end":{"line":9,"column":75}}],"line":9},"1":{"loc":{"start":{"line":11,"column":1},"end":{"line":11,"column":34}},"type":"if","locations":[{"start":{"line":11,"column":1},"end":{"line":11,"column":34}},{"start":{},"end":{}}],"line":11},"2":{"loc":{"start":{"line":13,"column":1},"end":{"line":13,"column":40}},"type":"if","locations":[{"start":{"line":13,"column":1},"end":{"line":13,"column":40}},{"start":{},"end":{}}],"line":13},"3":{"loc":{"start":{"line":15,"column":1},"end":{"line":23,"column":2}},"type":"if","locations":[{"start":{"line":15,"column":1},"end":{"line":23,"column":2}},{"start":{},"end":{}}],"line":15},"4":{"loc":{"start":{"line":18,"column":2},"end":{"line":20,"column":3}},"type":"if","locations":[{"start":{"line":18,"column":2},"end":{"line":20,"column":3}},{"start":{},"end":{}}],"line":18},"5":{"loc":{"start":{"line":28,"column":1},"end":{"line":36,"column":2}},"type":"if","locations":[{"start":{"line":28,"column":1},"end":{"line":36,"column":2}},{"start":{"line":30,"column":8},"end":{"line":36,"column":2}}],"line":28},"6":{"loc":{"start":{"line":29,"column":2},"end":{"line":29,"column":49}},"type":"if","locations":[{"start":{"line":29,"column":2},"end":{"line":29,"column":49}},{"start":{},"end":{}}],"line":29},"7":{"loc":{"start":{"line":30,"column":8},"end":{"line":36,"column":2}},"type":"if","locations":[{"start":{"line":30,"column":8},"end":{"line":36,"column":2}},{"start":{"line":34,"column":8},"end":{"line":36,"column":2}}],"line":30},"8":{"loc":{"start":{"line":32,"column":2},"end":{"line":32,"column":28}},"type":"if","locations":[{"start":{"line":32,"column":2},"end":{"line":32,"column":28}},{"start":{},"end":{}}],"line":32},"9":{"loc":{"start":{"line":74,"column":2},"end":{"line":79,"column":3}},"type":"if","locations":[{"start":{"line":74,"column":2},"end":{"line":79,"column":3}},{"start":{},"end":{}}],"line":74},"10":{"loc":{"start":{"line":86,"column":2},"end":{"line":89,"column":3}},"type":"if","locations":[{"start":{"line":86,"column":2},"end":{"line":89,"column":3}},{"start":{},"end":{}}],"line":86},"11":{"loc":{"start":{"line":91,"column":2},"end":{"line":96,"column":3}},"type":"if","locations":[{"start":{"line":91,"column":2},"end":{"line":96,"column":3}},{"start":{"line":94,"column":9},"end":{"line":96,"column":3}}],"line":91},"12":{"loc":{"start":{"line":99,"column":15},"end":{"line":99,"column":55}},"type":"binary-expr","locations":[{"start":{"line":99,"column":15},"end":{"line":99,"column":50}},{"start":{"line":99,"column":54},"end":{"line":99,"column":55}}],"line":99},"13":{"loc":{"start":{"line":100,"column":16},"end":{"line":100,"column":58}},"type":"binary-expr","locations":[{"start":{"line":100,"column":16},"end":{"line":100,"column":52}},{"start":{"line":100,"column":56},"end":{"line":100,"column":58}}],"line":100},"14":{"loc":{"start":{"line":111,"column":2},"end":{"line":116,"column":3}},"type":"if","locations":[{"start":{"line":111,"column":2},"end":{"line":116,"column":3}},{"start":{},"end":{}}],"line":111},"15":{"loc":{"start":{"line":118,"column":2},"end":{"line":123,"column":3}},"type":"if","locations":[{"start":{"line":118,"column":2},"end":{"line":123,"column":3}},{"start":{},"end":{}}],"line":118},"16":{"loc":{"start":{"line":132,"column":2},"end":{"line":135,"column":57}},"type":"if","locations":[{"start":{"line":132,"column":2},"end":{"line":135,"column":57}},{"start":{},"end":{}}],"line":132},"17":{"loc":{"start":{"line":152,"column":2},"end":{"line":157,"column":3}},"type":"if","locations":[{"start":{"line":152,"column":2},"end":{"line":157,"column":3}},{"start":{},"end":{}}],"line":152},"18":{"loc":{"start":{"line":161,"column":2},"end":{"line":166,"column":3}},"type":"if","locations":[{"start":{"line":161,"column":2},"end":{"line":166,"column":3}},{"start":{},"end":{}}],"line":161},"19":{"loc":{"start":{"line":182,"column":2},"end":{"line":187,"column":3}},"type":"if","locations":[{"start":{"line":182,"column":2},"end":{"line":187,"column":3}},{"start":{},"end":{}}],"line":182},"20":{"loc":{"start":{"line":189,"column":2},"end":{"line":194,"column":3}},"type":"if","locations":[{"start":{"line":189,"column":2},"end":{"line":194,"column":3}},{"start":{},"end":{}}],"line":189},"21":{"loc":{"start":{"line":196,"column":2},"end":{"line":205,"column":3}},"type":"if","locations":[{"start":{"line":196,"column":2},"end":{"line":205,"column":3}},{"start":{},"end":{}}],"line":196},"22":{"loc":{"start":{"line":199,"column":3},"end":{"line":204,"column":4}},"type":"if","locations":[{"start":{"line":199,"column":3},"end":{"line":204,"column":4}},{"start":{},"end":{}}],"line":199},"23":{"loc":{"start":{"line":215,"column":2},"end":{"line":216,"column":69}},"type":"if","locations":[{"start":{"line":215,"column":2},"end":{"line":216,"column":69}},{"start":{},"end":{}}],"line":215},"24":{"loc":{"start":{"line":229,"column":2},"end":{"line":234,"column":3}},"type":"if","locations":[{"start":{"line":229,"column":2},"end":{"line":234,"column":3}},{"start":{},"end":{}}],"line":229},"25":{"loc":{"start":{"line":237,"column":2},"end":{"line":242,"column":3}},"type":"if","locations":[{"start":{"line":237,"column":2},"end":{"line":242,"column":3}},{"start":{},"end":{}}],"line":237},"26":{"loc":{"start":{"line":245,"column":2},"end":{"line":253,"column":3}},"type":"if","locations":[{"start":{"line":245,"column":2},"end":{"line":253,"column":3}},{"start":{},"end":{}}],"line":245},"27":{"loc":{"start":{"line":247,"column":3},"end":{"line":252,"column":4}},"type":"if","locations":[{"start":{"line":247,"column":3},"end":{"line":252,"column":4}},{"start":{},"end":{}}],"line":247},"28":{"loc":{"start":{"line":262,"column":2},"end":{"line":263,"column":69}},"type":"if","locations":[{"start":{"line":262,"column":2},"end":{"line":263,"column":69}},{"start":{},"end":{}}],"line":262},"29":{"loc":{"start":{"line":264,"column":2},"end":{"line":267,"column":57}},"type":"if","locations":[{"start":{"line":264,"column":2},"end":{"line":267,"column":57}},{"start":{},"end":{}}],"line":264},"30":{"loc":{"start":{"line":280,"column":2},"end":{"line":285,"column":3}},"type":"if","locations":[{"start":{"line":280,"column":2},"end":{"line":285,"column":3}},{"start":{},"end":{}}],"line":280},"31":{"loc":{"start":{"line":288,"column":2},"end":{"line":293,"column":3}},"type":"if","locations":[{"start":{"line":288,"column":2},"end":{"line":293,"column":3}},{"start":{},"end":{}}],"line":288}},"s":{"0":3,"1":3,"2":3,"3":3,"4":3,"5":8,"6":3,"7":15,"8":2,"9":13,"10":1,"11":12,"12":1,"13":1,"14":0,"15":1,"16":11,"17":3,"18":9,"19":6,"20":2,"21":3,"22":2,"23":2,"24":1,"25":1,"26":1,"27":8,"28":8,"29":8,"30":3,"31":9,"32":9,"33":9,"34":36,"35":9,"36":9,"37":1,"38":9,"39":9,"40":9,"41":9,"42":1,"43":8,"44":8,"45":1,"46":1,"47":8,"48":1,"49":1,"50":7,"51":8,"52":8,"53":8,"54":8,"55":8,"56":6,"57":6,"58":6,"59":6,"60":1,"61":6,"62":1,"63":6,"64":2,"65":1,"66":1,"67":1,"68":3,"69":9,"70":9,"71":8,"72":1,"73":7,"74":7,"75":4,"76":3,"77":1,"78":1,"79":3,"80":8,"81":8,"82":7,"83":1,"84":6,"85":1,"86":5,"87":4,"88":4,"89":1,"90":4,"91":3,"92":2,"93":1,"94":1,"95":1,"96":3,"97":8,"98":8,"99":7,"100":1,"101":6,"102":6,"103":1,"104":5,"105":2,"106":2,"107":1,"108":4,"109":1,"110":4,"111":1,"112":3,"113":2,"114":1,"115":1,"116":3,"117":4,"118":4,"119":3,"120":1,"121":2,"122":2,"123":1,"124":1,"125":1,"126":1,"127":1},"f":{"0":8,"1":15,"2":9,"3":9,"4":36,"5":1,"6":9,"7":8,"8":8,"9":4},"b":{"0":[8,8],"1":[2,13],"2":[1,12],"3":[1,11],"4":[0,1],"5":[6,3],"6":[2,4],"7":[2,1],"8":[1,1],"9":[1,8],"10":[1,7],"11":[1,7],"12":[8,7],"13":[8,7],"14":[1,5],"15":[1,5],"16":[1,1],"17":[1,7],"18":[4,3],"19":[1,6],"20":[1,5],"21":[4,1],"22":[1,3],"23":[1,1],"24":[1,6],"25":[1,5],"26":[2,3],"27":[1,1],"28":[1,3],"29":[2,1],"30":[1,2],"31":[1,1]},"_coverageSchema":"1a1c01bbd47fc00a2c39e90264f33305004495a9","hash":"052c6056b1057239a8dda76b67a3bd34dc8f5940"}
,"/Users/pasitpromjan/Downloads/expedition-33/se-project-be-68-2-expedition33/controllers/companies.js": {"path":"/Users/pasitpromjan/Downloads/expedition-33/se-project-be-68-2-expedition33/controllers/companies.js","statementMap":{"0":{"start":{"line":1,"column":17},"end":{"line":1,"column":36}},"1":{"start":{"line":2,"column":16},"end":{"line":2,"column":44}},"2":{"start":{"line":3,"column":16},"end":{"line":3,"column":44}},"3":{"start":{"line":4,"column":16},"end":{"line":4,"column":44}},"4":{"start":{"line":5,"column":13},"end":{"line":5,"column":38}},"5":{"start":{"line":6,"column":19},"end":{"line":6,"column":50}},"6":{"start":{"line":7,"column":21},"end":{"line":7,"column":43}},"7":{"start":{"line":10,"column":27},"end":{"line":27,"column":1}},"8":{"start":{"line":11,"column":1},"end":{"line":26,"column":4}},"9":{"start":{"line":12,"column":28},"end":{"line":24,"column":3}},"10":{"start":{"line":15,"column":4},"end":{"line":22,"column":5}},"11":{"start":{"line":16,"column":5},"end":{"line":19,"column":8}},"12":{"start":{"line":21,"column":5},"end":{"line":21,"column":58}},"13":{"start":{"line":25,"column":2},"end":{"line":25,"column":52}},"14":{"start":{"line":30,"column":27},"end":{"line":54,"column":1}},"15":{"start":{"line":31,"column":17},"end":{"line":31,"column":19}},"16":{"start":{"line":32,"column":22},"end":{"line":32,"column":24}},"17":{"start":{"line":34,"column":1},"end":{"line":34,"column":46}},"18":{"start":{"line":34,"column":13},"end":{"line":34,"column":46}},"19":{"start":{"line":37,"column":1},"end":{"line":41,"column":2}},"20":{"start":{"line":38,"column":14},"end":{"line":38,"column":69}},"21":{"start":{"line":39,"column":2},"end":{"line":39,"column":60}},"22":{"start":{"line":40,"column":2},"end":{"line":40,"column":35}},"23":{"start":{"line":44,"column":1},"end":{"line":51,"column":2}},"24":{"start":{"line":45,"column":2},"end":{"line":45,"column":25}},"25":{"start":{"line":46,"column":2},"end":{"line":50,"column":3}},"26":{"start":{"line":47,"column":15},"end":{"line":47,"column":65}},"27":{"start":{"line":48,"column":3},"end":{"line":48,"column":70}},"28":{"start":{"line":49,"column":3},"end":{"line":49,"column":36}},"29":{"start":{"line":53,"column":1},"end":{"line":53,"column":34}},"30":{"start":{"line":57,"column":26},"end":{"line":95,"column":1}},"31":{"start":{"line":63,"column":19},"end":{"line":65,"column":16}},"32":{"start":{"line":66,"column":24},"end":{"line":66,"column":54}},"33":{"start":{"line":69,"column":22},"end":{"line":71,"column":2}},"34":{"start":{"line":72,"column":1},"end":{"line":78,"column":2}},"35":{"start":{"line":73,"column":16},"end":{"line":75,"column":3}},"36":{"start":{"line":76,"column":2},"end":{"line":76,"column":33}},"37":{"start":{"line":77,"column":2},"end":{"line":77,"column":14}},"38":{"start":{"line":81,"column":23},"end":{"line":92,"column":2}},"39":{"start":{"line":94,"column":1},"end":{"line":94,"column":25}},"40":{"start":{"line":100,"column":0},"end":{"line":171,"column":2}},"41":{"start":{"line":104,"column":18},"end":{"line":104,"column":34}},"42":{"start":{"line":107,"column":22},"end":{"line":107,"column":57}},"43":{"start":{"line":110,"column":1},"end":{"line":110,"column":57}},"44":{"start":{"line":110,"column":33},"end":{"line":110,"column":55}},"45":{"start":{"line":113,"column":16},"end":{"line":113,"column":40}},"46":{"start":{"line":116,"column":1},"end":{"line":119,"column":3}},"47":{"start":{"line":118,"column":13},"end":{"line":118,"column":24}},"48":{"start":{"line":122,"column":1},"end":{"line":122,"column":86}},"49":{"start":{"line":125,"column":1},"end":{"line":128,"column":2}},"50":{"start":{"line":126,"column":17},"end":{"line":126,"column":54}},"51":{"start":{"line":127,"column":2},"end":{"line":127,"column":31}},"52":{"start":{"line":131,"column":1},"end":{"line":136,"column":2}},"53":{"start":{"line":132,"column":17},"end":{"line":132,"column":52}},"54":{"start":{"line":133,"column":2},"end":{"line":133,"column":29}},"55":{"start":{"line":135,"column":2},"end":{"line":135,"column":35}},"56":{"start":{"line":139,"column":14},"end":{"line":139,"column":54}},"57":{"start":{"line":140,"column":15},"end":{"line":140,"column":57}},"58":{"start":{"line":141,"column":20},"end":{"line":141,"column":38}},"59":{"start":{"line":142,"column":18},"end":{"line":142,"column":30}},"60":{"start":{"line":144,"column":1},"end":{"line":170,"column":2}},"61":{"start":{"line":145,"column":16},"end":{"line":145,"column":66}},"62":{"start":{"line":146,"column":2},"end":{"line":146,"column":46}},"63":{"start":{"line":149,"column":20},"end":{"line":149,"column":31}},"64":{"start":{"line":152,"column":21},"end":{"line":152,"column":23}},"65":{"start":{"line":154,"column":2},"end":{"line":156,"column":3}},"66":{"start":{"line":155,"column":3},"end":{"line":155,"column":47}},"67":{"start":{"line":157,"column":2},"end":{"line":159,"column":3}},"68":{"start":{"line":158,"column":3},"end":{"line":158,"column":47}},"69":{"start":{"line":161,"column":2},"end":{"line":166,"column":5}},"70":{"start":{"line":168,"column":2},"end":{"line":168,"column":74}},"71":{"start":{"line":169,"column":2},"end":{"line":169,"column":19}},"72":{"start":{"line":176,"column":0},"end":{"line":194,"column":2}},"73":{"start":{"line":177,"column":1},"end":{"line":193,"column":2}},"74":{"start":{"line":178,"column":18},"end":{"line":178,"column":97}},"75":{"start":{"line":180,"column":2},"end":{"line":185,"column":3}},"76":{"start":{"line":181,"column":3},"end":{"line":184,"column":6}},"77":{"start":{"line":187,"column":2},"end":{"line":187,"column":57}},"78":{"start":{"line":189,"column":2},"end":{"line":190,"column":70}},"79":{"start":{"line":190,"column":3},"end":{"line":190,"column":70}},"80":{"start":{"line":191,"column":2},"end":{"line":191,"column":72}},"81":{"start":{"line":192,"column":2},"end":{"line":192,"column":19}},"82":{"start":{"line":199,"column":0},"end":{"line":273,"column":2}},"83":{"start":{"line":200,"column":17},"end":{"line":200,"column":46}},"84":{"start":{"line":201,"column":25},"end":{"line":201,"column":27}},"85":{"start":{"line":202,"column":1},"end":{"line":272,"column":2}},"86":{"start":{"line":203,"column":2},"end":{"line":203,"column":29}},"87":{"start":{"line":206,"column":2},"end":{"line":214,"column":5}},"88":{"start":{"line":207,"column":3},"end":{"line":213,"column":4}},"89":{"start":{"line":212,"column":4},"end":{"line":212,"column":25}},"90":{"start":{"line":216,"column":51},"end":{"line":216,"column":59}},"91":{"start":{"line":219,"column":2},"end":{"line":225,"column":3}},"92":{"start":{"line":220,"column":17},"end":{"line":222,"column":4}},"93":{"start":{"line":223,"column":3},"end":{"line":223,"column":34}},"94":{"start":{"line":224,"column":3},"end":{"line":224,"column":15}},"95":{"start":{"line":229,"column":36},"end":{"line":229,"column":71}},"96":{"start":{"line":230,"column":2},"end":{"line":230,"column":38}},"97":{"start":{"line":231,"column":2},"end":{"line":231,"column":35}},"98":{"start":{"line":234,"column":21},"end":{"line":239,"column":3}},"99":{"start":{"line":241,"column":2},"end":{"line":241,"column":46}},"100":{"start":{"line":244,"column":2},"end":{"line":244,"column":26}},"101":{"start":{"line":247,"column":21},"end":{"line":247,"column":69}},"102":{"start":{"line":249,"column":2},"end":{"line":249,"column":36}},"103":{"start":{"line":250,"column":2},"end":{"line":250,"column":23}},"104":{"start":{"line":252,"column":2},"end":{"line":256,"column":5}},"105":{"start":{"line":258,"column":2},"end":{"line":258,"column":35}},"106":{"start":{"line":259,"column":2},"end":{"line":259,"column":23}},"107":{"start":{"line":261,"column":2},"end":{"line":266,"column":3}},"108":{"start":{"line":262,"column":26},"end":{"line":264,"column":4}},"109":{"start":{"line":263,"column":4},"end":{"line":263,"column":41}},"110":{"start":{"line":265,"column":3},"end":{"line":265,"column":37}},"111":{"start":{"line":268,"column":2},"end":{"line":269,"column":69}},"112":{"start":{"line":269,"column":3},"end":{"line":269,"column":69}},"113":{"start":{"line":270,"column":2},"end":{"line":270,"column":73}},"114":{"start":{"line":271,"column":2},"end":{"line":271,"column":19}},"115":{"start":{"line":278,"column":0},"end":{"line":324,"column":2}},"116":{"start":{"line":279,"column":1},"end":{"line":323,"column":2}},"117":{"start":{"line":281,"column":2},"end":{"line":281,"column":33}},"118":{"start":{"line":282,"column":2},"end":{"line":282,"column":23}},"119":{"start":{"line":283,"column":2},"end":{"line":283,"column":29}},"120":{"start":{"line":284,"column":2},"end":{"line":284,"column":27}},"121":{"start":{"line":285,"column":2},"end":{"line":285,"column":23}},"122":{"start":{"line":286,"column":2},"end":{"line":286,"column":28}},"123":{"start":{"line":289,"column":2},"end":{"line":297,"column":5}},"124":{"start":{"line":290,"column":3},"end":{"line":296,"column":4}},"125":{"start":{"line":295,"column":4},"end":{"line":295,"column":25}},"126":{"start":{"line":300,"column":22},"end":{"line":300,"column":57}},"127":{"start":{"line":301,"column":2},"end":{"line":301,"column":35}},"128":{"start":{"line":303,"column":18},"end":{"line":306,"column":4}},"129":{"start":{"line":308,"column":2},"end":{"line":313,"column":3}},"130":{"start":{"line":309,"column":3},"end":{"line":312,"column":6}},"131":{"start":{"line":315,"column":2},"end":{"line":315,"column":64}},"132":{"start":{"line":317,"column":2},"end":{"line":318,"column":69}},"133":{"start":{"line":318,"column":3},"end":{"line":318,"column":69}},"134":{"start":{"line":319,"column":2},"end":{"line":320,"column":70}},"135":{"start":{"line":320,"column":3},"end":{"line":320,"column":70}},"136":{"start":{"line":321,"column":2},"end":{"line":321,"column":73}},"137":{"start":{"line":322,"column":2},"end":{"line":322,"column":19}},"138":{"start":{"line":329,"column":0},"end":{"line":386,"column":2}},"139":{"start":{"line":330,"column":17},"end":{"line":330,"column":46}},"140":{"start":{"line":332,"column":1},"end":{"line":385,"column":2}},"141":{"start":{"line":333,"column":2},"end":{"line":333,"column":29}},"142":{"start":{"line":335,"column":20},"end":{"line":335,"column":33}},"143":{"start":{"line":336,"column":18},"end":{"line":336,"column":68}},"144":{"start":{"line":338,"column":2},"end":{"line":346,"column":3}},"145":{"start":{"line":339,"column":3},"end":{"line":339,"column":36}},"146":{"start":{"line":340,"column":3},"end":{"line":340,"column":24}},"147":{"start":{"line":342,"column":3},"end":{"line":345,"column":6}},"148":{"start":{"line":349,"column":22},"end":{"line":349,"column":24}},"149":{"start":{"line":350,"column":2},"end":{"line":350,"column":72}},"150":{"start":{"line":350,"column":31},"end":{"line":350,"column":72}},"151":{"start":{"line":351,"column":2},"end":{"line":353,"column":3}},"152":{"start":{"line":352,"column":3},"end":{"line":352,"column":75}},"153":{"start":{"line":352,"column":40},"end":{"line":352,"column":73}},"154":{"start":{"line":355,"column":2},"end":{"line":359,"column":3}},"155":{"start":{"line":356,"column":3},"end":{"line":358,"column":5}},"156":{"start":{"line":357,"column":28},"end":{"line":357,"column":59}},"157":{"start":{"line":362,"column":2},"end":{"line":362,"column":64}},"158":{"start":{"line":363,"column":2},"end":{"line":363,"column":64}},"159":{"start":{"line":364,"column":2},"end":{"line":364,"column":59}},"160":{"start":{"line":367,"column":2},"end":{"line":369,"column":3}},"161":{"start":{"line":368,"column":3},"end":{"line":368,"column":70}},"162":{"start":{"line":371,"column":2},"end":{"line":371,"column":36}},"163":{"start":{"line":372,"column":2},"end":{"line":372,"column":23}},"164":{"start":{"line":374,"column":2},"end":{"line":374,"column":52}},"165":{"start":{"line":376,"column":2},"end":{"line":376,"column":35}},"166":{"start":{"line":377,"column":2},"end":{"line":377,"column":23}},"167":{"start":{"line":379,"column":2},"end":{"line":381,"column":3}},"168":{"start":{"line":380,"column":3},"end":{"line":380,"column":70}},"169":{"start":{"line":383,"column":2},"end":{"line":383,"column":73}},"170":{"start":{"line":384,"column":2},"end":{"line":384,"column":19}}},"fnMap":{"0":{"name":"(anonymous_0)","decl":{"start":{"line":10,"column":27},"end":{"line":10,"column":28}},"loc":{"start":{"line":10,"column":51},"end":{"line":27,"column":1}},"line":10},"1":{"name":"(anonymous_1)","decl":{"start":{"line":11,"column":20},"end":{"line":11,"column":21}},"loc":{"start":{"line":11,"column":41},"end":{"line":26,"column":2}},"line":11},"2":{"name":"(anonymous_2)","decl":{"start":{"line":14,"column":3},"end":{"line":14,"column":4}},"loc":{"start":{"line":14,"column":22},"end":{"line":23,"column":4}},"line":14},"3":{"name":"(anonymous_3)","decl":{"start":{"line":30,"column":27},"end":{"line":30,"column":28}},"loc":{"start":{"line":30,"column":44},"end":{"line":54,"column":1}},"line":30},"4":{"name":"(anonymous_4)","decl":{"start":{"line":57,"column":26},"end":{"line":57,"column":27}},"loc":{"start":{"line":62,"column":5},"end":{"line":95,"column":1}},"line":62},"5":{"name":"(anonymous_5)","decl":{"start":{"line":100,"column":23},"end":{"line":100,"column":24}},"loc":{"start":{"line":100,"column":49},"end":{"line":171,"column":1}},"line":100},"6":{"name":"(anonymous_6)","decl":{"start":{"line":110,"column":22},"end":{"line":110,"column":23}},"loc":{"start":{"line":110,"column":33},"end":{"line":110,"column":55}},"line":110},"7":{"name":"(anonymous_7)","decl":{"start":{"line":118,"column":2},"end":{"line":118,"column":3}},"loc":{"start":{"line":118,"column":13},"end":{"line":118,"column":24}},"line":118},"8":{"name":"(anonymous_8)","decl":{"start":{"line":176,"column":21},"end":{"line":176,"column":22}},"loc":{"start":{"line":176,"column":41},"end":{"line":194,"column":1}},"line":176},"9":{"name":"(anonymous_9)","decl":{"start":{"line":199,"column":24},"end":{"line":199,"column":25}},"loc":{"start":{"line":199,"column":44},"end":{"line":273,"column":1}},"line":199},"10":{"name":"(anonymous_10)","decl":{"start":{"line":206,"column":32},"end":{"line":206,"column":33}},"loc":{"start":{"line":206,"column":41},"end":{"line":214,"column":3}},"line":206},"11":{"name":"(anonymous_11)","decl":{"start":{"line":262,"column":48},"end":{"line":262,"column":49}},"loc":{"start":{"line":263,"column":4},"end":{"line":263,"column":41}},"line":263},"12":{"name":"(anonymous_12)","decl":{"start":{"line":278,"column":24},"end":{"line":278,"column":25}},"loc":{"start":{"line":278,"column":44},"end":{"line":324,"column":1}},"line":278},"13":{"name":"(anonymous_13)","decl":{"start":{"line":289,"column":32},"end":{"line":289,"column":33}},"loc":{"start":{"line":289,"column":41},"end":{"line":297,"column":3}},"line":289},"14":{"name":"(anonymous_14)","decl":{"start":{"line":329,"column":24},"end":{"line":329,"column":25}},"loc":{"start":{"line":329,"column":44},"end":{"line":386,"column":1}},"line":329},"15":{"name":"(anonymous_15)","decl":{"start":{"line":352,"column":29},"end":{"line":352,"column":30}},"loc":{"start":{"line":352,"column":40},"end":{"line":352,"column":73}},"line":352},"16":{"name":"(anonymous_16)","decl":{"start":{"line":357,"column":20},"end":{"line":357,"column":21}},"loc":{"start":{"line":357,"column":28},"end":{"line":357,"column":59}},"line":357}},"branchMap":{"0":{"loc":{"start":{"line":15,"column":4},"end":{"line":22,"column":5}},"type":"if","locations":[{"start":{"line":15,"column":4},"end":{"line":22,"column":5}},{"start":{"line":20,"column":11},"end":{"line":22,"column":5}}],"line":15},"1":{"loc":{"start":{"line":21,"column":22},"end":{"line":21,"column":55}},"type":"binary-expr","locations":[{"start":{"line":21,"column":22},"end":{"line":21,"column":36}},{"start":{"line":21,"column":40},"end":{"line":21,"column":55}}],"line":21},"2":{"loc":{"start":{"line":34,"column":1},"end":{"line":34,"column":46}},"type":"if","locations":[{"start":{"line":34,"column":1},"end":{"line":34,"column":46}},{"start":{},"end":{}}],"line":34},"3":{"loc":{"start":{"line":37,"column":1},"end":{"line":41,"column":2}},"type":"if","locations":[{"start":{"line":37,"column":1},"end":{"line":41,"column":2}},{"start":{},"end":{}}],"line":37},"4":{"loc":{"start":{"line":44,"column":1},"end":{"line":51,"column":2}},"type":"if","locations":[{"start":{"line":44,"column":1},"end":{"line":51,"column":2}},{"start":{},"end":{}}],"line":44},"5":{"loc":{"start":{"line":72,"column":1},"end":{"line":78,"column":2}},"type":"if","locations":[{"start":{"line":72,"column":1},"end":{"line":78,"column":2}},{"start":{},"end":{}}],"line":72},"6":{"loc":{"start":{"line":125,"column":1},"end":{"line":128,"column":2}},"type":"if","locations":[{"start":{"line":125,"column":1},"end":{"line":128,"column":2}},{"start":{},"end":{}}],"line":125},"7":{"loc":{"start":{"line":131,"column":1},"end":{"line":136,"column":2}},"type":"if","locations":[{"start":{"line":131,"column":1},"end":{"line":136,"column":2}},{"start":{"line":134,"column":8},"end":{"line":136,"column":2}}],"line":131},"8":{"loc":{"start":{"line":139,"column":14},"end":{"line":139,"column":54}},"type":"binary-expr","locations":[{"start":{"line":139,"column":14},"end":{"line":139,"column":49}},{"start":{"line":139,"column":53},"end":{"line":139,"column":54}}],"line":139},"9":{"loc":{"start":{"line":140,"column":15},"end":{"line":140,"column":57}},"type":"binary-expr","locations":[{"start":{"line":140,"column":15},"end":{"line":140,"column":51}},{"start":{"line":140,"column":55},"end":{"line":140,"column":57}}],"line":140},"10":{"loc":{"start":{"line":154,"column":2},"end":{"line":156,"column":3}},"type":"if","locations":[{"start":{"line":154,"column":2},"end":{"line":156,"column":3}},{"start":{},"end":{}}],"line":154},"11":{"loc":{"start":{"line":157,"column":2},"end":{"line":159,"column":3}},"type":"if","locations":[{"start":{"line":157,"column":2},"end":{"line":159,"column":3}},{"start":{},"end":{}}],"line":157},"12":{"loc":{"start":{"line":180,"column":2},"end":{"line":185,"column":3}},"type":"if","locations":[{"start":{"line":180,"column":2},"end":{"line":185,"column":3}},{"start":{},"end":{}}],"line":180},"13":{"loc":{"start":{"line":189,"column":2},"end":{"line":190,"column":70}},"type":"if","locations":[{"start":{"line":189,"column":2},"end":{"line":190,"column":70}},{"start":{},"end":{}}],"line":189},"14":{"loc":{"start":{"line":207,"column":3},"end":{"line":213,"column":4}},"type":"if","locations":[{"start":{"line":207,"column":3},"end":{"line":213,"column":4}},{"start":{},"end":{}}],"line":207},"15":{"loc":{"start":{"line":208,"column":4},"end":{"line":210,"column":28}},"type":"binary-expr","locations":[{"start":{"line":208,"column":4},"end":{"line":208,"column":24}},{"start":{"line":209,"column":4},"end":{"line":209,"column":33}},{"start":{"line":210,"column":4},"end":{"line":210,"column":28}}],"line":208},"16":{"loc":{"start":{"line":219,"column":2},"end":{"line":225,"column":3}},"type":"if","locations":[{"start":{"line":219,"column":2},"end":{"line":225,"column":3}},{"start":{},"end":{}}],"line":219},"17":{"loc":{"start":{"line":219,"column":6},"end":{"line":219,"column":51}},"type":"binary-expr","locations":[{"start":{"line":219,"column":6},"end":{"line":219,"column":17}},{"start":{"line":219,"column":21},"end":{"line":219,"column":30}},{"start":{"line":219,"column":34},"end":{"line":219,"column":51}}],"line":219},"18":{"loc":{"start":{"line":261,"column":2},"end":{"line":266,"column":3}},"type":"if","locations":[{"start":{"line":261,"column":2},"end":{"line":266,"column":3}},{"start":{},"end":{}}],"line":261},"19":{"loc":{"start":{"line":268,"column":2},"end":{"line":269,"column":69}},"type":"if","locations":[{"start":{"line":268,"column":2},"end":{"line":269,"column":69}},{"start":{},"end":{}}],"line":268},"20":{"loc":{"start":{"line":290,"column":3},"end":{"line":296,"column":4}},"type":"if","locations":[{"start":{"line":290,"column":3},"end":{"line":296,"column":4}},{"start":{},"end":{}}],"line":290},"21":{"loc":{"start":{"line":291,"column":4},"end":{"line":293,"column":28}},"type":"binary-expr","locations":[{"start":{"line":291,"column":4},"end":{"line":291,"column":24}},{"start":{"line":292,"column":4},"end":{"line":292,"column":33}},{"start":{"line":293,"column":4},"end":{"line":293,"column":28}}],"line":291},"22":{"loc":{"start":{"line":308,"column":2},"end":{"line":313,"column":3}},"type":"if","locations":[{"start":{"line":308,"column":2},"end":{"line":313,"column":3}},{"start":{},"end":{}}],"line":308},"23":{"loc":{"start":{"line":317,"column":2},"end":{"line":318,"column":69}},"type":"if","locations":[{"start":{"line":317,"column":2},"end":{"line":318,"column":69}},{"start":{},"end":{}}],"line":317},"24":{"loc":{"start":{"line":319,"column":2},"end":{"line":320,"column":70}},"type":"if","locations":[{"start":{"line":319,"column":2},"end":{"line":320,"column":70}},{"start":{},"end":{}}],"line":319},"25":{"loc":{"start":{"line":338,"column":2},"end":{"line":346,"column":3}},"type":"if","locations":[{"start":{"line":338,"column":2},"end":{"line":346,"column":3}},{"start":{},"end":{}}],"line":338},"26":{"loc":{"start":{"line":350,"column":2},"end":{"line":350,"column":72}},"type":"if","locations":[{"start":{"line":350,"column":2},"end":{"line":350,"column":72}},{"start":{},"end":{}}],"line":350},"27":{"loc":{"start":{"line":351,"column":2},"end":{"line":353,"column":3}},"type":"if","locations":[{"start":{"line":351,"column":2},"end":{"line":353,"column":3}},{"start":{},"end":{}}],"line":351},"28":{"loc":{"start":{"line":355,"column":2},"end":{"line":359,"column":3}},"type":"if","locations":[{"start":{"line":355,"column":2},"end":{"line":359,"column":3}},{"start":{},"end":{}}],"line":355},"29":{"loc":{"start":{"line":367,"column":2},"end":{"line":369,"column":3}},"type":"if","locations":[{"start":{"line":367,"column":2},"end":{"line":369,"column":3}},{"start":{},"end":{}}],"line":367},"30":{"loc":{"start":{"line":379,"column":2},"end":{"line":381,"column":3}},"type":"if","locations":[{"start":{"line":379,"column":2},"end":{"line":381,"column":3}},{"start":{},"end":{}}],"line":379}},"s":{"0":3,"1":3,"2":3,"3":3,"4":3,"5":3,"6":3,"7":3,"8":5,"9":5,"10":5,"11":4,"12":1,"13":5,"14":3,"15":11,"16":11,"17":11,"18":0,"19":11,"20":4,"21":3,"22":3,"23":10,"24":1,"25":1,"26":1,"27":1,"28":1,"29":10,"30":3,"31":4,"32":4,"33":4,"34":4,"35":1,"36":1,"37":1,"38":3,"39":3,"40":3,"41":6,"42":6,"43":6,"44":24,"45":6,"46":6,"47":1,"48":6,"49":6,"50":1,"51":1,"52":6,"53":1,"54":1,"55":5,"56":6,"57":6,"58":6,"59":6,"60":6,"61":6,"62":5,"63":5,"64":5,"65":5,"66":1,"67":5,"68":1,"69":5,"70":1,"71":1,"72":3,"73":4,"74":4,"75":2,"76":1,"77":1,"78":2,"79":1,"80":1,"81":1,"82":3,"83":6,"84":6,"85":6,"86":6,"87":6,"88":38,"89":1,"90":6,"91":6,"92":1,"93":1,"94":1,"95":5,"96":4,"97":4,"98":4,"99":3,"100":3,"101":3,"102":2,"103":2,"104":2,"105":4,"106":4,"107":4,"108":1,"109":1,"110":1,"111":4,"112":2,"113":2,"114":2,"115":3,"116":6,"117":6,"118":6,"119":6,"120":6,"121":6,"122":6,"123":6,"124":6,"125":2,"126":6,"127":6,"128":6,"129":3,"130":1,"131":2,"132":3,"133":1,"134":2,"135":1,"136":1,"137":1,"138":3,"139":4,"140":4,"141":4,"142":4,"143":4,"144":2,"145":1,"146":1,"147":1,"148":1,"149":1,"150":1,"151":1,"152":1,"153":1,"154":1,"155":1,"156":2,"157":1,"158":1,"159":1,"160":1,"161":1,"162":1,"163":1,"164":1,"165":2,"166":2,"167":2,"168":1,"169":1,"170":1},"f":{"0":5,"1":5,"2":5,"3":11,"4":4,"5":6,"6":24,"7":1,"8":4,"9":6,"10":38,"11":1,"12":6,"13":6,"14":4,"15":1,"16":2},"b":{"0":[4,1],"1":[1,0],"2":[0,11],"3":[4,7],"4":[1,9],"5":[1,3],"6":[1,5],"7":[1,5],"8":[6,4],"9":[6,4],"10":[1,4],"11":[1,4],"12":[1,1],"13":[1,1],"14":[1,37],"15":[38,38,38],"16":[1,5],"17":[6,5,5],"18":[1,3],"19":[2,2],"20":[2,4],"21":[6,5,4],"22":[1,2],"23":[1,2],"24":[1,1],"25":[1,1],"26":[1,0],"27":[1,0],"28":[1,0],"29":[1,0],"30":[1,1]},"_coverageSchema":"1a1c01bbd47fc00a2c39e90264f33305004495a9","hash":"1ef7133ef29c01e0f28a954328122cbd25881b6f"}
,"/Users/pasitpromjan/Downloads/expedition-33/se-project-be-68-2-expedition33/controllers/payments.js": {"path":"/Users/pasitpromjan/Downloads/expedition-33/se-project-be-68-2-expedition33/controllers/payments.js","statementMap":{"0":{"start":{"line":1,"column":16},"end":{"line":1,"column":44}},"1":{"start":{"line":2,"column":16},"end":{"line":2,"column":44}},"2":{"start":{"line":5,"column":19},"end":{"line":5,"column":41}},"3":{"start":{"line":6,"column":17},"end":{"line":6,"column":39}},"4":{"start":{"line":9,"column":27},"end":{"line":9,"column":30}},"5":{"start":{"line":12,"column":27},"end":{"line":12,"column":75}},"6":{"start":{"line":12,"column":37},"end":{"line":12,"column":75}},"7":{"start":{"line":13,"column":18},"end":{"line":13,"column":60}},"8":{"start":{"line":13,"column":28},"end":{"line":13,"column":60}},"9":{"start":{"line":14,"column":18},"end":{"line":31,"column":1}},"10":{"start":{"line":15,"column":1},"end":{"line":30,"column":2}},"11":{"start":{"line":16,"column":2},"end":{"line":16,"column":29}},"12":{"start":{"line":17,"column":8},"end":{"line":30,"column":2}},"13":{"start":{"line":18,"column":2},"end":{"line":18,"column":30}},"14":{"start":{"line":19,"column":8},"end":{"line":30,"column":2}},"15":{"start":{"line":20,"column":2},"end":{"line":20,"column":27}},"16":{"start":{"line":21,"column":8},"end":{"line":30,"column":2}},"17":{"start":{"line":22,"column":2},"end":{"line":22,"column":26}},"18":{"start":{"line":23,"column":8},"end":{"line":30,"column":2}},"19":{"start":{"line":27,"column":2},"end":{"line":27,"column":29}},"20":{"start":{"line":29,"column":2},"end":{"line":29,"column":14}},"21":{"start":{"line":32,"column":25},"end":{"line":42,"column":1}},"22":{"start":{"line":33,"column":1},"end":{"line":33,"column":44}},"23":{"start":{"line":33,"column":32},"end":{"line":33,"column":44}},"24":{"start":{"line":35,"column":1},"end":{"line":39,"column":2}},"25":{"start":{"line":36,"column":18},"end":{"line":36,"column":72}},"26":{"start":{"line":38,"column":2},"end":{"line":38,"column":52}},"27":{"start":{"line":41,"column":1},"end":{"line":41,"column":14}},"28":{"start":{"line":47,"column":0},"end":{"line":127,"column":2}},"29":{"start":{"line":51,"column":18},"end":{"line":51,"column":34}},"30":{"start":{"line":54,"column":22},"end":{"line":54,"column":57}},"31":{"start":{"line":55,"column":1},"end":{"line":55,"column":57}},"32":{"start":{"line":55,"column":33},"end":{"line":55,"column":55}},"33":{"start":{"line":58,"column":16},"end":{"line":58,"column":40}},"34":{"start":{"line":59,"column":1},"end":{"line":62,"column":3}},"35":{"start":{"line":61,"column":13},"end":{"line":61,"column":24}},"36":{"start":{"line":63,"column":21},"end":{"line":63,"column":41}},"37":{"start":{"line":66,"column":1},"end":{"line":76,"column":2}},"38":{"start":{"line":67,"column":18},"end":{"line":67,"column":72}},"39":{"start":{"line":69,"column":2},"end":{"line":73,"column":3}},"40":{"start":{"line":70,"column":3},"end":{"line":72,"column":69}},"41":{"start":{"line":75,"column":2},"end":{"line":75,"column":35}},"42":{"start":{"line":79,"column":1},"end":{"line":79,"column":55}},"43":{"start":{"line":82,"column":1},"end":{"line":85,"column":2}},"44":{"start":{"line":83,"column":17},"end":{"line":83,"column":54}},"45":{"start":{"line":84,"column":2},"end":{"line":84,"column":31}},"46":{"start":{"line":88,"column":1},"end":{"line":93,"column":2}},"47":{"start":{"line":89,"column":17},"end":{"line":89,"column":52}},"48":{"start":{"line":90,"column":2},"end":{"line":90,"column":29}},"49":{"start":{"line":92,"column":2},"end":{"line":92,"column":35}},"50":{"start":{"line":96,"column":14},"end":{"line":96,"column":54}},"51":{"start":{"line":97,"column":15},"end":{"line":97,"column":57}},"52":{"start":{"line":98,"column":20},"end":{"line":98,"column":38}},"53":{"start":{"line":99,"column":18},"end":{"line":99,"column":30}},"54":{"start":{"line":101,"column":1},"end":{"line":126,"column":2}},"55":{"start":{"line":102,"column":16},"end":{"line":102,"column":57}},"56":{"start":{"line":103,"column":2},"end":{"line":103,"column":46}},"57":{"start":{"line":105,"column":19},"end":{"line":105,"column":30}},"58":{"start":{"line":108,"column":21},"end":{"line":108,"column":23}},"59":{"start":{"line":110,"column":2},"end":{"line":112,"column":3}},"60":{"start":{"line":111,"column":3},"end":{"line":111,"column":47}},"61":{"start":{"line":113,"column":2},"end":{"line":115,"column":3}},"62":{"start":{"line":114,"column":3},"end":{"line":114,"column":47}},"63":{"start":{"line":117,"column":2},"end":{"line":122,"column":5}},"64":{"start":{"line":124,"column":2},"end":{"line":124,"column":73}},"65":{"start":{"line":125,"column":2},"end":{"line":125,"column":19}},"66":{"start":{"line":132,"column":0},"end":{"line":156,"column":2}},"67":{"start":{"line":133,"column":1},"end":{"line":155,"column":2}},"68":{"start":{"line":134,"column":18},"end":{"line":134,"column":55}},"69":{"start":{"line":136,"column":2},"end":{"line":141,"column":3}},"70":{"start":{"line":137,"column":3},"end":{"line":140,"column":6}},"71":{"start":{"line":143,"column":23},"end":{"line":143,"column":59}},"72":{"start":{"line":144,"column":2},"end":{"line":149,"column":3}},"73":{"start":{"line":145,"column":3},"end":{"line":148,"column":6}},"74":{"start":{"line":151,"column":2},"end":{"line":151,"column":57}},"75":{"start":{"line":153,"column":2},"end":{"line":153,"column":72}},"76":{"start":{"line":154,"column":2},"end":{"line":154,"column":19}},"77":{"start":{"line":161,"column":0},"end":{"line":240,"column":2}},"78":{"start":{"line":162,"column":1},"end":{"line":239,"column":2}},"79":{"start":{"line":163,"column":20},"end":{"line":163,"column":40}},"80":{"start":{"line":164,"column":18},"end":{"line":164,"column":51}},"81":{"start":{"line":166,"column":2},"end":{"line":171,"column":3}},"82":{"start":{"line":167,"column":3},"end":{"line":170,"column":6}},"83":{"start":{"line":173,"column":2},"end":{"line":181,"column":3}},"84":{"start":{"line":177,"column":3},"end":{"line":180,"column":6}},"85":{"start":{"line":183,"column":23},"end":{"line":183,"column":31}},"86":{"start":{"line":185,"column":2},"end":{"line":189,"column":3}},"87":{"start":{"line":186,"column":3},"end":{"line":188,"column":73}},"88":{"start":{"line":191,"column":26},"end":{"line":191,"column":28}},"89":{"start":{"line":192,"column":25},"end":{"line":192,"column":34}},"90":{"start":{"line":194,"column":2},"end":{"line":215,"column":3}},"91":{"start":{"line":195,"column":18},"end":{"line":195,"column":29}},"92":{"start":{"line":196,"column":3},"end":{"line":201,"column":4}},"93":{"start":{"line":197,"column":4},"end":{"line":200,"column":7}},"94":{"start":{"line":203,"column":3},"end":{"line":208,"column":4}},"95":{"start":{"line":204,"column":4},"end":{"line":207,"column":7}},"96":{"start":{"line":210,"column":18},"end":{"line":210,"column":35}},"97":{"start":{"line":211,"column":3},"end":{"line":214,"column":4}},"98":{"start":{"line":212,"column":4},"end":{"line":212,"column":31}},"99":{"start":{"line":213,"column":4},"end":{"line":213,"column":43}},"100":{"start":{"line":217,"column":21},"end":{"line":217,"column":64}},"101":{"start":{"line":218,"column":18},"end":{"line":229,"column":4}},"102":{"start":{"line":231,"column":2},"end":{"line":231,"column":57}},"103":{"start":{"line":233,"column":2},"end":{"line":236,"column":3}},"104":{"start":{"line":234,"column":20},"end":{"line":234,"column":67}},"105":{"start":{"line":234,"column":57},"end":{"line":234,"column":66}},"106":{"start":{"line":235,"column":3},"end":{"line":235,"column":66}},"107":{"start":{"line":237,"column":2},"end":{"line":237,"column":73}},"108":{"start":{"line":238,"column":2},"end":{"line":238,"column":19}},"109":{"start":{"line":245,"column":0},"end":{"line":301,"column":2}},"110":{"start":{"line":246,"column":1},"end":{"line":300,"column":2}},"111":{"start":{"line":247,"column":18},"end":{"line":247,"column":55}},"112":{"start":{"line":249,"column":2},"end":{"line":254,"column":3}},"113":{"start":{"line":250,"column":3},"end":{"line":253,"column":6}},"114":{"start":{"line":256,"column":23},"end":{"line":256,"column":59}},"115":{"start":{"line":257,"column":2},"end":{"line":262,"column":3}},"116":{"start":{"line":258,"column":3},"end":{"line":261,"column":6}},"117":{"start":{"line":264,"column":50},"end":{"line":264,"column":58}},"118":{"start":{"line":266,"column":2},"end":{"line":290,"column":3}},"119":{"start":{"line":267,"column":21},"end":{"line":267,"column":35}},"120":{"start":{"line":268,"column":21},"end":{"line":268,"column":49}},"121":{"start":{"line":270,"column":3},"end":{"line":275,"column":4}},"122":{"start":{"line":271,"column":4},"end":{"line":274,"column":7}},"123":{"start":{"line":278,"column":3},"end":{"line":278,"column":27}},"124":{"start":{"line":279,"column":3},"end":{"line":287,"column":6}},"125":{"start":{"line":289,"column":3},"end":{"line":289,"column":24}},"126":{"start":{"line":292,"column":2},"end":{"line":292,"column":57}},"127":{"start":{"line":294,"column":2},"end":{"line":297,"column":3}},"128":{"start":{"line":295,"column":20},"end":{"line":295,"column":67}},"129":{"start":{"line":295,"column":57},"end":{"line":295,"column":66}},"130":{"start":{"line":296,"column":3},"end":{"line":296,"column":66}},"131":{"start":{"line":298,"column":2},"end":{"line":298,"column":73}},"132":{"start":{"line":299,"column":2},"end":{"line":299,"column":19}},"133":{"start":{"line":306,"column":0},"end":{"line":365,"column":2}},"134":{"start":{"line":307,"column":1},"end":{"line":364,"column":2}},"135":{"start":{"line":308,"column":18},"end":{"line":308,"column":55}},"136":{"start":{"line":310,"column":2},"end":{"line":315,"column":3}},"137":{"start":{"line":311,"column":3},"end":{"line":314,"column":6}},"138":{"start":{"line":317,"column":23},"end":{"line":317,"column":59}},"139":{"start":{"line":318,"column":2},"end":{"line":323,"column":3}},"140":{"start":{"line":319,"column":3},"end":{"line":322,"column":6}},"141":{"start":{"line":326,"column":2},"end":{"line":331,"column":3}},"142":{"start":{"line":327,"column":3},"end":{"line":330,"column":6}},"143":{"start":{"line":332,"column":2},"end":{"line":336,"column":3}},"144":{"start":{"line":333,"column":3},"end":{"line":335,"column":67}},"145":{"start":{"line":337,"column":2},"end":{"line":341,"column":3}},"146":{"start":{"line":338,"column":3},"end":{"line":340,"column":68}},"147":{"start":{"line":343,"column":20},"end":{"line":343,"column":34}},"148":{"start":{"line":344,"column":20},"end":{"line":344,"column":31}},"149":{"start":{"line":347,"column":2},"end":{"line":347,"column":29}},"150":{"start":{"line":348,"column":2},"end":{"line":356,"column":5}},"151":{"start":{"line":358,"column":2},"end":{"line":358,"column":23}},"152":{"start":{"line":360,"column":2},"end":{"line":360,"column":57}},"153":{"start":{"line":362,"column":2},"end":{"line":362,"column":73}},"154":{"start":{"line":363,"column":2},"end":{"line":363,"column":19}}},"fnMap":{"0":{"name":"(anonymous_0)","decl":{"start":{"line":12,"column":27},"end":{"line":12,"column":28}},"loc":{"start":{"line":12,"column":37},"end":{"line":12,"column":75}},"line":12},"1":{"name":"(anonymous_1)","decl":{"start":{"line":13,"column":18},"end":{"line":13,"column":19}},"loc":{"start":{"line":13,"column":28},"end":{"line":13,"column":60}},"line":13},"2":{"name":"(anonymous_2)","decl":{"start":{"line":14,"column":18},"end":{"line":14,"column":19}},"loc":{"start":{"line":14,"column":44},"end":{"line":31,"column":1}},"line":14},"3":{"name":"(anonymous_3)","decl":{"start":{"line":32,"column":25},"end":{"line":32,"column":26}},"loc":{"start":{"line":32,"column":49},"end":{"line":42,"column":1}},"line":32},"4":{"name":"(anonymous_4)","decl":{"start":{"line":47,"column":22},"end":{"line":47,"column":23}},"loc":{"start":{"line":47,"column":42},"end":{"line":127,"column":1}},"line":47},"5":{"name":"(anonymous_5)","decl":{"start":{"line":55,"column":22},"end":{"line":55,"column":23}},"loc":{"start":{"line":55,"column":33},"end":{"line":55,"column":55}},"line":55},"6":{"name":"(anonymous_6)","decl":{"start":{"line":61,"column":2},"end":{"line":61,"column":3}},"loc":{"start":{"line":61,"column":13},"end":{"line":61,"column":24}},"line":61},"7":{"name":"(anonymous_7)","decl":{"start":{"line":132,"column":21},"end":{"line":132,"column":22}},"loc":{"start":{"line":132,"column":41},"end":{"line":156,"column":1}},"line":132},"8":{"name":"(anonymous_8)","decl":{"start":{"line":161,"column":21},"end":{"line":161,"column":22}},"loc":{"start":{"line":161,"column":41},"end":{"line":240,"column":1}},"line":161},"9":{"name":"(anonymous_9)","decl":{"start":{"line":234,"column":50},"end":{"line":234,"column":51}},"loc":{"start":{"line":234,"column":57},"end":{"line":234,"column":66}},"line":234},"10":{"name":"(anonymous_10)","decl":{"start":{"line":245,"column":24},"end":{"line":245,"column":25}},"loc":{"start":{"line":245,"column":44},"end":{"line":301,"column":1}},"line":245},"11":{"name":"(anonymous_11)","decl":{"start":{"line":295,"column":50},"end":{"line":295,"column":51}},"loc":{"start":{"line":295,"column":57},"end":{"line":295,"column":66}},"line":295},"12":{"name":"(anonymous_12)","decl":{"start":{"line":306,"column":24},"end":{"line":306,"column":25}},"loc":{"start":{"line":306,"column":44},"end":{"line":365,"column":1}},"line":306}},"branchMap":{"0":{"loc":{"start":{"line":12,"column":37},"end":{"line":12,"column":75}},"type":"binary-expr","locations":[{"start":{"line":12,"column":37},"end":{"line":12,"column":55}},{"start":{"line":12,"column":59},"end":{"line":12,"column":75}}],"line":12},"1":{"loc":{"start":{"line":15,"column":1},"end":{"line":30,"column":2}},"type":"if","locations":[{"start":{"line":15,"column":1},"end":{"line":30,"column":2}},{"start":{"line":17,"column":8},"end":{"line":30,"column":2}}],"line":15},"2":{"loc":{"start":{"line":15,"column":5},"end":{"line":15,"column":51}},"type":"binary-expr","locations":[{"start":{"line":15,"column":5},"end":{"line":15,"column":23}},{"start":{"line":15,"column":27},"end":{"line":15,"column":51}}],"line":15},"3":{"loc":{"start":{"line":17,"column":8},"end":{"line":30,"column":2}},"type":"if","locations":[{"start":{"line":17,"column":8},"end":{"line":30,"column":2}},{"start":{"line":19,"column":8},"end":{"line":30,"column":2}}],"line":17},"4":{"loc":{"start":{"line":17,"column":12},"end":{"line":17,"column":65}},"type":"binary-expr","locations":[{"start":{"line":17,"column":12},"end":{"line":17,"column":36}},{"start":{"line":17,"column":40},"end":{"line":17,"column":65}}],"line":17},"5":{"loc":{"start":{"line":19,"column":8},"end":{"line":30,"column":2}},"type":"if","locations":[{"start":{"line":19,"column":8},"end":{"line":30,"column":2}},{"start":{"line":21,"column":8},"end":{"line":30,"column":2}}],"line":19},"6":{"loc":{"start":{"line":19,"column":12},"end":{"line":19,"column":64}},"type":"binary-expr","locations":[{"start":{"line":19,"column":12},"end":{"line":19,"column":37}},{"start":{"line":19,"column":41},"end":{"line":19,"column":64}}],"line":19},"7":{"loc":{"start":{"line":21,"column":8},"end":{"line":30,"column":2}},"type":"if","locations":[{"start":{"line":21,"column":8},"end":{"line":30,"column":2}},{"start":{"line":23,"column":8},"end":{"line":30,"column":2}}],"line":21},"8":{"loc":{"start":{"line":21,"column":12},"end":{"line":21,"column":62}},"type":"binary-expr","locations":[{"start":{"line":21,"column":12},"end":{"line":21,"column":37}},{"start":{"line":21,"column":41},"end":{"line":21,"column":62}}],"line":21},"9":{"loc":{"start":{"line":23,"column":8},"end":{"line":30,"column":2}},"type":"if","locations":[{"start":{"line":23,"column":8},"end":{"line":30,"column":2}},{"start":{"line":28,"column":8},"end":{"line":30,"column":2}}],"line":23},"10":{"loc":{"start":{"line":24,"column":2},"end":{"line":25,"column":26}},"type":"binary-expr","locations":[{"start":{"line":24,"column":3},"end":{"line":24,"column":28}},{"start":{"line":24,"column":32},"end":{"line":24,"column":56}},{"start":{"line":25,"column":2},"end":{"line":25,"column":26}}],"line":24},"11":{"loc":{"start":{"line":33,"column":1},"end":{"line":33,"column":44}},"type":"if","locations":[{"start":{"line":33,"column":1},"end":{"line":33,"column":44}},{"start":{},"end":{}}],"line":33},"12":{"loc":{"start":{"line":35,"column":1},"end":{"line":39,"column":2}},"type":"if","locations":[{"start":{"line":35,"column":1},"end":{"line":39,"column":2}},{"start":{},"end":{}}],"line":35},"13":{"loc":{"start":{"line":66,"column":1},"end":{"line":76,"column":2}},"type":"if","locations":[{"start":{"line":66,"column":1},"end":{"line":76,"column":2}},{"start":{},"end":{}}],"line":66},"14":{"loc":{"start":{"line":69,"column":2},"end":{"line":73,"column":3}},"type":"if","locations":[{"start":{"line":69,"column":2},"end":{"line":73,"column":3}},{"start":{},"end":{}}],"line":69},"15":{"loc":{"start":{"line":82,"column":1},"end":{"line":85,"column":2}},"type":"if","locations":[{"start":{"line":82,"column":1},"end":{"line":85,"column":2}},{"start":{},"end":{}}],"line":82},"16":{"loc":{"start":{"line":88,"column":1},"end":{"line":93,"column":2}},"type":"if","locations":[{"start":{"line":88,"column":1},"end":{"line":93,"column":2}},{"start":{"line":91,"column":8},"end":{"line":93,"column":2}}],"line":88},"17":{"loc":{"start":{"line":96,"column":14},"end":{"line":96,"column":54}},"type":"binary-expr","locations":[{"start":{"line":96,"column":14},"end":{"line":96,"column":49}},{"start":{"line":96,"column":53},"end":{"line":96,"column":54}}],"line":96},"18":{"loc":{"start":{"line":97,"column":15},"end":{"line":97,"column":57}},"type":"binary-expr","locations":[{"start":{"line":97,"column":15},"end":{"line":97,"column":51}},{"start":{"line":97,"column":55},"end":{"line":97,"column":57}}],"line":97},"19":{"loc":{"start":{"line":110,"column":2},"end":{"line":112,"column":3}},"type":"if","locations":[{"start":{"line":110,"column":2},"end":{"line":112,"column":3}},{"start":{},"end":{}}],"line":110},"20":{"loc":{"start":{"line":113,"column":2},"end":{"line":115,"column":3}},"type":"if","locations":[{"start":{"line":113,"column":2},"end":{"line":115,"column":3}},{"start":{},"end":{}}],"line":113},"21":{"loc":{"start":{"line":136,"column":2},"end":{"line":141,"column":3}},"type":"if","locations":[{"start":{"line":136,"column":2},"end":{"line":141,"column":3}},{"start":{},"end":{}}],"line":136},"22":{"loc":{"start":{"line":144,"column":2},"end":{"line":149,"column":3}},"type":"if","locations":[{"start":{"line":144,"column":2},"end":{"line":149,"column":3}},{"start":{},"end":{}}],"line":144},"23":{"loc":{"start":{"line":166,"column":2},"end":{"line":171,"column":3}},"type":"if","locations":[{"start":{"line":166,"column":2},"end":{"line":171,"column":3}},{"start":{},"end":{}}],"line":166},"24":{"loc":{"start":{"line":173,"column":2},"end":{"line":181,"column":3}},"type":"if","locations":[{"start":{"line":173,"column":2},"end":{"line":181,"column":3}},{"start":{},"end":{}}],"line":173},"25":{"loc":{"start":{"line":174,"column":3},"end":{"line":175,"column":52}},"type":"binary-expr","locations":[{"start":{"line":174,"column":3},"end":{"line":174,"column":30}},{"start":{"line":175,"column":3},"end":{"line":175,"column":52}}],"line":174},"26":{"loc":{"start":{"line":185,"column":2},"end":{"line":189,"column":3}},"type":"if","locations":[{"start":{"line":185,"column":2},"end":{"line":189,"column":3}},{"start":{},"end":{}}],"line":185},"27":{"loc":{"start":{"line":185,"column":6},"end":{"line":185,"column":68}},"type":"binary-expr","locations":[{"start":{"line":185,"column":6},"end":{"line":185,"column":15}},{"start":{"line":185,"column":19},"end":{"line":185,"column":43}},{"start":{"line":185,"column":47},"end":{"line":185,"column":68}}],"line":185},"28":{"loc":{"start":{"line":196,"column":3},"end":{"line":201,"column":4}},"type":"if","locations":[{"start":{"line":196,"column":3},"end":{"line":201,"column":4}},{"start":{},"end":{}}],"line":196},"29":{"loc":{"start":{"line":203,"column":3},"end":{"line":208,"column":4}},"type":"if","locations":[{"start":{"line":203,"column":3},"end":{"line":208,"column":4}},{"start":{},"end":{}}],"line":203},"30":{"loc":{"start":{"line":211,"column":3},"end":{"line":214,"column":4}},"type":"if","locations":[{"start":{"line":211,"column":3},"end":{"line":214,"column":4}},{"start":{},"end":{}}],"line":211},"31":{"loc":{"start":{"line":233,"column":2},"end":{"line":236,"column":3}},"type":"if","locations":[{"start":{"line":233,"column":2},"end":{"line":236,"column":3}},{"start":{},"end":{}}],"line":233},"32":{"loc":{"start":{"line":249,"column":2},"end":{"line":254,"column":3}},"type":"if","locations":[{"start":{"line":249,"column":2},"end":{"line":254,"column":3}},{"start":{},"end":{}}],"line":249},"33":{"loc":{"start":{"line":257,"column":2},"end":{"line":262,"column":3}},"type":"if","locations":[{"start":{"line":257,"column":2},"end":{"line":262,"column":3}},{"start":{},"end":{}}],"line":257},"34":{"loc":{"start":{"line":266,"column":2},"end":{"line":290,"column":3}},"type":"if","locations":[{"start":{"line":266,"column":2},"end":{"line":290,"column":3}},{"start":{},"end":{}}],"line":266},"35":{"loc":{"start":{"line":266,"column":6},"end":{"line":266,"column":41}},"type":"binary-expr","locations":[{"start":{"line":266,"column":6},"end":{"line":266,"column":12}},{"start":{"line":266,"column":16},"end":{"line":266,"column":41}}],"line":266},"36":{"loc":{"start":{"line":270,"column":3},"end":{"line":275,"column":4}},"type":"if","locations":[{"start":{"line":270,"column":3},"end":{"line":275,"column":4}},{"start":{},"end":{}}],"line":270},"37":{"loc":{"start":{"line":284,"column":19},"end":{"line":284,"column":39}},"type":"binary-expr","locations":[{"start":{"line":284,"column":19},"end":{"line":284,"column":31}},{"start":{"line":284,"column":35},"end":{"line":284,"column":39}}],"line":284},"38":{"loc":{"start":{"line":285,"column":20},"end":{"line":285,"column":41}},"type":"binary-expr","locations":[{"start":{"line":285,"column":20},"end":{"line":285,"column":33}},{"start":{"line":285,"column":37},"end":{"line":285,"column":41}}],"line":285},"39":{"loc":{"start":{"line":294,"column":2},"end":{"line":297,"column":3}},"type":"if","locations":[{"start":{"line":294,"column":2},"end":{"line":297,"column":3}},{"start":{},"end":{}}],"line":294},"40":{"loc":{"start":{"line":310,"column":2},"end":{"line":315,"column":3}},"type":"if","locations":[{"start":{"line":310,"column":2},"end":{"line":315,"column":3}},{"start":{},"end":{}}],"line":310},"41":{"loc":{"start":{"line":318,"column":2},"end":{"line":323,"column":3}},"type":"if","locations":[{"start":{"line":318,"column":2},"end":{"line":323,"column":3}},{"start":{},"end":{}}],"line":318},"42":{"loc":{"start":{"line":326,"column":2},"end":{"line":331,"column":3}},"type":"if","locations":[{"start":{"line":326,"column":2},"end":{"line":331,"column":3}},{"start":{},"end":{}}],"line":326},"43":{"loc":{"start":{"line":332,"column":2},"end":{"line":336,"column":3}},"type":"if","locations":[{"start":{"line":332,"column":2},"end":{"line":336,"column":3}},{"start":{},"end":{}}],"line":332},"44":{"loc":{"start":{"line":337,"column":2},"end":{"line":341,"column":3}},"type":"if","locations":[{"start":{"line":337,"column":2},"end":{"line":341,"column":3}},{"start":{},"end":{}}],"line":337}},"s":{"0":3,"1":3,"2":3,"3":3,"4":3,"5":3,"6":9,"7":3,"8":8,"9":3,"10":8,"11":1,"12":7,"13":3,"14":4,"15":1,"16":3,"17":1,"18":2,"19":1,"20":1,"21":3,"22":17,"23":13,"24":4,"25":1,"26":1,"27":3,"28":3,"29":7,"30":7,"31":7,"32":28,"33":7,"34":7,"35":1,"36":7,"37":7,"38":3,"39":3,"40":1,"41":2,"42":6,"43":6,"44":1,"45":1,"46":6,"47":1,"48":1,"49":5,"50":6,"51":6,"52":6,"53":6,"54":6,"55":6,"56":5,"57":5,"58":5,"59":5,"60":1,"61":5,"62":1,"63":5,"64":1,"65":1,"66":3,"67":5,"68":5,"69":4,"70":1,"71":3,"72":3,"73":2,"74":1,"75":1,"76":1,"77":3,"78":10,"79":10,"80":10,"81":10,"82":1,"83":9,"84":1,"85":8,"86":8,"87":1,"88":7,"89":7,"90":7,"91":10,"92":10,"93":1,"94":9,"95":1,"96":8,"97":8,"98":7,"99":7,"100":5,"101":5,"102":3,"103":2,"104":1,"105":1,"106":1,"107":1,"108":1,"109":3,"110":11,"111":11,"112":10,"113":1,"114":9,"115":9,"116":1,"117":8,"118":8,"119":7,"120":7,"121":7,"122":1,"123":6,"124":6,"125":6,"126":6,"127":2,"128":1,"129":1,"130":1,"131":1,"132":1,"133":3,"134":7,"135":7,"136":6,"137":1,"138":5,"139":5,"140":1,"141":4,"142":1,"143":3,"144":1,"145":2,"146":1,"147":1,"148":1,"149":1,"150":1,"151":1,"152":1,"153":1,"154":1},"f":{"0":9,"1":8,"2":8,"3":17,"4":7,"5":28,"6":1,"7":5,"8":10,"9":1,"10":11,"11":1,"12":7},"b":{"0":[9,8],"1":[1,7],"2":[8,1],"3":[3,4],"4":[7,5],"5":[1,3],"6":[4,2],"7":[1,2],"8":[3,1],"9":[1,1],"10":[2,2,2],"11":[13,4],"12":[1,3],"13":[3,4],"14":[1,2],"15":[1,5],"16":[1,5],"17":[6,4],"18":[6,4],"19":[1,4],"20":[1,4],"21":[1,3],"22":[2,1],"23":[1,9],"24":[1,8],"25":[9,1],"26":[1,7],"27":[8,7,7],"28":[1,9],"29":[1,8],"30":[7,1],"31":[1,1],"32":[1,9],"33":[1,8],"34":[7,1],"35":[8,8],"36":[1,6],"37":[6,6],"38":[6,6],"39":[1,1],"40":[1,5],"41":[1,4],"42":[1,3],"43":[1,2],"44":[1,1]},"_coverageSchema":"1a1c01bbd47fc00a2c39e90264f33305004495a9","hash":"95182413ffa092f4b02989edde631cce4d8b543b"}
,"/Users/pasitpromjan/Downloads/expedition-33/se-project-be-68-2-expedition33/middleware/auth.js": {"path":"/Users/pasitpromjan/Downloads/expedition-33/se-project-be-68-2-expedition33/middleware/auth.js","statementMap":{"0":{"start":{"line":1,"column":12},"end":{"line":1,"column":35}},"1":{"start":{"line":2,"column":13},"end":{"line":2,"column":38}},"2":{"start":{"line":5,"column":0},"end":{"line":34,"column":2}},"3":{"start":{"line":8,"column":1},"end":{"line":10,"column":2}},"4":{"start":{"line":9,"column":2},"end":{"line":9,"column":50}},"5":{"start":{"line":13,"column":1},"end":{"line":17,"column":2}},"6":{"start":{"line":14,"column":2},"end":{"line":16,"column":72}},"7":{"start":{"line":19,"column":1},"end":{"line":33,"column":2}},"8":{"start":{"line":21,"column":18},"end":{"line":21,"column":59}},"9":{"start":{"line":23,"column":2},"end":{"line":23,"column":23}},"10":{"start":{"line":25,"column":2},"end":{"line":25,"column":45}},"11":{"start":{"line":27,"column":2},"end":{"line":27,"column":9}},"12":{"start":{"line":29,"column":2},"end":{"line":29,"column":25}},"13":{"start":{"line":30,"column":2},"end":{"line":32,"column":72}},"14":{"start":{"line":37,"column":0},"end":{"line":47,"column":2}},"15":{"start":{"line":38,"column":1},"end":{"line":46,"column":3}},"16":{"start":{"line":39,"column":2},"end":{"line":44,"column":3}},"17":{"start":{"line":40,"column":3},"end":{"line":43,"column":6}},"18":{"start":{"line":45,"column":2},"end":{"line":45,"column":9}}},"fnMap":{"0":{"name":"(anonymous_0)","decl":{"start":{"line":5,"column":18},"end":{"line":5,"column":19}},"loc":{"start":{"line":5,"column":44},"end":{"line":34,"column":1}},"line":5},"1":{"name":"(anonymous_1)","decl":{"start":{"line":37,"column":20},"end":{"line":37,"column":21}},"loc":{"start":{"line":37,"column":34},"end":{"line":47,"column":1}},"line":37},"2":{"name":"(anonymous_2)","decl":{"start":{"line":38,"column":8},"end":{"line":38,"column":9}},"loc":{"start":{"line":38,"column":28},"end":{"line":46,"column":2}},"line":38}},"branchMap":{"0":{"loc":{"start":{"line":8,"column":1},"end":{"line":10,"column":2}},"type":"if","locations":[{"start":{"line":8,"column":1},"end":{"line":10,"column":2}},{"start":{},"end":{}}],"line":8},"1":{"loc":{"start":{"line":13,"column":1},"end":{"line":17,"column":2}},"type":"if","locations":[{"start":{"line":13,"column":1},"end":{"line":17,"column":2}},{"start":{},"end":{}}],"line":13},"2":{"loc":{"start":{"line":39,"column":2},"end":{"line":44,"column":3}},"type":"if","locations":[{"start":{"line":39,"column":2},"end":{"line":44,"column":3}},{"start":{},"end":{}}],"line":39}},"s":{"0":3,"1":3,"2":3,"3":10,"4":8,"5":10,"6":2,"7":8,"8":8,"9":7,"10":7,"11":7,"12":1,"13":1,"14":3,"15":28,"16":8,"17":1,"18":7},"f":{"0":10,"1":28,"2":8},"b":{"0":[8,2],"1":[2,8],"2":[1,7]},"_coverageSchema":"1a1c01bbd47fc00a2c39e90264f33305004495a9","hash":"7ab50e770e093877771b229fc72326e508d04e14"}
,"/Users/pasitpromjan/Downloads/expedition-33/se-project-be-68-2-expedition33/middleware/upload.js": {"path":"/Users/pasitpromjan/Downloads/expedition-33/se-project-be-68-2-expedition33/middleware/upload.js","statementMap":{"0":{"start":{"line":1,"column":15},"end":{"line":1,"column":32}},"1":{"start":{"line":4,"column":16},"end":{"line":4,"column":38}},"2":{"start":{"line":5,"column":15},"end":{"line":8,"column":2}},"3":{"start":{"line":10,"column":0},"end":{"line":10,"column":24}}},"fnMap":{},"branchMap":{},"s":{"0":3,"1":3,"2":3,"3":3},"f":{},"b":{},"_coverageSchema":"1a1c01bbd47fc00a2c39e90264f33305004495a9","hash":"1c346cc61c41edada69128c75f898371e144675b"}
,"/Users/pasitpromjan/Downloads/expedition-33/se-project-be-68-2-expedition33/models/Booking.js": {"path":"/Users/pasitpromjan/Downloads/expedition-33/se-project-be-68-2-expedition33/models/Booking.js","statementMap":{"0":{"start":{"line":1,"column":17},"end":{"line":1,"column":36}},"1":{"start":{"line":3,"column":22},"end":{"line":28,"column":1}},"2":{"start":{"line":30,"column":0},"end":{"line":30,"column":58}}},"fnMap":{},"branchMap":{},"s":{"0":4,"1":4,"2":4},"f":{},"b":{},"_coverageSchema":"1a1c01bbd47fc00a2c39e90264f33305004495a9","hash":"fcd783e6da97dbbf3c5aa6a2a776ab6542b27d40"}
,"/Users/pasitpromjan/Downloads/expedition-33/se-project-be-68-2-expedition33/models/Company.js": {"path":"/Users/pasitpromjan/Downloads/expedition-33/se-project-be-68-2-expedition33/models/Company.js","statementMap":{"0":{"start":{"line":1,"column":17},"end":{"line":1,"column":36}},"1":{"start":{"line":2,"column":24},"end":{"line":2,"column":62}},"2":{"start":{"line":4,"column":22},"end":{"line":79,"column":1}},"3":{"start":{"line":82,"column":0},"end":{"line":87,"column":3}},"4":{"start":{"line":89,"column":0},"end":{"line":94,"column":3}},"5":{"start":{"line":96,"column":0},"end":{"line":96,"column":58}}},"fnMap":{},"branchMap":{},"s":{"0":6,"1":6,"2":6,"3":6,"4":6,"5":6},"f":{},"b":{},"_coverageSchema":"1a1c01bbd47fc00a2c39e90264f33305004495a9","hash":"b73eec10d0c2f300f115ea9a7639dda00dd4e67f"}
,"/Users/pasitpromjan/Downloads/expedition-33/se-project-be-68-2-expedition33/models/Payment.js": {"path":"/Users/pasitpromjan/Downloads/expedition-33/se-project-be-68-2-expedition33/models/Payment.js","statementMap":{"0":{"start":{"line":1,"column":17},"end":{"line":1,"column":36}},"1":{"start":{"line":3,"column":22},"end":{"line":78,"column":1}},"2":{"start":{"line":80,"column":0},"end":{"line":80,"column":58}}},"fnMap":{},"branchMap":{},"s":{"0":4,"1":4,"2":4},"f":{},"b":{},"_coverageSchema":"1a1c01bbd47fc00a2c39e90264f33305004495a9","hash":"b266088bbc8baa4861823587e159cc6ba613276a"}
,"/Users/pasitpromjan/Downloads/expedition-33/se-project-be-68-2-expedition33/models/User.js": {"path":"/Users/pasitpromjan/Downloads/expedition-33/se-project-be-68-2-expedition33/models/User.js","statementMap":{"0":{"start":{"line":1,"column":17},"end":{"line":1,"column":36}},"1":{"start":{"line":2,"column":15},"end":{"line":2,"column":34}},"2":{"start":{"line":3,"column":12},"end":{"line":3,"column":35}},"3":{"start":{"line":5,"column":19},"end":{"line":44,"column":1}},"4":{"start":{"line":47,"column":0},"end":{"line":50,"column":3}},"5":{"start":{"line":48,"column":14},"end":{"line":48,"column":38}},"6":{"start":{"line":49,"column":1},"end":{"line":49,"column":56}},"7":{"start":{"line":53,"column":0},"end":{"line":57,"column":2}},"8":{"start":{"line":54,"column":1},"end":{"line":56,"column":4}},"9":{"start":{"line":59,"column":0},"end":{"line":61,"column":2}},"10":{"start":{"line":60,"column":1},"end":{"line":60,"column":61}},"11":{"start":{"line":63,"column":0},"end":{"line":63,"column":52}}},"fnMap":{"0":{"name":"(anonymous_0)","decl":{"start":{"line":47,"column":23},"end":{"line":47,"column":24}},"loc":{"start":{"line":47,"column":45},"end":{"line":50,"column":1}},"line":47},"1":{"name":"(anonymous_1)","decl":{"start":{"line":53,"column":39},"end":{"line":53,"column":40}},"loc":{"start":{"line":53,"column":51},"end":{"line":57,"column":1}},"line":53},"2":{"name":"(anonymous_2)","decl":{"start":{"line":59,"column":35},"end":{"line":59,"column":36}},"loc":{"start":{"line":59,"column":68},"end":{"line":61,"column":1}},"line":59}},"branchMap":{},"s":{"0":7,"1":7,"2":7,"3":7,"4":7,"5":208,"6":208,"7":7,"8":6,"9":7,"10":4,"11":7},"f":{"0":208,"1":6,"2":4},"b":{},"_coverageSchema":"1a1c01bbd47fc00a2c39e90264f33305004495a9","hash":"016bf8d093cf4acece86db16712dd63c7fee51a6"}
,"/Users/pasitpromjan/Downloads/expedition-33/se-project-be-68-2-expedition33/routes/auth.js": {"path":"/Users/pasitpromjan/Downloads/expedition-33/se-project-be-68-2-expedition33/routes/auth.js","statementMap":{"0":{"start":{"line":1,"column":16},"end":{"line":1,"column":34}},"1":{"start":{"line":2,"column":43},"end":{"line":2,"column":73}},"2":{"start":{"line":3,"column":20},"end":{"line":3,"column":49}},"3":{"start":{"line":5,"column":15},"end":{"line":5,"column":31}},"4":{"start":{"line":7,"column":0},"end":{"line":7,"column":35}},"5":{"start":{"line":8,"column":0},"end":{"line":8,"column":29}},"6":{"start":{"line":9,"column":0},"end":{"line":9,"column":34}},"7":{"start":{"line":10,"column":0},"end":{"line":10,"column":30}},"8":{"start":{"line":12,"column":0},"end":{"line":12,"column":24}}},"fnMap":{},"branchMap":{},"s":{"0":2,"1":2,"2":2,"3":2,"4":2,"5":2,"6":2,"7":2,"8":2},"f":{},"b":{},"_coverageSchema":"1a1c01bbd47fc00a2c39e90264f33305004495a9","hash":"528f6688f1f3fe95412a5c810501369bb5f18cc0"}
,"/Users/pasitpromjan/Downloads/expedition-33/se-project-be-68-2-expedition33/routes/bookings.js": {"path":"/Users/pasitpromjan/Downloads/expedition-33/se-project-be-68-2-expedition33/routes/bookings.js","statementMap":{"0":{"start":{"line":1,"column":16},"end":{"line":1,"column":34}},"1":{"start":{"line":8,"column":4},"end":{"line":8,"column":38}},"2":{"start":{"line":9,"column":31},"end":{"line":9,"column":60}},"3":{"start":{"line":12,"column":15},"end":{"line":12,"column":52}},"4":{"start":{"line":14,"column":0},"end":{"line":17,"column":56}},"5":{"start":{"line":18,"column":0},"end":{"line":22,"column":72}},"6":{"start":{"line":24,"column":0},"end":{"line":24,"column":24}}},"fnMap":{},"branchMap":{},"s":{"0":2,"1":2,"2":2,"3":2,"4":2,"5":2,"6":2},"f":{},"b":{},"_coverageSchema":"1a1c01bbd47fc00a2c39e90264f33305004495a9","hash":"934e7ca73c572161209d414d88b1b3f94767ccbb"}
,"/Users/pasitpromjan/Downloads/expedition-33/se-project-be-68-2-expedition33/routes/companies.js": {"path":"/Users/pasitpromjan/Downloads/expedition-33/se-project-be-68-2-expedition33/routes/companies.js","statementMap":{"0":{"start":{"line":1,"column":16},"end":{"line":1,"column":34}},"1":{"start":{"line":8,"column":4},"end":{"line":8,"column":39}},"2":{"start":{"line":9,"column":22},"end":{"line":9,"column":43}},"3":{"start":{"line":10,"column":22},"end":{"line":10,"column":43}},"4":{"start":{"line":11,"column":31},"end":{"line":11,"column":60}},"5":{"start":{"line":12,"column":15},"end":{"line":12,"column":46}},"6":{"start":{"line":14,"column":15},"end":{"line":14,"column":31}},"7":{"start":{"line":17,"column":0},"end":{"line":17,"column":50}},"8":{"start":{"line":18,"column":0},"end":{"line":18,"column":50}},"9":{"start":{"line":20,"column":0},"end":{"line":31,"column":3}},"10":{"start":{"line":32,"column":0},"end":{"line":44,"column":64}},"11":{"start":{"line":46,"column":0},"end":{"line":46,"column":24}}},"fnMap":{},"branchMap":{},"s":{"0":2,"1":2,"2":2,"3":2,"4":2,"5":2,"6":2,"7":2,"8":2,"9":2,"10":2,"11":2},"f":{},"b":{},"_coverageSchema":"1a1c01bbd47fc00a2c39e90264f33305004495a9","hash":"0a8269b47aa5cdd688f216a3ec7e01caec0c4506"}
,"/Users/pasitpromjan/Downloads/expedition-33/se-project-be-68-2-expedition33/routes/payments.js": {"path":"/Users/pasitpromjan/Downloads/expedition-33/se-project-be-68-2-expedition33/routes/payments.js","statementMap":{"0":{"start":{"line":1,"column":16},"end":{"line":1,"column":34}},"1":{"start":{"line":8,"column":4},"end":{"line":8,"column":38}},"2":{"start":{"line":9,"column":31},"end":{"line":9,"column":60}},"3":{"start":{"line":12,"column":15},"end":{"line":12,"column":52}},"4":{"start":{"line":14,"column":0},"end":{"line":17,"column":59}},"5":{"start":{"line":18,"column":0},"end":{"line":22,"column":64}},"6":{"start":{"line":24,"column":0},"end":{"line":24,"column":24}}},"fnMap":{},"branchMap":{},"s":{"0":2,"1":2,"2":2,"3":2,"4":2,"5":2,"6":2},"f":{},"b":{},"_coverageSchema":"1a1c01bbd47fc00a2c39e90264f33305004495a9","hash":"6a88d18857340db885e5d2f155d5a8b051a7bf8a"}
}
