TN:
SF:server.js
FN:43,(anonymous_0)
FN:144,(anonymous_1)
FN:149,(anonymous_2)
FNF:3
FNH:1
FNDA:13,(anonymous_0)
FNDA:0,(anonymous_1)
FNDA:0,(anonymous_2)
DA:1,2
DA:2,2
DA:3,2
DA:4,2
DA:5,2
DA:6,2
DA:7,2
DA:8,2
DA:9,2
DA:10,2
DA:11,2
DA:14,2
DA:17,2
DA:18,0
DA:22,2
DA:23,2
DA:24,2
DA:25,2
DA:27,2
DA:28,2
DA:30,2
DA:31,2
DA:34,2
DA:37,2
DA:40,2
DA:43,2
DA:44,13
DA:50,13
DA:54,2
DA:57,2
DA:75,2
DA:78,2
DA:82,2
DA:85,2
DA:88,2
DA:91,2
DA:108,2
DA:117,2
DA:118,2
DA:126,2
DA:127,2
DA:128,2
DA:129,2
DA:132,2
DA:133,0
DA:144,2
DA:145,0
DA:148,0
DA:149,0
DA:151,0
DA:155,2
LF:51
LH:45
BRDA:17,0,0,0
BRDA:17,0,1,2
BRDA:30,1,0,2
BRDA:30,1,1,2
BRDA:31,2,0,2
BRDA:31,2,1,2
BRDA:117,3,0,2
BRDA:117,3,1,0
BRDA:132,4,0,0
BRDA:132,4,1,2
BRDA:148,5,0,0
BRDA:148,5,1,0
BRF:12
BRH:7
end_of_record
TN:
SF:config/cloudinary.js
FNF:0
FNH:0
DA:1,1
DA:3,1
DA:9,1
LF:3
LH:3
BRF:0
BRH:0
end_of_record
TN:
SF:config/db.js
FN:3,(anonymous_0)
FNF:1
FNH:0
FNDA:0,(anonymous_0)
DA:1,2
DA:3,2
DA:4,0
DA:5,0
DA:7,0
DA:10,2
LF:6
LH:3
BRF:0
BRH:0
end_of_record
TN:
SF:controllers/auth.js
FN:5,(anonymous_0)
FN:29,(anonymous_1)
FN:58,(anonymous_2)
FN:86,(anonymous_3)
FN:119,(anonymous_4)
FNF:5
FNH:5
FNDA:6,(anonymous_0)
FNDA:6,(anonymous_1)
FNDA:6,(anonymous_2)
FNDA:5,(anonymous_3)
FNDA:2,(anonymous_4)
DA:1,3
DA:2,3
DA:5,3
DA:7,6
DA:9,6
DA:16,6
DA:17,1
DA:20,6
DA:29,3
DA:30,6
DA:31,6
DA:34,6
DA:42,3
DA:44,3
DA:45,1
DA:46,2
DA:47,1
DA:51,1
DA:58,3
DA:59,6
DA:62,6
DA:63,1
DA:69,5
DA:70,5
DA:71,1
DA:75,4
DA:76,4
DA:77,1
DA:80,3
DA:86,3
DA:87,5
DA:89,5
DA:91,4
DA:92,1
DA:96,3
DA:98,3
DA:99,2
DA:103,2
DA:106,3
DA:111,1
DA:112,1
DA:119,3
DA:120,2
DA:125,2
LF:44
LH:44
BRDA:16,0,0,1
BRDA:16,0,1,5
BRDA:44,1,0,1
BRDA:44,1,1,2
BRDA:46,2,0,1
BRDA:46,2,1,1
BRDA:62,3,0,1
BRDA:62,3,1,5
BRDA:62,4,0,6
BRDA:62,4,1,6
BRDA:70,5,0,1
BRDA:70,5,1,4
BRDA:76,6,0,1
BRDA:76,6,1,3
BRDA:91,7,0,1
BRDA:91,7,1,3
BRDA:98,8,0,2
BRDA:98,8,1,1
BRDA:103,9,0,1
BRDA:103,9,1,1
BRF:20
BRH:20
end_of_record
TN:
SF:controllers/bookings.js
FN:9,(anonymous_0)
FN:10,(anonymous_1)
FN:31,(anonymous_2)
FN:58,(anonymous_3)
FN:64,(anonymous_4)
FN:70,(anonymous_5)
FN:151,(anonymous_6)
FN:183,(anonymous_7)
FN:230,(anonymous_8)
FN:281,(anonymous_9)
FNF:10
FNH:10
FNDA:8,(anonymous_0)
FNDA:17,(anonymous_1)
FNDA:9,(anonymous_2)
FNDA:9,(anonymous_3)
FNDA:36,(anonymous_4)
FNDA:1,(anonymous_5)
FNDA:11,(anonymous_6)
FNDA:8,(anonymous_7)
FNDA:8,(anonymous_8)
FNDA:4,(anonymous_9)
DA:1,3
DA:2,3
DA:5,3
DA:6,3
DA:9,8
DA:10,3
DA:11,17
DA:13,16
DA:15,15
DA:16,3
DA:18,3
DA:19,1
DA:22,2
DA:26,2
DA:29,12
DA:31,3
DA:32,9
DA:33,6
DA:34,3
DA:35,2
DA:36,2
DA:37,1
DA:39,1
DA:42,8
DA:44,3
DA:53,3
DA:58,3
DA:60,9
DA:63,9
DA:64,36
DA:67,9
DA:68,9
DA:70,1
DA:72,9
DA:74,9
DA:75,9
DA:81,9
DA:82,1
DA:88,8
DA:93,8
DA:94,1
DA:95,1
DA:98,8
DA:99,1
DA:100,1
DA:102,7
DA:106,8
DA:107,8
DA:108,8
DA:109,8
DA:110,8
DA:112,6
DA:113,6
DA:116,6
DA:118,6
DA:119,1
DA:125,6
DA:126,1
DA:132,6
DA:139,2
DA:140,1
DA:143,1
DA:144,1
DA:151,3
DA:152,11
DA:153,11
DA:157,10
DA:158,1
DA:165,9
DA:166,9
DA:167,6
DA:173,3
DA:175,1
DA:176,1
DA:183,3
DA:184,8
DA:185,8
DA:187,7
DA:188,1
DA:194,6
DA:195,1
DA:201,5
DA:202,4
DA:204,4
DA:205,1
DA:212,4
DA:218,3
DA:220,2
DA:221,1
DA:222,1
DA:223,1
DA:230,3
DA:231,8
DA:232,8
DA:234,7
DA:235,1
DA:241,6
DA:242,6
DA:243,1
DA:250,5
DA:251,2
DA:252,2
DA:253,1
DA:260,4
DA:265,1
DA:267,4
DA:268,1
DA:269,3
DA:270,2
DA:273,1
DA:274,1
DA:281,3
DA:282,4
DA:283,4
DA:285,3
DA:286,1
DA:292,2
DA:293,2
DA:294,1
DA:300,1
DA:302,1
DA:304,1
DA:305,1
LF:123
LH:123
BRDA:9,0,0,8
BRDA:9,0,1,8
BRDA:11,1,0,1
BRDA:11,1,1,16
BRDA:13,2,0,1
BRDA:13,2,1,15
BRDA:15,3,0,3
BRDA:15,3,1,12
BRDA:18,4,0,1
BRDA:18,4,1,2
BRDA:23,5,0,2
BRDA:23,5,1,0
BRDA:32,6,0,6
BRDA:32,6,1,3
BRDA:33,7,0,1
BRDA:33,7,1,5
BRDA:34,8,0,2
BRDA:34,8,1,1
BRDA:36,9,0,1
BRDA:36,9,1,1
BRDA:81,10,0,1
BRDA:81,10,1,8
BRDA:93,11,0,1
BRDA:93,11,1,7
BRDA:98,12,0,1
BRDA:98,12,1,7
BRDA:106,13,0,8
BRDA:106,13,1,7
BRDA:107,14,0,8
BRDA:107,14,1,7
BRDA:118,15,0,1
BRDA:118,15,1,5
BRDA:125,16,0,1
BRDA:125,16,1,5
BRDA:139,17,0,1
BRDA:139,17,1,1
BRDA:157,18,0,1
BRDA:157,18,1,9
BRDA:166,19,0,6
BRDA:166,19,1,3
BRDA:187,20,0,1
BRDA:187,20,1,6
BRDA:194,21,0,1
BRDA:194,21,1,5
BRDA:201,22,0,4
BRDA:201,22,1,1
BRDA:204,23,0,1
BRDA:204,23,1,3
BRDA:220,24,0,1
BRDA:220,24,1,1
BRDA:234,25,0,1
BRDA:234,25,1,6
BRDA:242,26,0,1
BRDA:242,26,1,5
BRDA:250,27,0,2
BRDA:250,27,1,3
BRDA:252,28,0,1
BRDA:252,28,1,1
BRDA:267,29,0,1
BRDA:267,29,1,3
BRDA:269,30,0,2
BRDA:269,30,1,1
BRDA:285,31,0,1
BRDA:285,31,1,2
BRDA:293,32,0,1
BRDA:293,32,1,1
BRF:66
BRH:65
end_of_record
TN:
SF:controllers/companies.js
FN:10,(anonymous_0)
FN:11,(anonymous_1)
FN:14,(anonymous_2)
FN:30,(anonymous_3)
FN:57,(anonymous_4)
FN:100,(anonymous_5)
FN:110,(anonymous_6)
FN:118,(anonymous_7)
FN:176,(anonymous_8)
FN:199,(anonymous_9)
FN:206,(anonymous_10)
FN:262,(anonymous_11)
FN:278,(anonymous_12)
FN:289,(anonymous_13)
FN:329,(anonymous_14)
FN:352,(anonymous_15)
FN:357,(anonymous_16)
FNF:17
FNH:17
FNDA:5,(anonymous_0)
FNDA:5,(anonymous_1)
FNDA:5,(anonymous_2)
FNDA:12,(anonymous_3)
FNDA:5,(anonymous_4)
FNDA:6,(anonymous_5)
FNDA:24,(anonymous_6)
FNDA:1,(anonymous_7)
FNDA:4,(anonymous_8)
FNDA:7,(anonymous_9)
FNDA:48,(anonymous_10)
FNDA:1,(anonymous_11)
FNDA:6,(anonymous_12)
FNDA:6,(anonymous_13)
FNDA:4,(anonymous_14)
FNDA:1,(anonymous_15)
FNDA:2,(anonymous_16)
DA:1,3
DA:2,3
DA:3,3
DA:4,3
DA:5,3
DA:6,3
DA:7,3
DA:10,3
DA:11,5
DA:12,5
DA:15,5
DA:16,4
DA:21,1
DA:25,5
DA:30,3
DA:31,12
DA:32,12
DA:34,12
DA:37,11
DA:38,4
DA:39,3
DA:40,3
DA:44,10
DA:45,1
DA:46,1
DA:47,1
DA:48,1
DA:49,1
DA:53,10
DA:57,3
DA:63,5
DA:66,5
DA:69,5
DA:72,5
DA:73,1
DA:76,1
DA:77,1
DA:81,4
DA:94,4
DA:100,3
DA:104,6
DA:107,6
DA:110,24
DA:113,6
DA:116,6
DA:118,1
DA:122,6
DA:125,6
DA:126,1
DA:127,1
DA:131,6
DA:132,1
DA:133,1
DA:135,5
DA:139,6
DA:140,6
DA:141,6
DA:142,6
DA:144,6
DA:145,6
DA:146,5
DA:149,5
DA:152,5
DA:154,5
DA:155,1
DA:157,5
DA:158,1
DA:161,5
DA:168,1
DA:169,1
DA:176,3
DA:177,4
DA:178,4
DA:180,2
DA:181,1
DA:187,1
DA:189,2
DA:190,1
DA:191,1
DA:192,1
DA:199,3
DA:200,7
DA:201,7
DA:202,7
DA:203,7
DA:206,7
DA:207,48
DA:212,1
DA:216,7
DA:219,7
DA:220,1
DA:223,1
DA:224,1
DA:229,6
DA:230,5
DA:231,5
DA:234,5
DA:241,4
DA:244,4
DA:247,4
DA:249,3
DA:250,3
DA:252,3
DA:258,4
DA:259,4
DA:261,4
DA:262,1
DA:263,1
DA:265,1
DA:268,4
DA:269,2
DA:270,2
DA:271,2
DA:278,3
DA:279,6
DA:281,6
DA:282,6
DA:283,6
DA:284,6
DA:285,6
DA:286,6
DA:289,6
DA:290,6
DA:295,2
DA:300,6
DA:301,6
DA:303,6
DA:308,3
DA:309,1
DA:315,2
DA:317,3
DA:318,1
DA:319,2
DA:320,1
DA:321,1
DA:322,1
DA:329,3
DA:330,4
DA:332,4
DA:333,4
DA:335,4
DA:336,4
DA:338,2
DA:339,1
DA:340,1
DA:342,1
DA:349,1
DA:350,1
DA:351,1
DA:352,1
DA:355,1
DA:356,1
DA:357,2
DA:362,1
DA:363,1
DA:364,1
DA:367,1
DA:368,1
DA:371,1
DA:372,1
DA:374,1
DA:376,2
DA:377,2
DA:379,2
DA:380,1
DA:383,1
DA:384,1
LF:167
LH:167
BRDA:15,0,0,4
BRDA:15,0,1,1
BRDA:21,1,0,1
BRDA:21,1,1,1
BRDA:34,2,0,1
BRDA:34,2,1,11
BRDA:37,3,0,4
BRDA:37,3,1,7
BRDA:44,4,0,1
BRDA:44,4,1,9
BRDA:72,5,0,1
BRDA:72,5,1,4
BRDA:125,6,0,1
BRDA:125,6,1,5
BRDA:131,7,0,1
BRDA:131,7,1,5
BRDA:139,8,0,6
BRDA:139,8,1,4
BRDA:140,9,0,6
BRDA:140,9,1,4
BRDA:154,10,0,1
BRDA:154,10,1,4
BRDA:157,11,0,1
BRDA:157,11,1,4
BRDA:180,12,0,1
BRDA:180,12,1,1
BRDA:189,13,0,1
BRDA:189,13,1,1
BRDA:207,14,0,1
BRDA:207,14,1,47
BRDA:208,15,0,48
BRDA:208,15,1,48
BRDA:208,15,2,48
BRDA:219,16,0,1
BRDA:219,16,1,6
BRDA:219,17,0,7
BRDA:219,17,1,6
BRDA:219,17,2,6
BRDA:261,18,0,1
BRDA:261,18,1,3
BRDA:268,19,0,2
BRDA:268,19,1,2
BRDA:290,20,0,2
BRDA:290,20,1,4
BRDA:291,21,0,6
BRDA:291,21,1,5
BRDA:291,21,2,4
BRDA:308,22,0,1
BRDA:308,22,1,2
BRDA:317,23,0,1
BRDA:317,23,1,2
BRDA:319,24,0,1
BRDA:319,24,1,1
BRDA:338,25,0,1
BRDA:338,25,1,1
BRDA:350,26,0,1
BRDA:350,26,1,0
BRDA:351,27,0,1
BRDA:351,27,1,0
BRDA:355,28,0,1
BRDA:355,28,1,0
BRDA:367,29,0,1
BRDA:367,29,1,0
BRDA:379,30,0,1
BRDA:379,30,1,1
BRF:65
BRH:61
end_of_record
TN:
SF:controllers/payments.js
FN:12,(anonymous_0)
FN:13,(anonymous_1)
FN:15,(anonymous_2)
FN:21,(anonymous_3)
FN:39,(anonymous_4)
FN:74,(anonymous_5)
FN:82,(anonymous_6)
FN:88,(anonymous_7)
FN:159,(anonymous_8)
FN:200,(anonymous_9)
FN:277,(anonymous_10)
FN:288,(anonymous_11)
FN:348,(anonymous_12)
FN:359,(anonymous_13)
FNF:14
FNH:14
FNDA:9,(anonymous_0)
FNDA:8,(anonymous_1)
FNDA:2,(anonymous_2)
FNDA:8,(anonymous_3)
FNDA:20,(anonymous_4)
FNDA:7,(anonymous_5)
FNDA:28,(anonymous_6)
FNDA:1,(anonymous_7)
FNDA:7,(anonymous_8)
FNDA:10,(anonymous_9)
FNDA:1,(anonymous_10)
FNDA:11,(anonymous_11)
FNDA:1,(anonymous_12)
FNDA:8,(anonymous_13)
DA:1,3
DA:2,3
DA:5,3
DA:6,3
DA:9,3
DA:12,9
DA:13,8
DA:16,2
DA:17,2
DA:18,2
DA:21,3
DA:22,8
DA:23,1
DA:24,7
DA:25,1
DA:26,6
DA:27,3
DA:28,3
DA:29,1
DA:30,2
DA:34,1
DA:36,1
DA:39,3
DA:40,20
DA:42,7
DA:43,4
DA:45,2
DA:46,2
DA:52,0
DA:56,0
DA:57,0
DA:60,0
DA:63,3
DA:65,3
DA:74,3
DA:78,7
DA:81,7
DA:82,28
DA:85,7
DA:86,7
DA:88,1
DA:90,7
DA:93,7
DA:94,3
DA:96,3
DA:97,1
DA:102,2
DA:106,6
DA:109,6
DA:110,1
DA:111,1
DA:115,6
DA:116,1
DA:117,1
DA:119,5
DA:123,6
DA:124,6
DA:125,6
DA:126,6
DA:128,6
DA:129,6
DA:130,5
DA:132,5
DA:135,5
DA:137,5
DA:138,1
DA:140,5
DA:141,1
DA:144,5
DA:151,1
DA:152,1
DA:159,3
DA:160,7
DA:161,7
DA:165,6
DA:166,1
DA:172,5
DA:173,5
DA:174,2
DA:175,1
DA:181,3
DA:182,2
DA:187,1
DA:190,1
DA:192,2
DA:193,2
DA:200,3
DA:201,10
DA:202,10
DA:203,10
DA:205,10
DA:206,1
DA:212,9
DA:216,1
DA:222,8
DA:224,8
DA:225,1
DA:230,7
DA:231,7
DA:233,7
DA:234,10
DA:235,10
DA:236,1
DA:242,9
DA:243,1
DA:249,8
DA:250,8
DA:251,7
DA:252,7
DA:256,5
DA:257,5
DA:274,3
DA:276,2
DA:277,1
DA:278,1
DA:280,1
DA:281,1
DA:288,3
DA:289,11
DA:290,11
DA:292,10
DA:293,1
DA:299,9
DA:300,9
DA:301,9
DA:302,1
DA:308,0
DA:309,0
DA:314,0
DA:317,8
DA:319,8
DA:320,7
DA:321,7
DA:323,7
DA:324,1
DA:331,6
DA:332,6
DA:342,6
DA:345,6
DA:347,2
DA:348,1
DA:349,1
DA:351,1
DA:352,1
DA:359,3
DA:360,8
DA:361,8
DA:363,7
DA:364,1
DA:370,6
DA:371,6
DA:372,5
DA:373,1
DA:379,1
DA:380,0
DA:385,1
DA:389,4
DA:390,1
DA:395,3
DA:396,1
DA:400,2
DA:401,1
DA:406,1
DA:407,1
DA:410,1
DA:411,1
DA:421,1
DA:423,1
DA:425,2
DA:426,2
LF:170
LH:162
BRDA:12,0,0,9
BRDA:12,0,1,8
BRDA:15,1,0,0
BRDA:22,2,0,1
BRDA:22,2,1,7
BRDA:22,3,0,8
BRDA:22,3,1,1
BRDA:24,4,0,1
BRDA:24,4,1,6
BRDA:24,5,0,7
BRDA:24,5,1,1
BRDA:26,6,0,3
BRDA:26,6,1,3
BRDA:26,7,0,6
BRDA:26,7,1,6
BRDA:28,8,0,1
BRDA:28,8,1,2
BRDA:28,9,0,3
BRDA:28,9,1,3
BRDA:30,10,0,1
BRDA:30,10,1,1
BRDA:31,11,0,2
BRDA:31,11,1,0
BRDA:31,11,2,2
BRDA:40,12,0,13
BRDA:40,12,1,7
BRDA:42,13,0,4
BRDA:42,13,1,3
BRDA:45,14,0,2
BRDA:45,14,1,0
BRDA:53,15,0,0
BRDA:53,15,1,0
BRDA:56,16,0,0
BRDA:56,16,1,0
BRDA:93,17,0,3
BRDA:93,17,1,4
BRDA:96,18,0,1
BRDA:96,18,1,2
BRDA:109,19,0,1
BRDA:109,19,1,5
BRDA:115,20,0,1
BRDA:115,20,1,5
BRDA:123,21,0,6
BRDA:123,21,1,4
BRDA:124,22,0,6
BRDA:124,22,1,4
BRDA:137,23,0,1
BRDA:137,23,1,4
BRDA:140,24,0,1
BRDA:140,24,1,4
BRDA:165,25,0,1
BRDA:165,25,1,5
BRDA:174,26,0,1
BRDA:174,26,1,1
BRDA:181,27,0,2
BRDA:181,27,1,1
BRDA:205,28,0,1
BRDA:205,28,1,9
BRDA:212,29,0,1
BRDA:212,29,1,8
BRDA:213,30,0,9
BRDA:213,30,1,1
BRDA:224,31,0,1
BRDA:224,31,1,7
BRDA:224,32,0,8
BRDA:224,32,1,7
BRDA:224,32,2,7
BRDA:235,33,0,1
BRDA:235,33,1,9
BRDA:242,34,0,1
BRDA:242,34,1,8
BRDA:250,35,0,7
BRDA:250,35,1,1
BRDA:276,36,0,1
BRDA:276,36,1,1
BRDA:292,37,0,1
BRDA:292,37,1,9
BRDA:301,38,0,1
BRDA:301,38,1,8
BRDA:308,39,0,0
BRDA:308,39,1,0
BRDA:319,40,0,7
BRDA:319,40,1,1
BRDA:319,41,0,8
BRDA:319,41,1,8
BRDA:323,42,0,1
BRDA:323,42,1,6
BRDA:337,43,0,6
BRDA:337,43,1,6
BRDA:338,44,0,6
BRDA:338,44,1,6
BRDA:347,45,0,1
BRDA:347,45,1,1
BRDA:363,46,0,1
BRDA:363,46,1,6
BRDA:372,47,0,1
BRDA:372,47,1,4
BRDA:379,48,0,0
BRDA:379,48,1,1
BRDA:389,49,0,1
BRDA:389,49,1,3
BRDA:395,50,0,1
BRDA:395,50,1,2
BRDA:400,51,0,1
BRDA:400,51,1,1
BRF:105
BRH:95
end_of_record
TN:
SF:middleware/auth.js
FN:5,(anonymous_0)
FN:37,(anonymous_1)
FN:38,(anonymous_2)
FNF:3
FNH:3
FNDA:10,(anonymous_0)
FNDA:28,(anonymous_1)
FNDA:8,(anonymous_2)
DA:1,3
DA:2,3
DA:5,3
DA:8,10
DA:9,8
DA:13,10
DA:14,2
DA:19,8
DA:21,8
DA:23,7
DA:25,7
DA:27,7
DA:29,1
DA:30,1
DA:37,3
DA:38,28
DA:39,8
DA:40,1
DA:45,7
LF:19
LH:19
BRDA:8,0,0,8
BRDA:8,0,1,2
BRDA:13,1,0,2
BRDA:13,1,1,8
BRDA:39,2,0,1
BRDA:39,2,1,7
BRF:6
BRH:6
end_of_record
TN:
SF:middleware/upload.js
FNF:0
FNH:0
DA:1,3
DA:4,3
DA:5,3
DA:10,3
LF:4
LH:4
BRF:0
BRH:0
end_of_record
TN:
SF:models/Booking.js
FNF:0
FNH:0
DA:1,4
DA:3,4
DA:30,4
LF:3
LH:3
BRF:0
BRH:0
end_of_record
TN:
SF:models/Company.js
FNF:0
FNH:0
DA:1,6
DA:2,6
DA:4,6
DA:82,6
DA:89,6
DA:96,6
LF:6
LH:6
BRF:0
BRH:0
end_of_record
TN:
SF:models/Payment.js
FNF:0
FNH:0
DA:1,5
DA:3,5
DA:80,5
LF:3
LH:3
BRF:0
BRH:0
end_of_record
TN:
SF:models/User.js
FN:47,(anonymous_0)
FN:53,(anonymous_1)
FN:59,(anonymous_2)
FNF:3
FNH:3
FNDA:221,(anonymous_0)
FNDA:6,(anonymous_1)
FNDA:4,(anonymous_2)
DA:1,7
DA:2,7
DA:3,7
DA:5,7
DA:47,7
DA:48,221
DA:49,221
DA:53,7
DA:54,6
DA:59,7
DA:60,4
DA:63,7
LF:12
LH:12
BRF:0
BRH:0
end_of_record
TN:
SF:routes/auth.js
FNF:0
FNH:0
DA:1,2
DA:2,2
DA:3,2
DA:5,2
DA:7,2
DA:8,2
DA:9,2
DA:10,2
DA:12,2
LF:9
LH:9
BRF:0
BRH:0
end_of_record
TN:
SF:routes/bookings.js
FNF:0
FNH:0
DA:1,2
DA:8,2
DA:9,2
DA:12,2
DA:14,2
DA:18,2
DA:24,2
LF:7
LH:7
BRF:0
BRH:0
end_of_record
TN:
SF:routes/companies.js
FNF:0
FNH:0
DA:1,2
DA:8,2
DA:9,2
DA:10,2
DA:11,2
DA:12,2
DA:14,2
DA:17,2
DA:18,2
DA:20,2
DA:32,2
DA:46,2
LF:12
LH:12
BRF:0
BRH:0
end_of_record
TN:
SF:routes/payments.js
FNF:0
FNH:0
DA:1,2
DA:8,2
DA:9,2
DA:12,2
DA:14,2
DA:18,2
DA:24,2
LF:7
LH:7
BRF:0
BRH:0
end_of_record
