TN:
SF:server.js
FN:43,(anonymous_0)
FN:137,(anonymous_1)
FN:142,(anonymous_2)
FNF:3
FNH:1
FNDA:13,(anonymous_0)
FNDA:0,(anonymous_1)
FNDA:0,(anonymous_2)
DA:1,2
DA:2,2
DA:3,2
DA:4,2
DA:5,2
DA:6,2
DA:7,2
DA:8,2
DA:9,2
DA:10,2
DA:11,2
DA:14,2
DA:17,2
DA:18,0
DA:22,2
DA:23,2
DA:24,2
DA:25,2
DA:27,2
DA:28,2
DA:30,2
DA:31,2
DA:34,2
DA:37,2
DA:40,2
DA:43,2
DA:44,13
DA:50,13
DA:54,2
DA:57,2
DA:75,2
DA:78,2
DA:82,2
DA:85,2
DA:88,2
DA:91,2
DA:108,2
DA:117,2
DA:124,2
DA:125,2
DA:126,2
DA:127,2
DA:130,2
DA:131,0
DA:137,2
DA:138,0
DA:141,0
DA:142,0
DA:144,0
DA:148,2
LF:50
LH:44
BRDA:17,0,0,0
BRDA:17,0,1,2
BRDA:30,1,0,2
BRDA:30,1,1,2
BRDA:31,2,0,2
BRDA:31,2,1,2
BRDA:130,3,0,0
BRDA:130,3,1,2
BRDA:141,4,0,0
BRDA:141,4,1,0
BRF:10
BRH:6
end_of_record
TN:
SF:config/cloudinary.js
FNF:0
FNH:0
DA:1,1
DA:3,1
DA:9,1
LF:3
LH:3
BRF:0
BRH:0
end_of_record
TN:
SF:config/db.js
FN:3,(anonymous_0)
FNF:1
FNH:0
FNDA:0,(anonymous_0)
DA:1,2
DA:3,2
DA:4,0
DA:5,0
DA:7,0
DA:10,2
LF:6
LH:3
BRF:0
BRH:0
end_of_record
TN:
SF:controllers/auth.js
FN:5,(anonymous_0)
FN:29,(anonymous_1)
FN:58,(anonymous_2)
FN:86,(anonymous_3)
FN:119,(anonymous_4)
FNF:5
FNH:5
FNDA:6,(anonymous_0)
FNDA:6,(anonymous_1)
FNDA:6,(anonymous_2)
FNDA:5,(anonymous_3)
FNDA:2,(anonymous_4)
DA:1,3
DA:2,3
DA:5,3
DA:7,6
DA:9,6
DA:16,6
DA:17,1
DA:20,6
DA:29,3
DA:30,6
DA:31,6
DA:34,6
DA:42,3
DA:44,3
DA:45,1
DA:46,2
DA:47,1
DA:51,1
DA:58,3
DA:59,6
DA:62,6
DA:63,1
DA:69,5
DA:70,5
DA:71,1
DA:75,4
DA:76,4
DA:77,1
DA:80,3
DA:86,3
DA:87,5
DA:89,5
DA:91,4
DA:92,1
DA:96,3
DA:98,3
DA:99,2
DA:103,2
DA:106,3
DA:111,1
DA:112,1
DA:119,3
DA:120,2
DA:125,2
LF:44
LH:44
BRDA:16,0,0,1
BRDA:16,0,1,5
BRDA:44,1,0,1
BRDA:44,1,1,2
BRDA:46,2,0,1
BRDA:46,2,1,1
BRDA:62,3,0,1
BRDA:62,3,1,5
BRDA:62,4,0,6
BRDA:62,4,1,6
BRDA:70,5,0,1
BRDA:70,5,1,4
BRDA:76,6,0,1
BRDA:76,6,1,3
BRDA:91,7,0,1
BRDA:91,7,1,3
BRDA:98,8,0,2
BRDA:98,8,1,1
BRDA:103,9,0,1
BRDA:103,9,1,1
BRF:20
BRH:20
end_of_record
TN:
SF:controllers/bookings.js
FN:9,(anonymous_0)
FN:10,(anonymous_1)
FN:27,(anonymous_2)
FN:51,(anonymous_3)
FN:57,(anonymous_4)
FN:63,(anonymous_5)
FN:144,(anonymous_6)
FN:178,(anonymous_7)
FN:225,(anonymous_8)
FN:276,(anonymous_9)
FNF:10
FNH:10
FNDA:8,(anonymous_0)
FNDA:15,(anonymous_1)
FNDA:9,(anonymous_2)
FNDA:9,(anonymous_3)
FNDA:36,(anonymous_4)
FNDA:1,(anonymous_5)
FNDA:9,(anonymous_6)
FNDA:8,(anonymous_7)
FNDA:8,(anonymous_8)
FNDA:4,(anonymous_9)
DA:1,3
DA:2,3
DA:5,3
DA:6,3
DA:9,8
DA:10,3
DA:11,15
DA:13,13
DA:15,12
DA:16,1
DA:18,1
DA:19,0
DA:22,1
DA:25,11
DA:27,3
DA:28,9
DA:29,6
DA:30,3
DA:31,2
DA:32,2
DA:33,1
DA:35,1
DA:38,8
DA:43,8
DA:45,8
DA:51,3
DA:53,9
DA:56,9
DA:57,36
DA:60,9
DA:61,9
DA:63,1
DA:65,9
DA:67,9
DA:68,9
DA:74,9
DA:75,1
DA:81,8
DA:86,8
DA:87,1
DA:88,1
DA:91,8
DA:92,1
DA:93,1
DA:95,7
DA:99,8
DA:100,8
DA:101,8
DA:102,8
DA:103,8
DA:105,6
DA:106,6
DA:109,6
DA:111,6
DA:112,1
DA:118,6
DA:119,1
DA:125,6
DA:132,2
DA:133,1
DA:136,1
DA:137,1
DA:144,3
DA:145,9
DA:146,9
DA:152,8
DA:153,1
DA:160,7
DA:161,7
DA:162,4
DA:168,3
DA:170,1
DA:171,1
DA:178,3
DA:179,8
DA:180,8
DA:182,7
DA:183,1
DA:189,6
DA:190,1
DA:196,5
DA:197,4
DA:199,4
DA:200,1
DA:207,4
DA:213,3
DA:215,2
DA:216,1
DA:217,1
DA:218,1
DA:225,3
DA:226,8
DA:227,8
DA:229,7
DA:230,1
DA:236,6
DA:237,6
DA:238,1
DA:245,5
DA:246,2
DA:247,2
DA:248,1
DA:255,4
DA:260,1
DA:262,4
DA:263,1
DA:264,3
DA:265,2
DA:268,1
DA:269,1
DA:276,3
DA:277,4
DA:278,4
DA:280,3
DA:281,1
DA:287,2
DA:288,2
DA:289,1
DA:295,1
DA:297,1
DA:299,1
DA:300,1
LF:122
LH:121
BRDA:9,0,0,8
BRDA:9,0,1,8
BRDA:11,1,0,2
BRDA:11,1,1,13
BRDA:13,2,0,1
BRDA:13,2,1,12
BRDA:15,3,0,1
BRDA:15,3,1,11
BRDA:18,4,0,0
BRDA:18,4,1,1
BRDA:28,5,0,6
BRDA:28,5,1,3
BRDA:29,6,0,2
BRDA:29,6,1,4
BRDA:30,7,0,2
BRDA:30,7,1,1
BRDA:32,8,0,1
BRDA:32,8,1,1
BRDA:74,9,0,1
BRDA:74,9,1,8
BRDA:86,10,0,1
BRDA:86,10,1,7
BRDA:91,11,0,1
BRDA:91,11,1,7
BRDA:99,12,0,8
BRDA:99,12,1,7
BRDA:100,13,0,8
BRDA:100,13,1,7
BRDA:111,14,0,1
BRDA:111,14,1,5
BRDA:118,15,0,1
BRDA:118,15,1,5
BRDA:132,16,0,1
BRDA:132,16,1,1
BRDA:152,17,0,1
BRDA:152,17,1,7
BRDA:161,18,0,4
BRDA:161,18,1,3
BRDA:182,19,0,1
BRDA:182,19,1,6
BRDA:189,20,0,1
BRDA:189,20,1,5
BRDA:196,21,0,4
BRDA:196,21,1,1
BRDA:199,22,0,1
BRDA:199,22,1,3
BRDA:215,23,0,1
BRDA:215,23,1,1
BRDA:229,24,0,1
BRDA:229,24,1,6
BRDA:237,25,0,1
BRDA:237,25,1,5
BRDA:245,26,0,2
BRDA:245,26,1,3
BRDA:247,27,0,1
BRDA:247,27,1,1
BRDA:262,28,0,1
BRDA:262,28,1,3
BRDA:264,29,0,2
BRDA:264,29,1,1
BRDA:280,30,0,1
BRDA:280,30,1,2
BRDA:288,31,0,1
BRDA:288,31,1,1
BRF:64
BRH:63
end_of_record
TN:
SF:controllers/companies.js
FN:10,(anonymous_0)
FN:11,(anonymous_1)
FN:14,(anonymous_2)
FN:30,(anonymous_3)
FN:57,(anonymous_4)
FN:100,(anonymous_5)
FN:110,(anonymous_6)
FN:118,(anonymous_7)
FN:176,(anonymous_8)
FN:199,(anonymous_9)
FN:206,(anonymous_10)
FN:262,(anonymous_11)
FN:278,(anonymous_12)
FN:289,(anonymous_13)
FN:329,(anonymous_14)
FN:352,(anonymous_15)
FN:357,(anonymous_16)
FNF:17
FNH:17
FNDA:5,(anonymous_0)
FNDA:5,(anonymous_1)
FNDA:5,(anonymous_2)
FNDA:11,(anonymous_3)
FNDA:4,(anonymous_4)
FNDA:6,(anonymous_5)
FNDA:24,(anonymous_6)
FNDA:1,(anonymous_7)
FNDA:4,(anonymous_8)
FNDA:6,(anonymous_9)
FNDA:38,(anonymous_10)
FNDA:1,(anonymous_11)
FNDA:6,(anonymous_12)
FNDA:6,(anonymous_13)
FNDA:4,(anonymous_14)
FNDA:1,(anonymous_15)
FNDA:2,(anonymous_16)
DA:1,3
DA:2,3
DA:3,3
DA:4,3
DA:5,3
DA:6,3
DA:7,3
DA:10,3
DA:11,5
DA:12,5
DA:15,5
DA:16,4
DA:21,1
DA:25,5
DA:30,3
DA:31,11
DA:32,11
DA:34,11
DA:37,11
DA:38,4
DA:39,3
DA:40,3
DA:44,10
DA:45,1
DA:46,1
DA:47,1
DA:48,1
DA:49,1
DA:53,10
DA:57,3
DA:63,4
DA:66,4
DA:69,4
DA:72,4
DA:73,1
DA:76,1
DA:77,1
DA:81,3
DA:94,3
DA:100,3
DA:104,6
DA:107,6
DA:110,24
DA:113,6
DA:116,6
DA:118,1
DA:122,6
DA:125,6
DA:126,1
DA:127,1
DA:131,6
DA:132,1
DA:133,1
DA:135,5
DA:139,6
DA:140,6
DA:141,6
DA:142,6
DA:144,6
DA:145,6
DA:146,5
DA:149,5
DA:152,5
DA:154,5
DA:155,1
DA:157,5
DA:158,1
DA:161,5
DA:168,1
DA:169,1
DA:176,3
DA:177,4
DA:178,4
DA:180,2
DA:181,1
DA:187,1
DA:189,2
DA:190,1
DA:191,1
DA:192,1
DA:199,3
DA:200,6
DA:201,6
DA:202,6
DA:203,6
DA:206,6
DA:207,38
DA:212,1
DA:216,6
DA:219,6
DA:220,1
DA:223,1
DA:224,1
DA:229,5
DA:230,4
DA:231,4
DA:234,4
DA:241,3
DA:244,3
DA:247,3
DA:249,2
DA:250,2
DA:252,2
DA:258,4
DA:259,4
DA:261,4
DA:262,1
DA:263,1
DA:265,1
DA:268,4
DA:269,2
DA:270,2
DA:271,2
DA:278,3
DA:279,6
DA:281,6
DA:282,6
DA:283,6
DA:284,6
DA:285,6
DA:286,6
DA:289,6
DA:290,6
DA:295,2
DA:300,6
DA:301,6
DA:303,6
DA:308,3
DA:309,1
DA:315,2
DA:317,3
DA:318,1
DA:319,2
DA:320,1
DA:321,1
DA:322,1
DA:329,3
DA:330,4
DA:332,4
DA:333,4
DA:335,4
DA:336,4
DA:338,2
DA:339,1
DA:340,1
DA:342,1
DA:349,1
DA:350,1
DA:351,1
DA:352,1
DA:355,1
DA:356,1
DA:357,2
DA:362,1
DA:363,1
DA:364,1
DA:367,1
DA:368,1
DA:371,1
DA:372,1
DA:374,1
DA:376,2
DA:377,2
DA:379,2
DA:380,1
DA:383,1
DA:384,1
LF:167
LH:167
BRDA:15,0,0,4
BRDA:15,0,1,1
BRDA:21,1,0,1
BRDA:21,1,1,0
BRDA:34,2,0,0
BRDA:34,2,1,11
BRDA:37,3,0,4
BRDA:37,3,1,7
BRDA:44,4,0,1
BRDA:44,4,1,9
BRDA:72,5,0,1
BRDA:72,5,1,3
BRDA:125,6,0,1
BRDA:125,6,1,5
BRDA:131,7,0,1
BRDA:131,7,1,5
BRDA:139,8,0,6
BRDA:139,8,1,4
BRDA:140,9,0,6
BRDA:140,9,1,4
BRDA:154,10,0,1
BRDA:154,10,1,4
BRDA:157,11,0,1
BRDA:157,11,1,4
BRDA:180,12,0,1
BRDA:180,12,1,1
BRDA:189,13,0,1
BRDA:189,13,1,1
BRDA:207,14,0,1
BRDA:207,14,1,37
BRDA:208,15,0,38
BRDA:208,15,1,38
BRDA:208,15,2,38
BRDA:219,16,0,1
BRDA:219,16,1,5
BRDA:219,17,0,6
BRDA:219,17,1,5
BRDA:219,17,2,5
BRDA:261,18,0,1
BRDA:261,18,1,3
BRDA:268,19,0,2
BRDA:268,19,1,2
BRDA:290,20,0,2
BRDA:290,20,1,4
BRDA:291,21,0,6
BRDA:291,21,1,5
BRDA:291,21,2,4
BRDA:308,22,0,1
BRDA:308,22,1,2
BRDA:317,23,0,1
BRDA:317,23,1,2
BRDA:319,24,0,1
BRDA:319,24,1,1
BRDA:338,25,0,1
BRDA:338,25,1,1
BRDA:350,26,0,1
BRDA:350,26,1,0
BRDA:351,27,0,1
BRDA:351,27,1,0
BRDA:355,28,0,1
BRDA:355,28,1,0
BRDA:367,29,0,1
BRDA:367,29,1,0
BRDA:379,30,0,1
BRDA:379,30,1,1
BRF:65
BRH:59
end_of_record
TN:
SF:controllers/payments.js
FN:12,(anonymous_0)
FN:13,(anonymous_1)
FN:14,(anonymous_2)
FN:32,(anonymous_3)
FN:47,(anonymous_4)
FN:55,(anonymous_5)
FN:61,(anonymous_6)
FN:132,(anonymous_7)
FN:161,(anonymous_8)
FN:234,(anonymous_9)
FN:245,(anonymous_10)
FN:295,(anonymous_11)
FN:306,(anonymous_12)
FNF:13
FNH:13
FNDA:9,(anonymous_0)
FNDA:8,(anonymous_1)
FNDA:8,(anonymous_2)
FNDA:17,(anonymous_3)
FNDA:7,(anonymous_4)
FNDA:28,(anonymous_5)
FNDA:1,(anonymous_6)
FNDA:5,(anonymous_7)
FNDA:10,(anonymous_8)
FNDA:1,(anonymous_9)
FNDA:11,(anonymous_10)
FNDA:1,(anonymous_11)
FNDA:7,(anonymous_12)
DA:1,3
DA:2,3
DA:5,3
DA:6,3
DA:9,3
DA:12,9
DA:13,8
DA:14,3
DA:15,8
DA:16,1
DA:17,7
DA:18,3
DA:19,4
DA:20,1
DA:21,3
DA:22,1
DA:23,2
DA:27,1
DA:29,1
DA:32,3
DA:33,17
DA:35,4
DA:36,1
DA:38,1
DA:41,3
DA:47,3
DA:51,7
DA:54,7
DA:55,28
DA:58,7
DA:59,7
DA:61,1
DA:63,7
DA:66,7
DA:67,3
DA:69,3
DA:70,1
DA:75,2
DA:79,6
DA:82,6
DA:83,1
DA:84,1
DA:88,6
DA:89,1
DA:90,1
DA:92,5
DA:96,6
DA:97,6
DA:98,6
DA:99,6
DA:101,6
DA:102,6
DA:103,5
DA:105,5
DA:108,5
DA:110,5
DA:111,1
DA:113,5
DA:114,1
DA:117,5
DA:124,1
DA:125,1
DA:132,3
DA:133,5
DA:134,5
DA:136,4
DA:137,1
DA:143,3
DA:144,3
DA:145,2
DA:151,1
DA:153,1
DA:154,1
DA:161,3
DA:162,10
DA:163,10
DA:164,10
DA:166,10
DA:167,1
DA:173,9
DA:177,1
DA:183,8
DA:185,8
DA:186,1
DA:191,7
DA:192,7
DA:194,7
DA:195,10
DA:196,10
DA:197,1
DA:203,9
DA:204,1
DA:210,8
DA:211,8
DA:212,7
DA:213,7
DA:217,5
DA:218,5
DA:231,3
DA:233,2
DA:234,1
DA:235,1
DA:237,1
DA:238,1
DA:245,3
DA:246,11
DA:247,11
DA:249,10
DA:250,1
DA:256,9
DA:257,9
DA:258,1
DA:264,8
DA:266,8
DA:267,7
DA:268,7
DA:270,7
DA:271,1
DA:278,6
DA:279,6
DA:289,6
DA:292,6
DA:294,2
DA:295,1
DA:296,1
DA:298,1
DA:299,1
DA:306,3
DA:307,7
DA:308,7
DA:310,6
DA:311,1
DA:317,5
DA:318,5
DA:319,1
DA:326,4
DA:327,1
DA:332,3
DA:333,1
DA:337,2
DA:338,1
DA:343,1
DA:344,1
DA:347,1
DA:348,1
DA:358,1
DA:360,1
DA:362,1
DA:363,1
LF:149
LH:149
BRDA:12,0,0,9
BRDA:12,0,1,8
BRDA:15,1,0,1
BRDA:15,1,1,7
BRDA:15,2,0,8
BRDA:15,2,1,1
BRDA:17,3,0,3
BRDA:17,3,1,4
BRDA:17,4,0,7
BRDA:17,4,1,5
BRDA:19,5,0,1
BRDA:19,5,1,3
BRDA:19,6,0,4
BRDA:19,6,1,2
BRDA:21,7,0,1
BRDA:21,7,1,2
BRDA:21,8,0,3
BRDA:21,8,1,1
BRDA:23,9,0,1
BRDA:23,9,1,1
BRDA:24,10,0,2
BRDA:24,10,1,2
BRDA:24,10,2,2
BRDA:33,11,0,13
BRDA:33,11,1,4
BRDA:35,12,0,1
BRDA:35,12,1,3
BRDA:66,13,0,3
BRDA:66,13,1,4
BRDA:69,14,0,1
BRDA:69,14,1,2
BRDA:82,15,0,1
BRDA:82,15,1,5
BRDA:88,16,0,1
BRDA:88,16,1,5
BRDA:96,17,0,6
BRDA:96,17,1,4
BRDA:97,18,0,6
BRDA:97,18,1,4
BRDA:110,19,0,1
BRDA:110,19,1,4
BRDA:113,20,0,1
BRDA:113,20,1,4
BRDA:136,21,0,1
BRDA:136,21,1,3
BRDA:144,22,0,2
BRDA:144,22,1,1
BRDA:166,23,0,1
BRDA:166,23,1,9
BRDA:173,24,0,1
BRDA:173,24,1,8
BRDA:174,25,0,9
BRDA:174,25,1,1
BRDA:185,26,0,1
BRDA:185,26,1,7
BRDA:185,27,0,8
BRDA:185,27,1,7
BRDA:185,27,2,7
BRDA:196,28,0,1
BRDA:196,28,1,9
BRDA:203,29,0,1
BRDA:203,29,1,8
BRDA:211,30,0,7
BRDA:211,30,1,1
BRDA:233,31,0,1
BRDA:233,31,1,1
BRDA:249,32,0,1
BRDA:249,32,1,9
BRDA:257,33,0,1
BRDA:257,33,1,8
BRDA:266,34,0,7
BRDA:266,34,1,1
BRDA:266,35,0,8
BRDA:266,35,1,8
BRDA:270,36,0,1
BRDA:270,36,1,6
BRDA:284,37,0,6
BRDA:284,37,1,6
BRDA:285,38,0,6
BRDA:285,38,1,6
BRDA:294,39,0,1
BRDA:294,39,1,1
BRDA:310,40,0,1
BRDA:310,40,1,5
BRDA:318,41,0,1
BRDA:318,41,1,4
BRDA:326,42,0,1
BRDA:326,42,1,3
BRDA:332,43,0,1
BRDA:332,43,1,2
BRDA:337,44,0,1
BRDA:337,44,1,1
BRF:92
BRH:92
end_of_record
TN:
SF:middleware/auth.js
FN:5,(anonymous_0)
FN:37,(anonymous_1)
FN:38,(anonymous_2)
FNF:3
FNH:3
FNDA:10,(anonymous_0)
FNDA:28,(anonymous_1)
FNDA:8,(anonymous_2)
DA:1,3
DA:2,3
DA:5,3
DA:8,10
DA:9,8
DA:13,10
DA:14,2
DA:19,8
DA:21,8
DA:23,7
DA:25,7
DA:27,7
DA:29,1
DA:30,1
DA:37,3
DA:38,28
DA:39,8
DA:40,1
DA:45,7
LF:19
LH:19
BRDA:8,0,0,8
BRDA:8,0,1,2
BRDA:13,1,0,2
BRDA:13,1,1,8
BRDA:39,2,0,1
BRDA:39,2,1,7
BRF:6
BRH:6
end_of_record
TN:
SF:middleware/upload.js
FNF:0
FNH:0
DA:1,3
DA:4,3
DA:5,3
DA:10,3
LF:4
LH:4
BRF:0
BRH:0
end_of_record
TN:
SF:models/Booking.js
FNF:0
FNH:0
DA:1,4
DA:3,4
DA:30,4
LF:3
LH:3
BRF:0
BRH:0
end_of_record
TN:
SF:models/Company.js
FNF:0
FNH:0
DA:1,6
DA:2,6
DA:4,6
DA:82,6
DA:89,6
DA:96,6
LF:6
LH:6
BRF:0
BRH:0
end_of_record
TN:
SF:models/Payment.js
FNF:0
FNH:0
DA:1,4
DA:3,4
DA:80,4
LF:3
LH:3
BRF:0
BRH:0
end_of_record
TN:
SF:models/User.js
FN:47,(anonymous_0)
FN:53,(anonymous_1)
FN:59,(anonymous_2)
FNF:3
FNH:3
FNDA:208,(anonymous_0)
FNDA:6,(anonymous_1)
FNDA:4,(anonymous_2)
DA:1,7
DA:2,7
DA:3,7
DA:5,7
DA:47,7
DA:48,208
DA:49,208
DA:53,7
DA:54,6
DA:59,7
DA:60,4
DA:63,7
LF:12
LH:12
BRF:0
BRH:0
end_of_record
TN:
SF:routes/auth.js
FNF:0
FNH:0
DA:1,2
DA:2,2
DA:3,2
DA:5,2
DA:7,2
DA:8,2
DA:9,2
DA:10,2
DA:12,2
LF:9
LH:9
BRF:0
BRH:0
end_of_record
TN:
SF:routes/bookings.js
FNF:0
FNH:0
DA:1,2
DA:8,2
DA:9,2
DA:12,2
DA:14,2
DA:18,2
DA:24,2
LF:7
LH:7
BRF:0
BRH:0
end_of_record
TN:
SF:routes/companies.js
FNF:0
FNH:0
DA:1,2
DA:8,2
DA:9,2
DA:10,2
DA:11,2
DA:12,2
DA:14,2
DA:17,2
DA:18,2
DA:20,2
DA:32,2
DA:46,2
LF:12
LH:12
BRF:0
BRH:0
end_of_record
TN:
SF:routes/payments.js
FNF:0
FNH:0
DA:1,2
DA:8,2
DA:9,2
DA:12,2
DA:14,2
DA:18,2
DA:24,2
LF:7
LH:7
BRF:0
BRH:0
end_of_record
